[3.169s] Invoking command in '/home/molyo/EEL4842/eel4842_ws/src/wall_following': BYOBU_DATE=%Y-%m-%d PYTHONPATH=/home/molyo/EEL4842/eel4842_ws/build/wall_following/prefix_override:/home/molyo/EEL4842/eel4842_ws/install/wall_following/lib/python3.10/site-packages:${PYTHONPATH} /usr/bin/python3 setup.py egg_info --egg-base ../../build/wall_following build --build-base /home/molyo/EEL4842/eel4842_ws/build/wall_following/build install --record /home/molyo/EEL4842/eel4842_ws/build/wall_following/install.log --single-version-externally-managed
[3.426s] running egg_info
[3.426s] writing ../../build/wall_following/wall_following.egg-info/PKG-INFO
[3.426s] writing dependency_links to ../../build/wall_following/wall_following.egg-info/dependency_links.txt
[3.426s] writing entry points to ../../build/wall_following/wall_following.egg-info/entry_points.txt
[3.427s] writing requirements to ../../build/wall_following/wall_following.egg-info/requires.txt
[3.427s] writing top-level names to ../../build/wall_following/wall_following.egg-info/top_level.txt
[3.429s] reading manifest file '../../build/wall_following/wall_following.egg-info/SOURCES.txt'
[3.429s] writing manifest file '../../build/wall_following/wall_following.egg-info/SOURCES.txt'
[3.430s] running build
[3.430s] running build_py
[3.430s] copying wall_following/wall_follow.py -> /home/molyo/EEL4842/eel4842_ws/build/wall_following/build/lib/wall_following
[3.430s] running install
[3.430s] running install_lib
[3.431s] copying /home/molyo/EEL4842/eel4842_ws/build/wall_following/build/lib/wall_following/wall_follow.py -> /home/molyo/EEL4842/eel4842_ws/install/wall_following/lib/python3.10/site-packages/wall_following
[3.432s] byte-compiling /home/molyo/EEL4842/eel4842_ws/install/wall_following/lib/python3.10/site-packages/wall_following/wall_follow.py to wall_follow.cpython-310.pyc
[3.433s] running install_data
[3.434s] running install_egg_info
[3.436s] removing '/home/molyo/EEL4842/eel4842_ws/install/wall_following/lib/python3.10/site-packages/wall_following-1.0-py3.10.egg-info' (and everything under it)
[3.436s] Copying ../../build/wall_following/wall_following.egg-info to /home/molyo/EEL4842/eel4842_ws/install/wall_following/lib/python3.10/site-packages/wall_following-1.0-py3.10.egg-info
[3.437s] running install_scripts
[3.455s] Installing wall_follow script to /home/molyo/EEL4842/eel4842_ws/install/wall_following/lib/wall_following
[3.456s] writing list of installed files to '/home/molyo/EEL4842/eel4842_ws/build/wall_following/install.log'
[3.589s] Invoked command in '/home/molyo/EEL4842/eel4842_ws/src/wall_following' returned '0': BYOBU_DATE=%Y-%m-%d PYTHONPATH=/home/molyo/EEL4842/eel4842_ws/build/wall_following/prefix_override:/home/molyo/EEL4842/eel4842_ws/install/wall_following/lib/python3.10/site-packages:${PYTHONPATH} /usr/bin/python3 setup.py egg_info --egg-base ../../build/wall_following build --build-base /home/molyo/EEL4842/eel4842_ws/build/wall_following/build install --record /home/molyo/EEL4842/eel4842_ws/build/wall_following/install.log --single-version-externally-managed
