[1.559s] Invoking command in '/home/molyo/EEL4842/eel4842_ws/src/lidar': BYOBU_DATE=%Y-%m-%d PYTHONPATH=/home/molyo/EEL4842/eel4842_ws/build/lidar/prefix_override:/home/molyo/EEL4842/eel4842_ws/install/lidar/lib/python3.10/site-packages:${PYTHONPATH} /usr/bin/python3 setup.py egg_info --egg-base ../../build/lidar build --build-base /home/molyo/EEL4842/eel4842_ws/build/lidar/build install --record /home/molyo/EEL4842/eel4842_ws/build/lidar/install.log --single-version-externally-managed
[1.790s] running egg_info
[1.791s] writing ../../build/lidar/lidar.egg-info/PKG-INFO
[1.791s] writing dependency_links to ../../build/lidar/lidar.egg-info/dependency_links.txt
[1.791s] writing entry points to ../../build/lidar/lidar.egg-info/entry_points.txt
[1.791s] writing requirements to ../../build/lidar/lidar.egg-info/requires.txt
[1.791s] writing top-level names to ../../build/lidar/lidar.egg-info/top_level.txt
[1.792s] reading manifest file '../../build/lidar/lidar.egg-info/SOURCES.txt'
[1.793s] writing manifest file '../../build/lidar/lidar.egg-info/SOURCES.txt'
[1.793s] running build
[1.793s] running build_py
[1.793s] running install
[1.794s] running install_lib
[1.794s] running install_data
[1.795s] running install_egg_info
[1.796s] removing '/home/molyo/EEL4842/eel4842_ws/install/lidar/lib/python3.10/site-packages/lidar-1.0-py3.10.egg-info' (and everything under it)
[1.796s] Copying ../../build/lidar/lidar.egg-info to /home/molyo/EEL4842/eel4842_ws/install/lidar/lib/python3.10/site-packages/lidar-1.0-py3.10.egg-info
[1.797s] running install_scripts
[1.814s] Installing lidar_pointcloud script to /home/molyo/EEL4842/eel4842_ws/install/lidar/lib/lidar
[1.814s] writing list of installed files to '/home/molyo/EEL4842/eel4842_ws/build/lidar/install.log'
[1.839s] Invoked command in '/home/molyo/EEL4842/eel4842_ws/src/lidar' returned '0': BYOBU_DATE=%Y-%m-%d PYTHONPATH=/home/molyo/EEL4842/eel4842_ws/build/lidar/prefix_override:/home/molyo/EEL4842/eel4842_ws/install/lidar/lib/python3.10/site-packages:${PYTHONPATH} /usr/bin/python3 setup.py egg_info --egg-base ../../build/lidar build --build-base /home/molyo/EEL4842/eel4842_ws/build/lidar/build install --record /home/molyo/EEL4842/eel4842_ws/build/lidar/install.log --single-version-externally-managed
