running egg_info
creating ../build/lidar/lidar.egg-info
writing ../build/lidar/lidar.egg-info/PKG-INFO
writing dependency_links to ../build/lidar/lidar.egg-info/dependency_links.txt
writing entry points to ../build/lidar/lidar.egg-info/entry_points.txt
writing requirements to ../build/lidar/lidar.egg-info/requires.txt
writing top-level names to ../build/lidar/lidar.egg-info/top_level.txt
writing manifest file '../build/lidar/lidar.egg-info/SOURCES.txt'
reading manifest file '../build/lidar/lidar.egg-info/SOURCES.txt'
writing manifest file '../build/lidar/lidar.egg-info/SOURCES.txt'
running build
running build_py
creating /home/molyo/EEL4842/eel4842_ws/src/build/lidar/build
creating /home/molyo/EEL4842/eel4842_ws/src/build/lidar/build/lib
creating /home/molyo/EEL4842/eel4842_ws/src/build/lidar/build/lib/lidar
copying lidar/pointcloud.py -> /home/molyo/EEL4842/eel4842_ws/src/build/lidar/build/lib/lidar
copying lidar/__init__.py -> /home/molyo/EEL4842/eel4842_ws/src/build/lidar/build/lib/lidar
running install
running install_lib
creating /home/molyo/EEL4842/eel4842_ws/src/install/lidar/lib/python3.10/site-packages/lidar
copying /home/molyo/EEL4842/eel4842_ws/src/build/lidar/build/lib/lidar/pointcloud.py -> /home/molyo/EEL4842/eel4842_ws/src/install/lidar/lib/python3.10/site-packages/lidar
copying /home/molyo/EEL4842/eel4842_ws/src/build/lidar/build/lib/lidar/__init__.py -> /home/molyo/EEL4842/eel4842_ws/src/install/lidar/lib/python3.10/site-packages/lidar
byte-compiling /home/molyo/EEL4842/eel4842_ws/src/install/lidar/lib/python3.10/site-packages/lidar/pointcloud.py to pointcloud.cpython-310.pyc
byte-compiling /home/molyo/EEL4842/eel4842_ws/src/install/lidar/lib/python3.10/site-packages/lidar/__init__.py to __init__.cpython-310.pyc
running install_data
creating /home/molyo/EEL4842/eel4842_ws/src/install/lidar/share/ament_index
creating /home/molyo/EEL4842/eel4842_ws/src/install/lidar/share/ament_index/resource_index
creating /home/molyo/EEL4842/eel4842_ws/src/install/lidar/share/ament_index/resource_index/packages
copying resource/lidar -> /home/molyo/EEL4842/eel4842_ws/src/install/lidar/share/ament_index/resource_index/packages
copying package.xml -> /home/molyo/EEL4842/eel4842_ws/src/install/lidar/share/lidar
running install_egg_info
Copying ../build/lidar/lidar.egg-info to /home/molyo/EEL4842/eel4842_ws/src/install/lidar/lib/python3.10/site-packages/lidar-1.0-py3.10.egg-info
running install_scripts
Installing lidar_pointcloud script to /home/molyo/EEL4842/eel4842_ws/src/install/lidar/lib/lidar
writing list of installed files to '/home/molyo/EEL4842/eel4842_ws/src/build/lidar/install.log'
