[2.350s] Invoking command in '/home/molyo/EEL4842/eel4842_ws/src/lidar': BYOBU_DATE=%Y-%m-%d PYTHONPATH=/home/molyo/EEL4842/eel4842_ws/src/build/lidar/prefix_override:/home/molyo/EEL4842/eel4842_ws/src/install/lidar/lib/python3.10/site-packages:${PYTHONPATH} /usr/bin/python3 setup.py egg_info --egg-base ../build/lidar build --build-base /home/molyo/EEL4842/eel4842_ws/src/build/lidar/build install --record /home/molyo/EEL4842/eel4842_ws/src/build/lidar/install.log --single-version-externally-managed
[2.679s] running egg_info
[2.679s] creating ../build/lidar/lidar.egg-info
[2.679s] writing ../build/lidar/lidar.egg-info/PKG-INFO
[2.680s] writing dependency_links to ../build/lidar/lidar.egg-info/dependency_links.txt
[2.680s] writing entry points to ../build/lidar/lidar.egg-info/entry_points.txt
[2.680s] writing requirements to ../build/lidar/lidar.egg-info/requires.txt
[2.680s] writing top-level names to ../build/lidar/lidar.egg-info/top_level.txt
[2.680s] writing manifest file '../build/lidar/lidar.egg-info/SOURCES.txt'
[2.682s] reading manifest file '../build/lidar/lidar.egg-info/SOURCES.txt'
[2.683s] writing manifest file '../build/lidar/lidar.egg-info/SOURCES.txt'
[2.684s] running build
[2.684s] running build_py
[2.684s] creating /home/molyo/EEL4842/eel4842_ws/src/build/lidar/build
[2.684s] creating /home/molyo/EEL4842/eel4842_ws/src/build/lidar/build/lib
[2.684s] creating /home/molyo/EEL4842/eel4842_ws/src/build/lidar/build/lib/lidar
[2.684s] copying lidar/pointcloud.py -> /home/molyo/EEL4842/eel4842_ws/src/build/lidar/build/lib/lidar
[2.684s] copying lidar/__init__.py -> /home/molyo/EEL4842/eel4842_ws/src/build/lidar/build/lib/lidar
[2.684s] running install
[2.684s] running install_lib
[2.685s] creating /home/molyo/EEL4842/eel4842_ws/src/install/lidar/lib/python3.10/site-packages/lidar
[2.685s] copying /home/molyo/EEL4842/eel4842_ws/src/build/lidar/build/lib/lidar/pointcloud.py -> /home/molyo/EEL4842/eel4842_ws/src/install/lidar/lib/python3.10/site-packages/lidar
[2.685s] copying /home/molyo/EEL4842/eel4842_ws/src/build/lidar/build/lib/lidar/__init__.py -> /home/molyo/EEL4842/eel4842_ws/src/install/lidar/lib/python3.10/site-packages/lidar
[2.686s] byte-compiling /home/molyo/EEL4842/eel4842_ws/src/install/lidar/lib/python3.10/site-packages/lidar/pointcloud.py to pointcloud.cpython-310.pyc
[2.686s] byte-compiling /home/molyo/EEL4842/eel4842_ws/src/install/lidar/lib/python3.10/site-packages/lidar/__init__.py to __init__.cpython-310.pyc
[2.687s] running install_data
[2.687s] creating /home/molyo/EEL4842/eel4842_ws/src/install/lidar/share/ament_index
[2.687s] creating /home/molyo/EEL4842/eel4842_ws/src/install/lidar/share/ament_index/resource_index
[2.687s] creating /home/molyo/EEL4842/eel4842_ws/src/install/lidar/share/ament_index/resource_index/packages
[2.687s] copying resource/lidar -> /home/molyo/EEL4842/eel4842_ws/src/install/lidar/share/ament_index/resource_index/packages
[2.688s] copying package.xml -> /home/molyo/EEL4842/eel4842_ws/src/install/lidar/share/lidar
[2.688s] running install_egg_info
[2.689s] Copying ../build/lidar/lidar.egg-info to /home/molyo/EEL4842/eel4842_ws/src/install/lidar/lib/python3.10/site-packages/lidar-1.0-py3.10.egg-info
[2.691s] running install_scripts
[2.714s] Installing lidar_pointcloud script to /home/molyo/EEL4842/eel4842_ws/src/install/lidar/lib/lidar
[2.715s] writing list of installed files to '/home/molyo/EEL4842/eel4842_ws/src/build/lidar/install.log'
[2.884s] Invoked command in '/home/molyo/EEL4842/eel4842_ws/src/lidar' returned '0': BYOBU_DATE=%Y-%m-%d PYTHONPATH=/home/molyo/EEL4842/eel4842_ws/src/build/lidar/prefix_override:/home/molyo/EEL4842/eel4842_ws/src/install/lidar/lib/python3.10/site-packages:${PYTHONPATH} /usr/bin/python3 setup.py egg_info --egg-base ../build/lidar build --build-base /home/molyo/EEL4842/eel4842_ws/src/build/lidar/build install --record /home/molyo/EEL4842/eel4842_ws/src/build/lidar/install.log --single-version-externally-managed
