[2.852s] DEBUG:colcon:Command line arguments: ['/usr/bin/colcon', 'build']
[2.852s] DEBUG:colcon:Parsed command line arguments: Namespace(log_base=None, log_level=None, verb_name='build', build_base='build', install_base='install', merge_install=False, symlink_install=False, test_result_base=None, continue_on_error=False, executor='parallel', parallel_workers=12, event_handlers=None, ignore_user_meta=False, metas=['./colcon.meta'], base_paths=['.'], packages_ignore=None, packages_ignore_regex=None, paths=None, packages_up_to=None, packages_up_to_regex=None, packages_above=None, packages_above_and_dependencies=None, packages_above_depth=None, packages_select_by_dep=None, packages_skip_by_dep=None, packages_skip_up_to=None, packages_select_build_failed=False, packages_skip_build_finished=False, packages_select_test_failures=False, packages_skip_test_passed=False, packages_select=None, packages_skip=None, packages_select_regex=None, packages_skip_regex=None, packages_start=None, packages_end=None, allow_overriding=[], cmake_args=None, cmake_target=None, cmake_target_skip_unavailable=False, cmake_clean_cache=False, cmake_clean_first=False, cmake_force_configure=False, ament_cmake_args=None, catkin_cmake_args=None, catkin_skip_building_tests=False, verb_parser=<colcon_defaults.argument_parser.defaults.DefaultArgumentsDecorator object at 0x7f46eacfb6d0>, verb_extension=<colcon_core.verb.build.BuildVerb object at 0x7f46eacf8cd0>, main=<bound method BuildVerb.main of <colcon_core.verb.build.BuildVerb object at 0x7f46eacf8cd0>>)
[2.975s] Level 1:colcon.colcon_core.package_discovery:discover_packages(colcon_meta) check parameters
[2.976s] Level 1:colcon.colcon_core.package_discovery:discover_packages(recursive) check parameters
[2.976s] Level 1:colcon.colcon_core.package_discovery:discover_packages(ignore) check parameters
[2.976s] Level 1:colcon.colcon_core.package_discovery:discover_packages(path) check parameters
[2.976s] Level 1:colcon.colcon_core.package_discovery:discover_packages(colcon_meta) discover
[2.976s] Level 1:colcon.colcon_core.package_discovery:discover_packages(recursive) discover
[2.976s] INFO:colcon.colcon_core.package_discovery:Crawling recursively for packages in '/home/molyo/EEL4842/eel4842_ws'
[2.976s] Level 1:colcon.colcon_core.package_identification:_identify(.) by extensions ['ignore', 'ignore_ament_install']
[2.976s] Level 1:colcon.colcon_core.package_identification:_identify(.) by extension 'ignore'
[2.977s] Level 1:colcon.colcon_core.package_identification:_identify(.) by extension 'ignore_ament_install'
[2.977s] Level 1:colcon.colcon_core.package_identification:_identify(.) by extensions ['colcon_pkg']
[2.977s] Level 1:colcon.colcon_core.package_identification:_identify(.) by extension 'colcon_pkg'
[2.977s] Level 1:colcon.colcon_core.package_identification:_identify(.) by extensions ['colcon_meta']
[2.977s] Level 1:colcon.colcon_core.package_identification:_identify(.) by extension 'colcon_meta'
[2.977s] Level 1:colcon.colcon_core.package_identification:_identify(.) by extensions ['ros']
[2.977s] Level 1:colcon.colcon_core.package_identification:_identify(.) by extension 'ros'
[3.002s] Level 1:colcon.colcon_core.package_identification:_identify(.) by extensions ['cmake', 'python']
[3.002s] Level 1:colcon.colcon_core.package_identification:_identify(.) by extension 'cmake'
[3.002s] Level 1:colcon.colcon_core.package_identification:_identify(.) by extension 'python'
[3.002s] Level 1:colcon.colcon_core.package_identification:_identify(.) by extensions ['python_setup_py']
[3.002s] Level 1:colcon.colcon_core.package_identification:_identify(.) by extension 'python_setup_py'
[3.003s] Level 1:colcon.colcon_core.package_identification:_identify(build) by extensions ['ignore', 'ignore_ament_install']
[3.003s] Level 1:colcon.colcon_core.package_identification:_identify(build) by extension 'ignore'
[3.003s] Level 1:colcon.colcon_core.package_identification:_identify(build) ignored
[3.003s] Level 1:colcon.colcon_core.package_identification:_identify(install) by extensions ['ignore', 'ignore_ament_install']
[3.004s] Level 1:colcon.colcon_core.package_identification:_identify(install) by extension 'ignore'
[3.004s] Level 1:colcon.colcon_core.package_identification:_identify(install) ignored
[3.004s] Level 1:colcon.colcon_core.package_identification:_identify(log) by extensions ['ignore', 'ignore_ament_install']
[3.004s] Level 1:colcon.colcon_core.package_identification:_identify(log) by extension 'ignore'
[3.004s] Level 1:colcon.colcon_core.package_identification:_identify(log) ignored
[3.004s] Level 1:colcon.colcon_core.package_identification:_identify(milestone2_bagfile) by extensions ['ignore', 'ignore_ament_install']
[3.005s] Level 1:colcon.colcon_core.package_identification:_identify(milestone2_bagfile) by extension 'ignore'
[3.005s] Level 1:colcon.colcon_core.package_identification:_identify(milestone2_bagfile) by extension 'ignore_ament_install'
[3.005s] Level 1:colcon.colcon_core.package_identification:_identify(milestone2_bagfile) by extensions ['colcon_pkg']
[3.005s] Level 1:colcon.colcon_core.package_identification:_identify(milestone2_bagfile) by extension 'colcon_pkg'
[3.005s] Level 1:colcon.colcon_core.package_identification:_identify(milestone2_bagfile) by extensions ['colcon_meta']
[3.005s] Level 1:colcon.colcon_core.package_identification:_identify(milestone2_bagfile) by extension 'colcon_meta'
[3.005s] Level 1:colcon.colcon_core.package_identification:_identify(milestone2_bagfile) by extensions ['ros']
[3.005s] Level 1:colcon.colcon_core.package_identification:_identify(milestone2_bagfile) by extension 'ros'
[3.005s] Level 1:colcon.colcon_core.package_identification:_identify(milestone2_bagfile) by extensions ['cmake', 'python']
[3.006s] Level 1:colcon.colcon_core.package_identification:_identify(milestone2_bagfile) by extension 'cmake'
[3.006s] Level 1:colcon.colcon_core.package_identification:_identify(milestone2_bagfile) by extension 'python'
[3.006s] Level 1:colcon.colcon_core.package_identification:_identify(milestone2_bagfile) by extensions ['python_setup_py']
[3.006s] Level 1:colcon.colcon_core.package_identification:_identify(milestone2_bagfile) by extension 'python_setup_py'
[3.006s] Level 1:colcon.colcon_core.package_identification:_identify(src) by extensions ['ignore', 'ignore_ament_install']
[3.006s] Level 1:colcon.colcon_core.package_identification:_identify(src) by extension 'ignore'
[3.006s] Level 1:colcon.colcon_core.package_identification:_identify(src) by extension 'ignore_ament_install'
[3.007s] Level 1:colcon.colcon_core.package_identification:_identify(src) by extensions ['colcon_pkg']
[3.007s] Level 1:colcon.colcon_core.package_identification:_identify(src) by extension 'colcon_pkg'
[3.007s] Level 1:colcon.colcon_core.package_identification:_identify(src) by extensions ['colcon_meta']
[3.007s] Level 1:colcon.colcon_core.package_identification:_identify(src) by extension 'colcon_meta'
[3.007s] Level 1:colcon.colcon_core.package_identification:_identify(src) by extensions ['ros']
[3.007s] Level 1:colcon.colcon_core.package_identification:_identify(src) by extension 'ros'
[3.007s] Level 1:colcon.colcon_core.package_identification:_identify(src) by extensions ['cmake', 'python']
[3.007s] Level 1:colcon.colcon_core.package_identification:_identify(src) by extension 'cmake'
[3.007s] Level 1:colcon.colcon_core.package_identification:_identify(src) by extension 'python'
[3.007s] Level 1:colcon.colcon_core.package_identification:_identify(src) by extensions ['python_setup_py']
[3.007s] Level 1:colcon.colcon_core.package_identification:_identify(src) by extension 'python_setup_py'
[3.008s] Level 1:colcon.colcon_core.package_identification:_identify(src/build) by extensions ['ignore', 'ignore_ament_install']
[3.008s] Level 1:colcon.colcon_core.package_identification:_identify(src/build) by extension 'ignore'
[3.008s] Level 1:colcon.colcon_core.package_identification:_identify(src/build) ignored
[3.008s] Level 1:colcon.colcon_core.package_identification:_identify(src/ex_joystick) by extensions ['ignore', 'ignore_ament_install']
[3.008s] Level 1:colcon.colcon_core.package_identification:_identify(src/ex_joystick) by extension 'ignore'
[3.009s] Level 1:colcon.colcon_core.package_identification:_identify(src/ex_joystick) by extension 'ignore_ament_install'
[3.009s] Level 1:colcon.colcon_core.package_identification:_identify(src/ex_joystick) by extensions ['colcon_pkg']
[3.009s] Level 1:colcon.colcon_core.package_identification:_identify(src/ex_joystick) by extension 'colcon_pkg'
[3.009s] Level 1:colcon.colcon_core.package_identification:_identify(src/ex_joystick) by extensions ['colcon_meta']
[3.009s] Level 1:colcon.colcon_core.package_identification:_identify(src/ex_joystick) by extension 'colcon_meta'
[3.009s] Level 1:colcon.colcon_core.package_identification:_identify(src/ex_joystick) by extensions ['ros']
[3.009s] Level 1:colcon.colcon_core.package_identification:_identify(src/ex_joystick) by extension 'ros'
[3.014s] DEBUG:colcon.colcon_core.package_identification:Package 'src/ex_joystick' with type 'ros.ament_python' and name 'ex_joystick'
[3.015s] Level 1:colcon.colcon_core.package_identification:_identify(src/install) by extensions ['ignore', 'ignore_ament_install']
[3.015s] Level 1:colcon.colcon_core.package_identification:_identify(src/install) by extension 'ignore'
[3.015s] Level 1:colcon.colcon_core.package_identification:_identify(src/install) ignored
[3.015s] Level 1:colcon.colcon_core.package_identification:_identify(src/lidar) by extensions ['ignore', 'ignore_ament_install']
[3.015s] Level 1:colcon.colcon_core.package_identification:_identify(src/lidar) by extension 'ignore'
[3.015s] Level 1:colcon.colcon_core.package_identification:_identify(src/lidar) by extension 'ignore_ament_install'
[3.016s] Level 1:colcon.colcon_core.package_identification:_identify(src/lidar) by extensions ['colcon_pkg']
[3.016s] Level 1:colcon.colcon_core.package_identification:_identify(src/lidar) by extension 'colcon_pkg'
[3.016s] Level 1:colcon.colcon_core.package_identification:_identify(src/lidar) by extensions ['colcon_meta']
[3.016s] Level 1:colcon.colcon_core.package_identification:_identify(src/lidar) by extension 'colcon_meta'
[3.016s] Level 1:colcon.colcon_core.package_identification:_identify(src/lidar) by extensions ['ros']
[3.016s] Level 1:colcon.colcon_core.package_identification:_identify(src/lidar) by extension 'ros'
[3.017s] DEBUG:colcon.colcon_core.package_identification:Package 'src/lidar' with type 'ros.ament_python' and name 'lidar'
[3.017s] Level 1:colcon.colcon_core.package_identification:_identify(src/log) by extensions ['ignore', 'ignore_ament_install']
[3.017s] Level 1:colcon.colcon_core.package_identification:_identify(src/log) by extension 'ignore'
[3.018s] Level 1:colcon.colcon_core.package_identification:_identify(src/log) ignored
[3.018s] Level 1:colcon.colcon_core.package_identification:_identify(src/wall_following) by extensions ['ignore', 'ignore_ament_install']
[3.018s] Level 1:colcon.colcon_core.package_identification:_identify(src/wall_following) by extension 'ignore'
[3.018s] Level 1:colcon.colcon_core.package_identification:_identify(src/wall_following) by extension 'ignore_ament_install'
[3.018s] Level 1:colcon.colcon_core.package_identification:_identify(src/wall_following) by extensions ['colcon_pkg']
[3.018s] Level 1:colcon.colcon_core.package_identification:_identify(src/wall_following) by extension 'colcon_pkg'
[3.019s] Level 1:colcon.colcon_core.package_identification:_identify(src/wall_following) by extensions ['colcon_meta']
[3.019s] Level 1:colcon.colcon_core.package_identification:_identify(src/wall_following) by extension 'colcon_meta'
[3.019s] Level 1:colcon.colcon_core.package_identification:_identify(src/wall_following) by extensions ['ros']
[3.019s] Level 1:colcon.colcon_core.package_identification:_identify(src/wall_following) by extension 'ros'
[3.020s] DEBUG:colcon.colcon_core.package_identification:Package 'src/wall_following' with type 'ros.ament_python' and name 'wall_following'
[3.020s] Level 1:colcon.colcon_core.package_discovery:discover_packages(recursive) using defaults
[3.020s] Level 1:colcon.colcon_core.package_discovery:discover_packages(ignore) discover
[3.020s] Level 1:colcon.colcon_core.package_discovery:discover_packages(ignore) using defaults
[3.020s] Level 1:colcon.colcon_core.package_discovery:discover_packages(path) discover
[3.020s] Level 1:colcon.colcon_core.package_discovery:discover_packages(path) using defaults
[3.275s] Level 1:colcon.colcon_core.package_discovery:discover_packages(prefix_path) check parameters
[3.275s] Level 1:colcon.colcon_core.package_discovery:discover_packages(prefix_path) discover
[3.360s] DEBUG:colcon.colcon_installed_package_information.package_discovery:Found 3 installed packages in /home/molyo/EEL4842/eel4842_ws/install
[3.417s] DEBUG:colcon.colcon_installed_package_information.package_discovery:Found 5 installed packages in /home/molyo/eel4842/example_ws/install
[3.462s] DEBUG:colcon.colcon_installed_package_information.package_discovery:Found 272 installed packages in /opt/ros/humble
[3.464s] Level 1:colcon.colcon_core.package_discovery:discover_packages(prefix_path) using defaults
[3.683s] Level 5:colcon.colcon_core.verb:set package 'ex_joystick' build argument 'cmake_args' from command line to 'None'
[3.683s] Level 5:colcon.colcon_core.verb:set package 'ex_joystick' build argument 'cmake_target' from command line to 'None'
[3.683s] Level 5:colcon.colcon_core.verb:set package 'ex_joystick' build argument 'cmake_target_skip_unavailable' from command line to 'False'
[3.683s] Level 5:colcon.colcon_core.verb:set package 'ex_joystick' build argument 'cmake_clean_cache' from command line to 'False'
[3.683s] Level 5:colcon.colcon_core.verb:set package 'ex_joystick' build argument 'cmake_clean_first' from command line to 'False'
[3.683s] Level 5:colcon.colcon_core.verb:set package 'ex_joystick' build argument 'cmake_force_configure' from command line to 'False'
[3.684s] Level 5:colcon.colcon_core.verb:set package 'ex_joystick' build argument 'ament_cmake_args' from command line to 'None'
[3.684s] Level 5:colcon.colcon_core.verb:set package 'ex_joystick' build argument 'catkin_cmake_args' from command line to 'None'
[3.684s] Level 5:colcon.colcon_core.verb:set package 'ex_joystick' build argument 'catkin_skip_building_tests' from command line to 'False'
[3.684s] DEBUG:colcon.colcon_core.verb:Building package 'ex_joystick' with the following arguments: {'ament_cmake_args': None, 'build_base': '/home/molyo/EEL4842/eel4842_ws/build/ex_joystick', 'catkin_cmake_args': None, 'catkin_skip_building_tests': False, 'cmake_args': None, 'cmake_clean_cache': False, 'cmake_clean_first': False, 'cmake_force_configure': False, 'cmake_target': None, 'cmake_target_skip_unavailable': False, 'install_base': '/home/molyo/EEL4842/eel4842_ws/install/ex_joystick', 'merge_install': False, 'path': '/home/molyo/EEL4842/eel4842_ws/src/ex_joystick', 'symlink_install': False, 'test_result_base': None}
[3.725s] Level 5:colcon.colcon_core.verb:set package 'lidar' build argument 'cmake_args' from command line to 'None'
[3.725s] Level 5:colcon.colcon_core.verb:set package 'lidar' build argument 'cmake_target' from command line to 'None'
[3.725s] Level 5:colcon.colcon_core.verb:set package 'lidar' build argument 'cmake_target_skip_unavailable' from command line to 'False'
[3.725s] Level 5:colcon.colcon_core.verb:set package 'lidar' build argument 'cmake_clean_cache' from command line to 'False'
[3.725s] Level 5:colcon.colcon_core.verb:set package 'lidar' build argument 'cmake_clean_first' from command line to 'False'
[3.726s] Level 5:colcon.colcon_core.verb:set package 'lidar' build argument 'cmake_force_configure' from command line to 'False'
[3.726s] Level 5:colcon.colcon_core.verb:set package 'lidar' build argument 'ament_cmake_args' from command line to 'None'
[3.726s] Level 5:colcon.colcon_core.verb:set package 'lidar' build argument 'catkin_cmake_args' from command line to 'None'
[3.726s] Level 5:colcon.colcon_core.verb:set package 'lidar' build argument 'catkin_skip_building_tests' from command line to 'False'
[3.726s] DEBUG:colcon.colcon_core.verb:Building package 'lidar' with the following arguments: {'ament_cmake_args': None, 'build_base': '/home/molyo/EEL4842/eel4842_ws/build/lidar', 'catkin_cmake_args': None, 'catkin_skip_building_tests': False, 'cmake_args': None, 'cmake_clean_cache': False, 'cmake_clean_first': False, 'cmake_force_configure': False, 'cmake_target': None, 'cmake_target_skip_unavailable': False, 'install_base': '/home/molyo/EEL4842/eel4842_ws/install/lidar', 'merge_install': False, 'path': '/home/molyo/EEL4842/eel4842_ws/src/lidar', 'symlink_install': False, 'test_result_base': None}
[3.768s] Level 5:colcon.colcon_core.verb:set package 'wall_following' build argument 'cmake_args' from command line to 'None'
[3.768s] Level 5:colcon.colcon_core.verb:set package 'wall_following' build argument 'cmake_target' from command line to 'None'
[3.768s] Level 5:colcon.colcon_core.verb:set package 'wall_following' build argument 'cmake_target_skip_unavailable' from command line to 'False'
[3.768s] Level 5:colcon.colcon_core.verb:set package 'wall_following' build argument 'cmake_clean_cache' from command line to 'False'
[3.768s] Level 5:colcon.colcon_core.verb:set package 'wall_following' build argument 'cmake_clean_first' from command line to 'False'
[3.769s] Level 5:colcon.colcon_core.verb:set package 'wall_following' build argument 'cmake_force_configure' from command line to 'False'
[3.769s] Level 5:colcon.colcon_core.verb:set package 'wall_following' build argument 'ament_cmake_args' from command line to 'None'
[3.769s] Level 5:colcon.colcon_core.verb:set package 'wall_following' build argument 'catkin_cmake_args' from command line to 'None'
[3.769s] Level 5:colcon.colcon_core.verb:set package 'wall_following' build argument 'catkin_skip_building_tests' from command line to 'False'
[3.769s] DEBUG:colcon.colcon_core.verb:Building package 'wall_following' with the following arguments: {'ament_cmake_args': None, 'build_base': '/home/molyo/EEL4842/eel4842_ws/build/wall_following', 'catkin_cmake_args': None, 'catkin_skip_building_tests': False, 'cmake_args': None, 'cmake_clean_cache': False, 'cmake_clean_first': False, 'cmake_force_configure': False, 'cmake_target': None, 'cmake_target_skip_unavailable': False, 'install_base': '/home/molyo/EEL4842/eel4842_ws/install/wall_following', 'merge_install': False, 'path': '/home/molyo/EEL4842/eel4842_ws/src/wall_following', 'symlink_install': False, 'test_result_base': None}
[3.810s] INFO:colcon.colcon_core.executor:Executing jobs using 'parallel' executor
[3.852s] DEBUG:colcon.colcon_parallel_executor.executor.parallel:run_until_complete
[3.853s] INFO:colcon.colcon_ros.task.ament_python.build:Building ROS package in '/home/molyo/EEL4842/eel4842_ws/src/ex_joystick' with build type 'ament_python'
[3.853s] Level 1:colcon.colcon_core.shell:create_environment_hook('ex_joystick', 'ament_prefix_path')
[3.899s] INFO:colcon.colcon_core.plugin_system:Skipping extension 'colcon_core.shell.bat': Not used on non-Windows systems
[3.900s] INFO:colcon.colcon_core.shell:Creating environment hook '/home/molyo/EEL4842/eel4842_ws/install/ex_joystick/share/ex_joystick/hook/ament_prefix_path.ps1'
[3.901s] INFO:colcon.colcon_core.shell:Creating environment descriptor '/home/molyo/EEL4842/eel4842_ws/install/ex_joystick/share/ex_joystick/hook/ament_prefix_path.dsv'
[3.902s] INFO:colcon.colcon_core.shell:Creating environment hook '/home/molyo/EEL4842/eel4842_ws/install/ex_joystick/share/ex_joystick/hook/ament_prefix_path.sh'
[3.944s] INFO:colcon.colcon_core.shell:Skip shell extension 'powershell' for command environment: Not usable outside of PowerShell
[3.944s] DEBUG:colcon.colcon_core.shell:Skip shell extension 'dsv' for command environment
[4.116s] INFO:colcon.colcon_ros.task.ament_python.build:Building ROS package in '/home/molyo/EEL4842/eel4842_ws/src/lidar' with build type 'ament_python'
[4.117s] Level 1:colcon.colcon_core.shell:create_environment_hook('lidar', 'ament_prefix_path')
[4.158s] INFO:colcon.colcon_core.shell:Creating environment hook '/home/molyo/EEL4842/eel4842_ws/install/lidar/share/lidar/hook/ament_prefix_path.ps1'
[4.159s] INFO:colcon.colcon_core.shell:Creating environment descriptor '/home/molyo/EEL4842/eel4842_ws/install/lidar/share/lidar/hook/ament_prefix_path.dsv'
[4.160s] INFO:colcon.colcon_core.shell:Creating environment hook '/home/molyo/EEL4842/eel4842_ws/install/lidar/share/lidar/hook/ament_prefix_path.sh'
[4.201s] INFO:colcon.colcon_core.shell:Skip shell extension 'powershell' for command environment: Not usable outside of PowerShell
[4.201s] DEBUG:colcon.colcon_core.shell:Skip shell extension 'dsv' for command environment
[4.370s] INFO:colcon.colcon_ros.task.ament_python.build:Building ROS package in '/home/molyo/EEL4842/eel4842_ws/src/wall_following' with build type 'ament_python'
[4.371s] Level 1:colcon.colcon_core.shell:create_environment_hook('wall_following', 'ament_prefix_path')
[4.412s] INFO:colcon.colcon_core.shell:Creating environment hook '/home/molyo/EEL4842/eel4842_ws/install/wall_following/share/wall_following/hook/ament_prefix_path.ps1'
[4.413s] INFO:colcon.colcon_core.shell:Creating environment descriptor '/home/molyo/EEL4842/eel4842_ws/install/wall_following/share/wall_following/hook/ament_prefix_path.dsv'
[4.414s] INFO:colcon.colcon_core.shell:Creating environment hook '/home/molyo/EEL4842/eel4842_ws/install/wall_following/share/wall_following/hook/ament_prefix_path.sh'
[4.454s] INFO:colcon.colcon_core.shell:Skip shell extension 'powershell' for command environment: Not usable outside of PowerShell
[4.455s] DEBUG:colcon.colcon_core.shell:Skip shell extension 'dsv' for command environment
[5.333s] INFO:colcon.colcon_core.task.python.build:Building Python package in '/home/molyo/EEL4842/eel4842_ws/src/ex_joystick'
[5.375s] INFO:colcon.colcon_core.shell:Skip shell extension 'powershell' for command environment: Not usable outside of PowerShell
[5.375s] DEBUG:colcon.colcon_core.shell:Skip shell extension 'dsv' for command environment
[6.267s] INFO:colcon.colcon_core.task.python.build:Building Python package in '/home/molyo/EEL4842/eel4842_ws/src/lidar'
[6.309s] INFO:colcon.colcon_core.shell:Skip shell extension 'powershell' for command environment: Not usable outside of PowerShell
[6.309s] DEBUG:colcon.colcon_core.shell:Skip shell extension 'dsv' for command environment
[7.181s] INFO:colcon.colcon_core.task.python.build:Building Python package in '/home/molyo/EEL4842/eel4842_ws/src/wall_following'
[7.222s] INFO:colcon.colcon_core.shell:Skip shell extension 'powershell' for command environment: Not usable outside of PowerShell
[7.223s] DEBUG:colcon.colcon_core.shell:Skip shell extension 'dsv' for command environment
[8.446s] DEBUG:colcon.colcon_core.event_handler.log_command:Invoking command in '/home/molyo/EEL4842/eel4842_ws/src/lidar': BYOBU_DATE=%Y-%m-%d PYTHONPATH=/home/molyo/EEL4842/eel4842_ws/build/lidar/prefix_override:/home/molyo/EEL4842/eel4842_ws/install/lidar/lib/python3.10/site-packages:${PYTHONPATH} /usr/bin/python3 setup.py egg_info --egg-base ../../build/lidar build --build-base /home/molyo/EEL4842/eel4842_ws/build/lidar/build install --record /home/molyo/EEL4842/eel4842_ws/build/lidar/install.log --single-version-externally-managed
[8.464s] DEBUG:colcon.colcon_core.event_handler.log_command:Invoking command in '/home/molyo/EEL4842/eel4842_ws/src/ex_joystick': BYOBU_DATE=%Y-%m-%d PYTHONPATH=/home/molyo/EEL4842/eel4842_ws/build/ex_joystick/prefix_override:/home/molyo/EEL4842/eel4842_ws/install/ex_joystick/lib/python3.10/site-packages:${PYTHONPATH} /usr/bin/python3 setup.py egg_info --egg-base ../../build/ex_joystick build --build-base /home/molyo/EEL4842/eel4842_ws/build/ex_joystick/build install --record /home/molyo/EEL4842/eel4842_ws/build/ex_joystick/install.log --single-version-externally-managed
[8.470s] DEBUG:colcon.colcon_core.event_handler.log_command:Invoking command in '/home/molyo/EEL4842/eel4842_ws/src/wall_following': BYOBU_DATE=%Y-%m-%d PYTHONPATH=/home/molyo/EEL4842/eel4842_ws/build/wall_following/prefix_override:/home/molyo/EEL4842/eel4842_ws/install/wall_following/lib/python3.10/site-packages:${PYTHONPATH} /usr/bin/python3 setup.py egg_info --egg-base ../../build/wall_following build --build-base /home/molyo/EEL4842/eel4842_ws/build/wall_following/build install --record /home/molyo/EEL4842/eel4842_ws/build/wall_following/install.log --single-version-externally-managed
[8.941s] DEBUG:colcon.colcon_core.event_handler.log_command:Invoked command in '/home/molyo/EEL4842/eel4842_ws/src/lidar' returned '0': BYOBU_DATE=%Y-%m-%d PYTHONPATH=/home/molyo/EEL4842/eel4842_ws/build/lidar/prefix_override:/home/molyo/EEL4842/eel4842_ws/install/lidar/lib/python3.10/site-packages:${PYTHONPATH} /usr/bin/python3 setup.py egg_info --egg-base ../../build/lidar build --build-base /home/molyo/EEL4842/eel4842_ws/build/lidar/build install --record /home/molyo/EEL4842/eel4842_ws/build/lidar/install.log --single-version-externally-managed
[8.967s] Level 1:colcon.colcon_core.environment:checking '/home/molyo/EEL4842/eel4842_ws/install/lidar' for CMake module files
[8.967s] Level 1:colcon.colcon_core.environment:checking '/home/molyo/EEL4842/eel4842_ws/install/lidar' for CMake config files
[8.968s] Level 1:colcon.colcon_core.environment:checking '/home/molyo/EEL4842/eel4842_ws/install/lidar/lib'
[8.968s] Level 1:colcon.colcon_core.environment:checking '/home/molyo/EEL4842/eel4842_ws/install/lidar/bin'
[8.968s] Level 1:colcon.colcon_core.environment:checking '/home/molyo/EEL4842/eel4842_ws/install/lidar/lib/pkgconfig/lidar.pc'
[8.969s] Level 1:colcon.colcon_core.environment:checking '/home/molyo/EEL4842/eel4842_ws/install/lidar/lib/python3.10/site-packages'
[8.969s] Level 1:colcon.colcon_core.shell:create_environment_hook('lidar', 'pythonpath')
[8.991s] INFO:colcon.colcon_core.shell:Creating environment hook '/home/molyo/EEL4842/eel4842_ws/install/lidar/share/lidar/hook/pythonpath.ps1'
[8.992s] INFO:colcon.colcon_core.shell:Creating environment descriptor '/home/molyo/EEL4842/eel4842_ws/install/lidar/share/lidar/hook/pythonpath.dsv'
[8.992s] INFO:colcon.colcon_core.shell:Creating environment hook '/home/molyo/EEL4842/eel4842_ws/install/lidar/share/lidar/hook/pythonpath.sh'
[8.993s] Level 1:colcon.colcon_core.environment:checking '/home/molyo/EEL4842/eel4842_ws/install/lidar/bin'
[8.993s] Level 1:colcon.colcon_core.environment:create_environment_scripts_only(lidar)
[9.016s] INFO:colcon.colcon_core.shell:Creating package script '/home/molyo/EEL4842/eel4842_ws/install/lidar/share/lidar/package.ps1'
[9.017s] INFO:colcon.colcon_core.shell:Creating package descriptor '/home/molyo/EEL4842/eel4842_ws/install/lidar/share/lidar/package.dsv'
[9.018s] INFO:colcon.colcon_core.shell:Creating package script '/home/molyo/EEL4842/eel4842_ws/install/lidar/share/lidar/package.sh'
[9.018s] INFO:colcon.colcon_core.shell:Creating package script '/home/molyo/EEL4842/eel4842_ws/install/lidar/share/lidar/package.bash'
[9.019s] INFO:colcon.colcon_core.shell:Creating package script '/home/molyo/EEL4842/eel4842_ws/install/lidar/share/lidar/package.zsh'
[9.020s] Level 1:colcon.colcon_core.environment:create_file_with_runtime_dependencies(/home/molyo/EEL4842/eel4842_ws/install/lidar/share/colcon-core/packages/lidar)
[9.023s] DEBUG:colcon.colcon_core.event_handler.log_command:Invoked command in '/home/molyo/EEL4842/eel4842_ws/src/ex_joystick' returned '0': BYOBU_DATE=%Y-%m-%d PYTHONPATH=/home/molyo/EEL4842/eel4842_ws/build/ex_joystick/prefix_override:/home/molyo/EEL4842/eel4842_ws/install/ex_joystick/lib/python3.10/site-packages:${PYTHONPATH} /usr/bin/python3 setup.py egg_info --egg-base ../../build/ex_joystick build --build-base /home/molyo/EEL4842/eel4842_ws/build/ex_joystick/build install --record /home/molyo/EEL4842/eel4842_ws/build/ex_joystick/install.log --single-version-externally-managed
[9.044s] Level 1:colcon.colcon_core.environment:checking '/home/molyo/EEL4842/eel4842_ws/install/ex_joystick' for CMake module files
[9.045s] Level 1:colcon.colcon_core.environment:checking '/home/molyo/EEL4842/eel4842_ws/install/ex_joystick' for CMake config files
[9.045s] Level 1:colcon.colcon_core.environment:checking '/home/molyo/EEL4842/eel4842_ws/install/ex_joystick/lib'
[9.045s] Level 1:colcon.colcon_core.environment:checking '/home/molyo/EEL4842/eel4842_ws/install/ex_joystick/bin'
[9.046s] Level 1:colcon.colcon_core.environment:checking '/home/molyo/EEL4842/eel4842_ws/install/ex_joystick/lib/pkgconfig/ex_joystick.pc'
[9.046s] Level 1:colcon.colcon_core.environment:checking '/home/molyo/EEL4842/eel4842_ws/install/ex_joystick/lib/python3.10/site-packages'
[9.046s] Level 1:colcon.colcon_core.shell:create_environment_hook('ex_joystick', 'pythonpath')
[9.067s] INFO:colcon.colcon_core.shell:Creating environment hook '/home/molyo/EEL4842/eel4842_ws/install/ex_joystick/share/ex_joystick/hook/pythonpath.ps1'
[9.068s] INFO:colcon.colcon_core.shell:Creating environment descriptor '/home/molyo/EEL4842/eel4842_ws/install/ex_joystick/share/ex_joystick/hook/pythonpath.dsv'
[9.068s] INFO:colcon.colcon_core.shell:Creating environment hook '/home/molyo/EEL4842/eel4842_ws/install/ex_joystick/share/ex_joystick/hook/pythonpath.sh'
[9.069s] Level 1:colcon.colcon_core.environment:checking '/home/molyo/EEL4842/eel4842_ws/install/ex_joystick/bin'
[9.069s] Level 1:colcon.colcon_core.environment:create_environment_scripts_only(ex_joystick)
[9.091s] INFO:colcon.colcon_core.shell:Creating package script '/home/molyo/EEL4842/eel4842_ws/install/ex_joystick/share/ex_joystick/package.ps1'
[9.092s] INFO:colcon.colcon_core.shell:Creating package descriptor '/home/molyo/EEL4842/eel4842_ws/install/ex_joystick/share/ex_joystick/package.dsv'
[9.092s] INFO:colcon.colcon_core.shell:Creating package script '/home/molyo/EEL4842/eel4842_ws/install/ex_joystick/share/ex_joystick/package.sh'
[9.093s] INFO:colcon.colcon_core.shell:Creating package script '/home/molyo/EEL4842/eel4842_ws/install/ex_joystick/share/ex_joystick/package.bash'
[9.093s] INFO:colcon.colcon_core.shell:Creating package script '/home/molyo/EEL4842/eel4842_ws/install/ex_joystick/share/ex_joystick/package.zsh'
[9.094s] Level 1:colcon.colcon_core.environment:create_file_with_runtime_dependencies(/home/molyo/EEL4842/eel4842_ws/install/ex_joystick/share/colcon-core/packages/ex_joystick)
[9.096s] DEBUG:colcon.colcon_core.event_handler.log_command:Invoked command in '/home/molyo/EEL4842/eel4842_ws/src/wall_following' returned '0': BYOBU_DATE=%Y-%m-%d PYTHONPATH=/home/molyo/EEL4842/eel4842_ws/build/wall_following/prefix_override:/home/molyo/EEL4842/eel4842_ws/install/wall_following/lib/python3.10/site-packages:${PYTHONPATH} /usr/bin/python3 setup.py egg_info --egg-base ../../build/wall_following build --build-base /home/molyo/EEL4842/eel4842_ws/build/wall_following/build install --record /home/molyo/EEL4842/eel4842_ws/build/wall_following/install.log --single-version-externally-managed
[9.117s] Level 1:colcon.colcon_core.environment:checking '/home/molyo/EEL4842/eel4842_ws/install/wall_following' for CMake module files
[9.118s] Level 1:colcon.colcon_core.environment:checking '/home/molyo/EEL4842/eel4842_ws/install/wall_following' for CMake config files
[9.118s] Level 1:colcon.colcon_core.environment:checking '/home/molyo/EEL4842/eel4842_ws/install/wall_following/lib'
[9.118s] Level 1:colcon.colcon_core.environment:checking '/home/molyo/EEL4842/eel4842_ws/install/wall_following/bin'
[9.118s] Level 1:colcon.colcon_core.environment:checking '/home/molyo/EEL4842/eel4842_ws/install/wall_following/lib/pkgconfig/wall_following.pc'
[9.119s] Level 1:colcon.colcon_core.environment:checking '/home/molyo/EEL4842/eel4842_ws/install/wall_following/lib/python3.10/site-packages'
[9.119s] Level 1:colcon.colcon_core.shell:create_environment_hook('wall_following', 'pythonpath')
[9.139s] INFO:colcon.colcon_core.shell:Creating environment hook '/home/molyo/EEL4842/eel4842_ws/install/wall_following/share/wall_following/hook/pythonpath.ps1'
[9.140s] INFO:colcon.colcon_core.shell:Creating environment descriptor '/home/molyo/EEL4842/eel4842_ws/install/wall_following/share/wall_following/hook/pythonpath.dsv'
[9.140s] INFO:colcon.colcon_core.shell:Creating environment hook '/home/molyo/EEL4842/eel4842_ws/install/wall_following/share/wall_following/hook/pythonpath.sh'
[9.141s] Level 1:colcon.colcon_core.environment:checking '/home/molyo/EEL4842/eel4842_ws/install/wall_following/bin'
[9.141s] Level 1:colcon.colcon_core.environment:create_environment_scripts_only(wall_following)
[9.161s] INFO:colcon.colcon_core.shell:Creating package script '/home/molyo/EEL4842/eel4842_ws/install/wall_following/share/wall_following/package.ps1'
[9.162s] INFO:colcon.colcon_core.shell:Creating package descriptor '/home/molyo/EEL4842/eel4842_ws/install/wall_following/share/wall_following/package.dsv'
[9.162s] INFO:colcon.colcon_core.shell:Creating package script '/home/molyo/EEL4842/eel4842_ws/install/wall_following/share/wall_following/package.sh'
[9.163s] INFO:colcon.colcon_core.shell:Creating package script '/home/molyo/EEL4842/eel4842_ws/install/wall_following/share/wall_following/package.bash'
[9.163s] INFO:colcon.colcon_core.shell:Creating package script '/home/molyo/EEL4842/eel4842_ws/install/wall_following/share/wall_following/package.zsh'
[9.163s] Level 1:colcon.colcon_core.environment:create_file_with_runtime_dependencies(/home/molyo/EEL4842/eel4842_ws/install/wall_following/share/colcon-core/packages/wall_following)
[9.164s] DEBUG:colcon.colcon_parallel_executor.executor.parallel:closing loop
[9.164s] DEBUG:colcon.colcon_parallel_executor.executor.parallel:loop closed
[9.164s] DEBUG:colcon.colcon_parallel_executor.executor.parallel:run_until_complete finished with '0'
[9.164s] DEBUG:colcon.colcon_core.event_reactor:joining thread
[9.190s] INFO:colcon.colcon_core.plugin_system:Skipping extension 'colcon_notification.desktop_notification.terminal_notifier': Not used on non-Darwin systems
[9.190s] INFO:colcon.colcon_core.plugin_system:Skipping extension 'colcon_notification.desktop_notification.win32': Not used on non-Windows systems
[9.190s] INFO:colcon.colcon_notification.desktop_notification:Sending desktop notification using 'notify2'
[9.200s] DEBUG:colcon.colcon_core.event_reactor:joined thread
[9.221s] INFO:colcon.colcon_core.shell:Creating prefix script '/home/molyo/EEL4842/eel4842_ws/install/local_setup.ps1'
[9.222s] INFO:colcon.colcon_core.shell:Creating prefix util module '/home/molyo/EEL4842/eel4842_ws/install/_local_setup_util_ps1.py'
[9.223s] INFO:colcon.colcon_core.shell:Creating prefix chain script '/home/molyo/EEL4842/eel4842_ws/install/setup.ps1'
[9.243s] INFO:colcon.colcon_core.shell:Creating prefix script '/home/molyo/EEL4842/eel4842_ws/install/local_setup.sh'
[9.244s] INFO:colcon.colcon_core.shell:Creating prefix util module '/home/molyo/EEL4842/eel4842_ws/install/_local_setup_util_sh.py'
[9.244s] INFO:colcon.colcon_core.shell:Creating prefix chain script '/home/molyo/EEL4842/eel4842_ws/install/setup.sh'
[9.275s] INFO:colcon.colcon_core.shell:Creating prefix script '/home/molyo/EEL4842/eel4842_ws/install/local_setup.bash'
[9.275s] INFO:colcon.colcon_core.shell:Creating prefix chain script '/home/molyo/EEL4842/eel4842_ws/install/setup.bash'
[9.296s] INFO:colcon.colcon_core.shell:Creating prefix script '/home/molyo/EEL4842/eel4842_ws/install/local_setup.zsh'
[9.296s] INFO:colcon.colcon_core.shell:Creating prefix chain script '/home/molyo/EEL4842/eel4842_ws/install/setup.zsh'
