running egg_info
creating ../build/ex_joystick/ex_joystick.egg-info
writing ../build/ex_joystick/ex_joystick.egg-info/PKG-INFO
writing dependency_links to ../build/ex_joystick/ex_joystick.egg-info/dependency_links.txt
writing entry points to ../build/ex_joystick/ex_joystick.egg-info/entry_points.txt
writing requirements to ../build/ex_joystick/ex_joystick.egg-info/requires.txt
writing top-level names to ../build/ex_joystick/ex_joystick.egg-info/top_level.txt
writing manifest file '../build/ex_joystick/ex_joystick.egg-info/SOURCES.txt'
reading manifest file '../build/ex_joystick/ex_joystick.egg-info/SOURCES.txt'
writing manifest file '../build/ex_joystick/ex_joystick.egg-info/SOURCES.txt'
running build
running build_py
creating /home/molyo/EEL4842/eel4842_ws/src/build/ex_joystick/build
creating /home/molyo/EEL4842/eel4842_ws/src/build/ex_joystick/build/lib
creating /home/molyo/EEL4842/eel4842_ws/src/build/ex_joystick/build/lib/ex_joystick
copying ex_joystick/map_joy_to_ack.py -> /home/molyo/EEL4842/eel4842_ws/src/build/ex_joystick/build/lib/ex_joystick
copying ex_joystick/__init__.py -> /home/molyo/EEL4842/eel4842_ws/src/build/ex_joystick/build/lib/ex_joystick
running install
running install_lib
creating /home/molyo/EEL4842/eel4842_ws/src/install/ex_joystick/lib/python3.10/site-packages/ex_joystick
copying /home/molyo/EEL4842/eel4842_ws/src/build/ex_joystick/build/lib/ex_joystick/map_joy_to_ack.py -> /home/molyo/EEL4842/eel4842_ws/src/install/ex_joystick/lib/python3.10/site-packages/ex_joystick
copying /home/molyo/EEL4842/eel4842_ws/src/build/ex_joystick/build/lib/ex_joystick/__init__.py -> /home/molyo/EEL4842/eel4842_ws/src/install/ex_joystick/lib/python3.10/site-packages/ex_joystick
byte-compiling /home/molyo/EEL4842/eel4842_ws/src/install/ex_joystick/lib/python3.10/site-packages/ex_joystick/map_joy_to_ack.py to map_joy_to_ack.cpython-310.pyc
byte-compiling /home/molyo/EEL4842/eel4842_ws/src/install/ex_joystick/lib/python3.10/site-packages/ex_joystick/__init__.py to __init__.cpython-310.pyc
running install_data
creating /home/molyo/EEL4842/eel4842_ws/src/install/ex_joystick/share/ament_index
creating /home/molyo/EEL4842/eel4842_ws/src/install/ex_joystick/share/ament_index/resource_index
creating /home/molyo/EEL4842/eel4842_ws/src/install/ex_joystick/share/ament_index/resource_index/packages
copying resource/ex_joystick -> /home/molyo/EEL4842/eel4842_ws/src/install/ex_joystick/share/ament_index/resource_index/packages
copying package.xml -> /home/molyo/EEL4842/eel4842_ws/src/install/ex_joystick/share/ex_joystick
running install_egg_info
Copying ../build/ex_joystick/ex_joystick.egg-info to /home/molyo/EEL4842/eel4842_ws/src/install/ex_joystick/lib/python3.10/site-packages/ex_joystick-1.0-py3.10.egg-info
running install_scripts
Installing map_joy script to /home/molyo/EEL4842/eel4842_ws/src/install/ex_joystick/lib/ex_joystick
writing list of installed files to '/home/molyo/EEL4842/eel4842_ws/src/build/ex_joystick/install.log'
