[2.497s] Invoking command in '/home/molyo/EEL4842/eel4842_ws/src/ex_joystick': BYOBU_DATE=%Y-%m-%d PYTHONPATH=/home/molyo/EEL4842/eel4842_ws/src/build/ex_joystick/prefix_override:/home/molyo/EEL4842/eel4842_ws/src/install/ex_joystick/lib/python3.10/site-packages:${PYTHONPATH} /usr/bin/python3 setup.py egg_info --egg-base ../build/ex_joystick build --build-base /home/molyo/EEL4842/eel4842_ws/src/build/ex_joystick/build install --record /home/molyo/EEL4842/eel4842_ws/src/build/ex_joystick/install.log --single-version-externally-managed
[2.823s] running egg_info
[2.823s] creating ../build/ex_joystick/ex_joystick.egg-info
[2.824s] writing ../build/ex_joystick/ex_joystick.egg-info/PKG-INFO
[2.824s] writing dependency_links to ../build/ex_joystick/ex_joystick.egg-info/dependency_links.txt
[2.824s] writing entry points to ../build/ex_joystick/ex_joystick.egg-info/entry_points.txt
[2.824s] writing requirements to ../build/ex_joystick/ex_joystick.egg-info/requires.txt
[2.824s] writing top-level names to ../build/ex_joystick/ex_joystick.egg-info/top_level.txt
[2.824s] writing manifest file '../build/ex_joystick/ex_joystick.egg-info/SOURCES.txt'
[2.826s] reading manifest file '../build/ex_joystick/ex_joystick.egg-info/SOURCES.txt'
[2.827s] writing manifest file '../build/ex_joystick/ex_joystick.egg-info/SOURCES.txt'
[2.827s] running build
[2.827s] running build_py
[2.828s] creating /home/molyo/EEL4842/eel4842_ws/src/build/ex_joystick/build
[2.828s] creating /home/molyo/EEL4842/eel4842_ws/src/build/ex_joystick/build/lib
[2.828s] creating /home/molyo/EEL4842/eel4842_ws/src/build/ex_joystick/build/lib/ex_joystick
[2.828s] copying ex_joystick/map_joy_to_ack.py -> /home/molyo/EEL4842/eel4842_ws/src/build/ex_joystick/build/lib/ex_joystick
[2.829s] copying ex_joystick/__init__.py -> /home/molyo/EEL4842/eel4842_ws/src/build/ex_joystick/build/lib/ex_joystick
[2.829s] running install
[2.830s] running install_lib
[2.830s] creating /home/molyo/EEL4842/eel4842_ws/src/install/ex_joystick/lib/python3.10/site-packages/ex_joystick
[2.831s] copying /home/molyo/EEL4842/eel4842_ws/src/build/ex_joystick/build/lib/ex_joystick/map_joy_to_ack.py -> /home/molyo/EEL4842/eel4842_ws/src/install/ex_joystick/lib/python3.10/site-packages/ex_joystick
[2.831s] copying /home/molyo/EEL4842/eel4842_ws/src/build/ex_joystick/build/lib/ex_joystick/__init__.py -> /home/molyo/EEL4842/eel4842_ws/src/install/ex_joystick/lib/python3.10/site-packages/ex_joystick
[2.831s] byte-compiling /home/molyo/EEL4842/eel4842_ws/src/install/ex_joystick/lib/python3.10/site-packages/ex_joystick/map_joy_to_ack.py to map_joy_to_ack.cpython-310.pyc
[2.832s] byte-compiling /home/molyo/EEL4842/eel4842_ws/src/install/ex_joystick/lib/python3.10/site-packages/ex_joystick/__init__.py to __init__.cpython-310.pyc
[2.832s] running install_data
[2.833s] creating /home/molyo/EEL4842/eel4842_ws/src/install/ex_joystick/share/ament_index
[2.833s] creating /home/molyo/EEL4842/eel4842_ws/src/install/ex_joystick/share/ament_index/resource_index
[2.833s] creating /home/molyo/EEL4842/eel4842_ws/src/install/ex_joystick/share/ament_index/resource_index/packages
[2.833s] copying resource/ex_joystick -> /home/molyo/EEL4842/eel4842_ws/src/install/ex_joystick/share/ament_index/resource_index/packages
[2.833s] copying package.xml -> /home/molyo/EEL4842/eel4842_ws/src/install/ex_joystick/share/ex_joystick
[2.833s] running install_egg_info
[2.835s] Copying ../build/ex_joystick/ex_joystick.egg-info to /home/molyo/EEL4842/eel4842_ws/src/install/ex_joystick/lib/python3.10/site-packages/ex_joystick-1.0-py3.10.egg-info
[2.836s] running install_scripts
[2.858s] Installing map_joy script to /home/molyo/EEL4842/eel4842_ws/src/install/ex_joystick/lib/ex_joystick
[2.859s] writing list of installed files to '/home/molyo/EEL4842/eel4842_ws/src/build/ex_joystick/install.log'
[2.962s] Invoked command in '/home/molyo/EEL4842/eel4842_ws/src/ex_joystick' returned '0': BYOBU_DATE=%Y-%m-%d PYTHONPATH=/home/molyo/EEL4842/eel4842_ws/src/build/ex_joystick/prefix_override:/home/molyo/EEL4842/eel4842_ws/src/install/ex_joystick/lib/python3.10/site-packages:${PYTHONPATH} /usr/bin/python3 setup.py egg_info --egg-base ../build/ex_joystick build --build-base /home/molyo/EEL4842/eel4842_ws/src/build/ex_joystick/build install --record /home/molyo/EEL4842/eel4842_ws/src/build/ex_joystick/install.log --single-version-externally-managed
