[1.376s] DEBUG:colcon:Command line arguments: ['/usr/bin/colcon', 'build']
[1.376s] DEBUG:colcon:Parsed command line arguments: Namespace(log_base=None, log_level=None, verb_name='build', build_base='build', install_base='install', merge_install=False, symlink_install=False, test_result_base=None, continue_on_error=False, executor='parallel', parallel_workers=12, event_handlers=None, ignore_user_meta=False, metas=['./colcon.meta'], base_paths=['.'], packages_ignore=None, packages_ignore_regex=None, paths=None, packages_up_to=None, packages_up_to_regex=None, packages_above=None, packages_above_and_dependencies=None, packages_above_depth=None, packages_select_by_dep=None, packages_skip_by_dep=None, packages_skip_up_to=None, packages_select_build_failed=False, packages_skip_build_finished=False, packages_select_test_failures=False, packages_skip_test_passed=False, packages_select=None, packages_skip=None, packages_select_regex=None, packages_skip_regex=None, packages_start=None, packages_end=None, allow_overriding=[], cmake_args=None, cmake_target=None, cmake_target_skip_unavailable=False, cmake_clean_cache=False, cmake_clean_first=False, cmake_force_configure=False, ament_cmake_args=None, catkin_cmake_args=None, catkin_skip_building_tests=False, verb_parser=<colcon_defaults.argument_parser.defaults.DefaultArgumentsDecorator object at 0x7ff3895036d0>, verb_extension=<colcon_core.verb.build.BuildVerb object at 0x7ff389503a90>, main=<bound method BuildVerb.main of <colcon_core.verb.build.BuildVerb object at 0x7ff389503a90>>)
[1.439s] Level 1:colcon.colcon_core.package_discovery:discover_packages(colcon_meta) check parameters
[1.439s] Level 1:colcon.colcon_core.package_discovery:discover_packages(recursive) check parameters
[1.439s] Level 1:colcon.colcon_core.package_discovery:discover_packages(ignore) check parameters
[1.439s] Level 1:colcon.colcon_core.package_discovery:discover_packages(path) check parameters
[1.439s] Level 1:colcon.colcon_core.package_discovery:discover_packages(colcon_meta) discover
[1.439s] Level 1:colcon.colcon_core.package_discovery:discover_packages(recursive) discover
[1.439s] INFO:colcon.colcon_core.package_discovery:Crawling recursively for packages in '/home/molyo/EEL4842/eel4842_ws/src/wall_following'
[1.439s] Level 1:colcon.colcon_core.package_identification:_identify(.) by extensions ['ignore', 'ignore_ament_install']
[1.439s] Level 1:colcon.colcon_core.package_identification:_identify(.) by extension 'ignore'
[1.440s] Level 1:colcon.colcon_core.package_identification:_identify(.) by extension 'ignore_ament_install'
[1.440s] Level 1:colcon.colcon_core.package_identification:_identify(.) by extensions ['colcon_pkg']
[1.440s] Level 1:colcon.colcon_core.package_identification:_identify(.) by extension 'colcon_pkg'
[1.440s] Level 1:colcon.colcon_core.package_identification:_identify(.) by extensions ['colcon_meta']
[1.440s] Level 1:colcon.colcon_core.package_identification:_identify(.) by extension 'colcon_meta'
[1.440s] Level 1:colcon.colcon_core.package_identification:_identify(.) by extensions ['ros']
[1.440s] Level 1:colcon.colcon_core.package_identification:_identify(.) by extension 'ros'
[1.455s] DEBUG:colcon.colcon_core.package_identification:Package '.' with type 'ros.ament_python' and name 'wall_following'
[1.455s] Level 1:colcon.colcon_core.package_discovery:discover_packages(recursive) using defaults
[1.455s] Level 1:colcon.colcon_core.package_discovery:discover_packages(ignore) discover
[1.455s] Level 1:colcon.colcon_core.package_discovery:discover_packages(ignore) using defaults
[1.455s] Level 1:colcon.colcon_core.package_discovery:discover_packages(path) discover
[1.455s] Level 1:colcon.colcon_core.package_discovery:discover_packages(path) using defaults
[1.581s] Level 1:colcon.colcon_core.package_discovery:discover_packages(prefix_path) check parameters
[1.581s] Level 1:colcon.colcon_core.package_discovery:discover_packages(prefix_path) discover
[1.621s] DEBUG:colcon.colcon_installed_package_information.package_discovery:Found 1 installed packages in /home/molyo/EEL4842/eel4842_ws/src/wall_following/install
[1.657s] DEBUG:colcon.colcon_installed_package_information.package_discovery:Found 3 installed packages in /home/molyo/EEL4842/eel4842_ws/install
[1.678s] DEBUG:colcon.colcon_installed_package_information.package_discovery:Found 5 installed packages in /home/molyo/eel4842/example_ws/install
[1.699s] DEBUG:colcon.colcon_installed_package_information.package_discovery:Found 272 installed packages in /opt/ros/humble
[1.700s] Level 1:colcon.colcon_core.package_discovery:discover_packages(prefix_path) using defaults
[1.813s] Level 5:colcon.colcon_core.verb:set package 'wall_following' build argument 'cmake_args' from command line to 'None'
[1.813s] Level 5:colcon.colcon_core.verb:set package 'wall_following' build argument 'cmake_target' from command line to 'None'
[1.813s] Level 5:colcon.colcon_core.verb:set package 'wall_following' build argument 'cmake_target_skip_unavailable' from command line to 'False'
[1.813s] Level 5:colcon.colcon_core.verb:set package 'wall_following' build argument 'cmake_clean_cache' from command line to 'False'
[1.813s] Level 5:colcon.colcon_core.verb:set package 'wall_following' build argument 'cmake_clean_first' from command line to 'False'
[1.813s] Level 5:colcon.colcon_core.verb:set package 'wall_following' build argument 'cmake_force_configure' from command line to 'False'
[1.813s] Level 5:colcon.colcon_core.verb:set package 'wall_following' build argument 'ament_cmake_args' from command line to 'None'
[1.813s] Level 5:colcon.colcon_core.verb:set package 'wall_following' build argument 'catkin_cmake_args' from command line to 'None'
[1.813s] Level 5:colcon.colcon_core.verb:set package 'wall_following' build argument 'catkin_skip_building_tests' from command line to 'False'
[1.813s] DEBUG:colcon.colcon_core.verb:Building package 'wall_following' with the following arguments: {'ament_cmake_args': None, 'build_base': '/home/molyo/EEL4842/eel4842_ws/src/wall_following/build/wall_following', 'catkin_cmake_args': None, 'catkin_skip_building_tests': False, 'cmake_args': None, 'cmake_clean_cache': False, 'cmake_clean_first': False, 'cmake_force_configure': False, 'cmake_target': None, 'cmake_target_skip_unavailable': False, 'install_base': '/home/molyo/EEL4842/eel4842_ws/src/wall_following/install/wall_following', 'merge_install': False, 'path': '/home/molyo/EEL4842/eel4842_ws/src/wall_following', 'symlink_install': False, 'test_result_base': None}
[1.834s] INFO:colcon.colcon_core.executor:Executing jobs using 'parallel' executor
[1.855s] DEBUG:colcon.colcon_parallel_executor.executor.parallel:run_until_complete
[1.855s] INFO:colcon.colcon_ros.task.ament_python.build:Building ROS package in '/home/molyo/EEL4842/eel4842_ws/src/wall_following' with build type 'ament_python'
[1.856s] Level 1:colcon.colcon_core.shell:create_environment_hook('wall_following', 'ament_prefix_path')
[1.877s] INFO:colcon.colcon_core.plugin_system:Skipping extension 'colcon_core.shell.bat': Not used on non-Windows systems
[1.878s] INFO:colcon.colcon_core.shell:Creating environment hook '/home/molyo/EEL4842/eel4842_ws/src/wall_following/install/wall_following/share/wall_following/hook/ament_prefix_path.ps1'
[1.878s] INFO:colcon.colcon_core.shell:Creating environment descriptor '/home/molyo/EEL4842/eel4842_ws/src/wall_following/install/wall_following/share/wall_following/hook/ament_prefix_path.dsv'
[1.879s] INFO:colcon.colcon_core.shell:Creating environment hook '/home/molyo/EEL4842/eel4842_ws/src/wall_following/install/wall_following/share/wall_following/hook/ament_prefix_path.sh'
[1.899s] INFO:colcon.colcon_core.shell:Skip shell extension 'powershell' for command environment: Not usable outside of PowerShell
[1.899s] DEBUG:colcon.colcon_core.shell:Skip shell extension 'dsv' for command environment
[2.367s] INFO:colcon.colcon_core.task.python.build:Building Python package in '/home/molyo/EEL4842/eel4842_ws/src/wall_following'
[2.388s] INFO:colcon.colcon_core.shell:Skip shell extension 'powershell' for command environment: Not usable outside of PowerShell
[2.388s] DEBUG:colcon.colcon_core.shell:Skip shell extension 'dsv' for command environment
[3.070s] DEBUG:colcon.colcon_core.event_handler.log_command:Invoking command in '/home/molyo/EEL4842/eel4842_ws/src/wall_following': BYOBU_DATE=%Y-%m-%d PYTHONPATH=/home/molyo/EEL4842/eel4842_ws/src/wall_following/build/wall_following/prefix_override:/home/molyo/EEL4842/eel4842_ws/src/wall_following/install/wall_following/lib/python3.10/site-packages:${PYTHONPATH} /usr/bin/python3 setup.py egg_info --egg-base build/wall_following build --build-base /home/molyo/EEL4842/eel4842_ws/src/wall_following/build/wall_following/build install --record /home/molyo/EEL4842/eel4842_ws/src/wall_following/build/wall_following/install.log --single-version-externally-managed
[3.450s] DEBUG:colcon.colcon_core.event_handler.log_command:Invoked command in '/home/molyo/EEL4842/eel4842_ws/src/wall_following' returned '0': BYOBU_DATE=%Y-%m-%d PYTHONPATH=/home/molyo/EEL4842/eel4842_ws/src/wall_following/build/wall_following/prefix_override:/home/molyo/EEL4842/eel4842_ws/src/wall_following/install/wall_following/lib/python3.10/site-packages:${PYTHONPATH} /usr/bin/python3 setup.py egg_info --egg-base build/wall_following build --build-base /home/molyo/EEL4842/eel4842_ws/src/wall_following/build/wall_following/build install --record /home/molyo/EEL4842/eel4842_ws/src/wall_following/build/wall_following/install.log --single-version-externally-managed
[3.473s] Level 1:colcon.colcon_core.environment:checking '/home/molyo/EEL4842/eel4842_ws/src/wall_following/install/wall_following' for CMake module files
[3.474s] Level 1:colcon.colcon_core.environment:checking '/home/molyo/EEL4842/eel4842_ws/src/wall_following/install/wall_following' for CMake config files
[3.475s] Level 1:colcon.colcon_core.environment:checking '/home/molyo/EEL4842/eel4842_ws/src/wall_following/install/wall_following/lib'
[3.475s] Level 1:colcon.colcon_core.environment:checking '/home/molyo/EEL4842/eel4842_ws/src/wall_following/install/wall_following/bin'
[3.475s] Level 1:colcon.colcon_core.environment:checking '/home/molyo/EEL4842/eel4842_ws/src/wall_following/install/wall_following/lib/pkgconfig/wall_following.pc'
[3.475s] Level 1:colcon.colcon_core.environment:checking '/home/molyo/EEL4842/eel4842_ws/src/wall_following/install/wall_following/lib/python3.10/site-packages'
[3.475s] Level 1:colcon.colcon_core.shell:create_environment_hook('wall_following', 'pythonpath')
[3.498s] INFO:colcon.colcon_core.shell:Creating environment hook '/home/molyo/EEL4842/eel4842_ws/src/wall_following/install/wall_following/share/wall_following/hook/pythonpath.ps1'
[3.499s] INFO:colcon.colcon_core.shell:Creating environment descriptor '/home/molyo/EEL4842/eel4842_ws/src/wall_following/install/wall_following/share/wall_following/hook/pythonpath.dsv'
[3.499s] INFO:colcon.colcon_core.shell:Creating environment hook '/home/molyo/EEL4842/eel4842_ws/src/wall_following/install/wall_following/share/wall_following/hook/pythonpath.sh'
[3.500s] Level 1:colcon.colcon_core.environment:checking '/home/molyo/EEL4842/eel4842_ws/src/wall_following/install/wall_following/bin'
[3.500s] Level 1:colcon.colcon_core.environment:create_environment_scripts_only(wall_following)
[3.521s] INFO:colcon.colcon_core.shell:Creating package script '/home/molyo/EEL4842/eel4842_ws/src/wall_following/install/wall_following/share/wall_following/package.ps1'
[3.522s] INFO:colcon.colcon_core.shell:Creating package descriptor '/home/molyo/EEL4842/eel4842_ws/src/wall_following/install/wall_following/share/wall_following/package.dsv'
[3.523s] INFO:colcon.colcon_core.shell:Creating package script '/home/molyo/EEL4842/eel4842_ws/src/wall_following/install/wall_following/share/wall_following/package.sh'
[3.524s] INFO:colcon.colcon_core.shell:Creating package script '/home/molyo/EEL4842/eel4842_ws/src/wall_following/install/wall_following/share/wall_following/package.bash'
[3.524s] INFO:colcon.colcon_core.shell:Creating package script '/home/molyo/EEL4842/eel4842_ws/src/wall_following/install/wall_following/share/wall_following/package.zsh'
[3.525s] Level 1:colcon.colcon_core.environment:create_file_with_runtime_dependencies(/home/molyo/EEL4842/eel4842_ws/src/wall_following/install/wall_following/share/colcon-core/packages/wall_following)
[3.526s] DEBUG:colcon.colcon_parallel_executor.executor.parallel:closing loop
[3.526s] DEBUG:colcon.colcon_parallel_executor.executor.parallel:loop closed
[3.526s] DEBUG:colcon.colcon_parallel_executor.executor.parallel:run_until_complete finished with '0'
[3.526s] DEBUG:colcon.colcon_core.event_reactor:joining thread
[3.561s] INFO:colcon.colcon_core.plugin_system:Skipping extension 'colcon_notification.desktop_notification.terminal_notifier': Not used on non-Darwin systems
[3.561s] INFO:colcon.colcon_core.plugin_system:Skipping extension 'colcon_notification.desktop_notification.win32': Not used on non-Windows systems
[3.562s] INFO:colcon.colcon_notification.desktop_notification:Sending desktop notification using 'notify2'
[3.575s] DEBUG:colcon.colcon_core.event_reactor:joined thread
[3.599s] INFO:colcon.colcon_core.shell:Creating prefix script '/home/molyo/EEL4842/eel4842_ws/src/wall_following/install/local_setup.ps1'
[3.600s] INFO:colcon.colcon_core.shell:Creating prefix util module '/home/molyo/EEL4842/eel4842_ws/src/wall_following/install/_local_setup_util_ps1.py'
[3.602s] INFO:colcon.colcon_core.shell:Creating prefix chain script '/home/molyo/EEL4842/eel4842_ws/src/wall_following/install/setup.ps1'
[3.623s] INFO:colcon.colcon_core.shell:Creating prefix script '/home/molyo/EEL4842/eel4842_ws/src/wall_following/install/local_setup.sh'
[3.624s] INFO:colcon.colcon_core.shell:Creating prefix util module '/home/molyo/EEL4842/eel4842_ws/src/wall_following/install/_local_setup_util_sh.py'
[3.624s] INFO:colcon.colcon_core.shell:Creating prefix chain script '/home/molyo/EEL4842/eel4842_ws/src/wall_following/install/setup.sh'
[3.645s] INFO:colcon.colcon_core.shell:Creating prefix script '/home/molyo/EEL4842/eel4842_ws/src/wall_following/install/local_setup.bash'
[3.646s] INFO:colcon.colcon_core.shell:Creating prefix chain script '/home/molyo/EEL4842/eel4842_ws/src/wall_following/install/setup.bash'
[3.668s] INFO:colcon.colcon_core.shell:Creating prefix script '/home/molyo/EEL4842/eel4842_ws/src/wall_following/install/local_setup.zsh'
[3.668s] INFO:colcon.colcon_core.shell:Creating prefix chain script '/home/molyo/EEL4842/eel4842_ws/src/wall_following/install/setup.zsh'
