[4.399s] Invoking command in '/home/molyo/EEL4842/eel4842_ws/src/ex_joystick': BYOBU_DATE=%Y-%m-%d PYTHONPATH=/home/molyo/EEL4842/eel4842_ws/build/ex_joystick/prefix_override:/home/molyo/EEL4842/eel4842_ws/install/ex_joystick/lib/python3.10/site-packages:${PYTHONPATH} /usr/bin/python3 setup.py egg_info --egg-base ../../build/ex_joystick build --build-base /home/molyo/EEL4842/eel4842_ws/build/ex_joystick/build install --record /home/molyo/EEL4842/eel4842_ws/build/ex_joystick/install.log --single-version-externally-managed
[4.758s] running egg_info
[4.758s] writing ../../build/ex_joystick/ex_joystick.egg-info/PKG-INFO
[4.759s] writing dependency_links to ../../build/ex_joystick/ex_joystick.egg-info/dependency_links.txt
[4.759s] writing entry points to ../../build/ex_joystick/ex_joystick.egg-info/entry_points.txt
[4.759s] writing requirements to ../../build/ex_joystick/ex_joystick.egg-info/requires.txt
[4.759s] writing top-level names to ../../build/ex_joystick/ex_joystick.egg-info/top_level.txt
[4.761s] reading manifest file '../../build/ex_joystick/ex_joystick.egg-info/SOURCES.txt'
[4.762s] writing manifest file '../../build/ex_joystick/ex_joystick.egg-info/SOURCES.txt'
[4.762s] running build
[4.762s] running build_py
[4.763s] running install
[4.763s] running install_lib
[4.764s] running install_data
[4.765s] running install_egg_info
[4.767s] removing '/home/molyo/EEL4842/eel4842_ws/install/ex_joystick/lib/python3.10/site-packages/ex_joystick-1.0-py3.10.egg-info' (and everything under it)
[4.767s] Copying ../../build/ex_joystick/ex_joystick.egg-info to /home/molyo/EEL4842/eel4842_ws/install/ex_joystick/lib/python3.10/site-packages/ex_joystick-1.0-py3.10.egg-info
[4.768s] running install_scripts
[4.792s] Installing map_joy script to /home/molyo/EEL4842/eel4842_ws/install/ex_joystick/lib/ex_joystick
[4.792s] writing list of installed files to '/home/molyo/EEL4842/eel4842_ws/build/ex_joystick/install.log'
[4.938s] Invoked command in '/home/molyo/EEL4842/eel4842_ws/src/ex_joystick' returned '0': BYOBU_DATE=%Y-%m-%d PYTHONPATH=/home/molyo/EEL4842/eel4842_ws/build/ex_joystick/prefix_override:/home/molyo/EEL4842/eel4842_ws/install/ex_joystick/lib/python3.10/site-packages:${PYTHONPATH} /usr/bin/python3 setup.py egg_info --egg-base ../../build/ex_joystick build --build-base /home/molyo/EEL4842/eel4842_ws/build/ex_joystick/build install --record /home/molyo/EEL4842/eel4842_ws/build/ex_joystick/install.log --single-version-externally-managed
