[3.438s] Invoking command in '/home/molyo/EEL4842/eel4842_ws/src/lidar': BYOBU_DATE=%Y-%m-%d PYTHONPATH=/home/molyo/EEL4842/eel4842_ws/build/lidar/prefix_override:/home/molyo/EEL4842/eel4842_ws/install/lidar/lib/python3.10/site-packages:${PYTHONPATH} /usr/bin/python3 setup.py egg_info --egg-base ../../build/lidar build --build-base /home/molyo/EEL4842/eel4842_ws/build/lidar/build install --record /home/molyo/EEL4842/eel4842_ws/build/lidar/install.log --single-version-externally-managed
[3.691s] running egg_info
[3.691s] writing ../../build/lidar/lidar.egg-info/PKG-INFO
[3.691s] writing dependency_links to ../../build/lidar/lidar.egg-info/dependency_links.txt
[3.692s] writing entry points to ../../build/lidar/lidar.egg-info/entry_points.txt
[3.692s] writing requirements to ../../build/lidar/lidar.egg-info/requires.txt
[3.692s] writing top-level names to ../../build/lidar/lidar.egg-info/top_level.txt
[3.693s] reading manifest file '../../build/lidar/lidar.egg-info/SOURCES.txt'
[3.694s] writing manifest file '../../build/lidar/lidar.egg-info/SOURCES.txt'
[3.694s] running build
[3.694s] running build_py
[3.694s] running install
[3.694s] running install_lib
[3.695s] running install_data
[3.696s] running install_egg_info
[3.697s] removing '/home/molyo/EEL4842/eel4842_ws/install/lidar/lib/python3.10/site-packages/lidar-1.0-py3.10.egg-info' (and everything under it)
[3.698s] Copying ../../build/lidar/lidar.egg-info to /home/molyo/EEL4842/eel4842_ws/install/lidar/lib/python3.10/site-packages/lidar-1.0-py3.10.egg-info
[3.699s] running install_scripts
[3.717s] Installing lidar_pointcloud script to /home/molyo/EEL4842/eel4842_ws/install/lidar/lib/lidar
[3.717s] writing list of installed files to '/home/molyo/EEL4842/eel4842_ws/build/lidar/install.log'
[3.748s] Invoked command in '/home/molyo/EEL4842/eel4842_ws/src/lidar' returned '0': BYOBU_DATE=%Y-%m-%d PYTHONPATH=/home/molyo/EEL4842/eel4842_ws/build/lidar/prefix_override:/home/molyo/EEL4842/eel4842_ws/install/lidar/lib/python3.10/site-packages:${PYTHONPATH} /usr/bin/python3 setup.py egg_info --egg-base ../../build/lidar build --build-base /home/molyo/EEL4842/eel4842_ws/build/lidar/build install --record /home/molyo/EEL4842/eel4842_ws/build/lidar/install.log --single-version-externally-managed
