[1.429s] DEBUG:colcon:Command line arguments: ['/usr/bin/colcon', 'build']
[1.429s] DEBUG:colcon:Parsed command line arguments: Namespace(log_base=None, log_level=None, verb_name='build', build_base='build', install_base='install', merge_install=False, symlink_install=False, test_result_base=None, continue_on_error=False, executor='parallel', parallel_workers=12, event_handlers=None, ignore_user_meta=False, metas=['./colcon.meta'], base_paths=['.'], packages_ignore=None, packages_ignore_regex=None, paths=None, packages_up_to=None, packages_up_to_regex=None, packages_above=None, packages_above_and_dependencies=None, packages_above_depth=None, packages_select_by_dep=None, packages_skip_by_dep=None, packages_skip_up_to=None, packages_select_build_failed=False, packages_skip_build_finished=False, packages_select_test_failures=False, packages_skip_test_passed=False, packages_select=None, packages_skip=None, packages_select_regex=None, packages_skip_regex=None, packages_start=None, packages_end=None, allow_overriding=[], cmake_args=None, cmake_target=None, cmake_target_skip_unavailable=False, cmake_clean_cache=False, cmake_clean_first=False, cmake_force_configure=False, ament_cmake_args=None, catkin_cmake_args=None, catkin_skip_building_tests=False, verb_parser=<colcon_defaults.argument_parser.defaults.DefaultArgumentsDecorator object at 0x7ffbf2900760>, verb_extension=<colcon_core.verb.build.BuildVerb object at 0x7ffbf2902bf0>, main=<bound method BuildVerb.main of <colcon_core.verb.build.BuildVerb object at 0x7ffbf2902bf0>>)
[1.493s] Level 1:colcon.colcon_core.package_discovery:discover_packages(colcon_meta) check parameters
[1.493s] Level 1:colcon.colcon_core.package_discovery:discover_packages(recursive) check parameters
[1.493s] Level 1:colcon.colcon_core.package_discovery:discover_packages(ignore) check parameters
[1.493s] Level 1:colcon.colcon_core.package_discovery:discover_packages(path) check parameters
[1.493s] Level 1:colcon.colcon_core.package_discovery:discover_packages(colcon_meta) discover
[1.493s] Level 1:colcon.colcon_core.package_discovery:discover_packages(recursive) discover
[1.493s] INFO:colcon.colcon_core.package_discovery:Crawling recursively for packages in '/home/molyo/EEL4842/eel4842_ws'
[1.494s] Level 1:colcon.colcon_core.package_identification:_identify(.) by extensions ['ignore', 'ignore_ament_install']
[1.494s] Level 1:colcon.colcon_core.package_identification:_identify(.) by extension 'ignore'
[1.494s] Level 1:colcon.colcon_core.package_identification:_identify(.) by extension 'ignore_ament_install'
[1.494s] Level 1:colcon.colcon_core.package_identification:_identify(.) by extensions ['colcon_pkg']
[1.494s] Level 1:colcon.colcon_core.package_identification:_identify(.) by extension 'colcon_pkg'
[1.494s] Level 1:colcon.colcon_core.package_identification:_identify(.) by extensions ['colcon_meta']
[1.494s] Level 1:colcon.colcon_core.package_identification:_identify(.) by extension 'colcon_meta'
[1.494s] Level 1:colcon.colcon_core.package_identification:_identify(.) by extensions ['ros']
[1.494s] Level 1:colcon.colcon_core.package_identification:_identify(.) by extension 'ros'
[1.509s] Level 1:colcon.colcon_core.package_identification:_identify(.) by extensions ['cmake', 'python']
[1.509s] Level 1:colcon.colcon_core.package_identification:_identify(.) by extension 'cmake'
[1.509s] Level 1:colcon.colcon_core.package_identification:_identify(.) by extension 'python'
[1.509s] Level 1:colcon.colcon_core.package_identification:_identify(.) by extensions ['python_setup_py']
[1.509s] Level 1:colcon.colcon_core.package_identification:_identify(.) by extension 'python_setup_py'
[1.510s] Level 1:colcon.colcon_core.package_identification:_identify(build) by extensions ['ignore', 'ignore_ament_install']
[1.510s] Level 1:colcon.colcon_core.package_identification:_identify(build) by extension 'ignore'
[1.510s] Level 1:colcon.colcon_core.package_identification:_identify(build) ignored
[1.510s] Level 1:colcon.colcon_core.package_identification:_identify(install) by extensions ['ignore', 'ignore_ament_install']
[1.510s] Level 1:colcon.colcon_core.package_identification:_identify(install) by extension 'ignore'
[1.510s] Level 1:colcon.colcon_core.package_identification:_identify(install) ignored
[1.510s] Level 1:colcon.colcon_core.package_identification:_identify(log) by extensions ['ignore', 'ignore_ament_install']
[1.510s] Level 1:colcon.colcon_core.package_identification:_identify(log) by extension 'ignore'
[1.510s] Level 1:colcon.colcon_core.package_identification:_identify(log) ignored
[1.511s] Level 1:colcon.colcon_core.package_identification:_identify(src) by extensions ['ignore', 'ignore_ament_install']
[1.511s] Level 1:colcon.colcon_core.package_identification:_identify(src) by extension 'ignore'
[1.511s] Level 1:colcon.colcon_core.package_identification:_identify(src) by extension 'ignore_ament_install'
[1.511s] Level 1:colcon.colcon_core.package_identification:_identify(src) by extensions ['colcon_pkg']
[1.511s] Level 1:colcon.colcon_core.package_identification:_identify(src) by extension 'colcon_pkg'
[1.511s] Level 1:colcon.colcon_core.package_identification:_identify(src) by extensions ['colcon_meta']
[1.511s] Level 1:colcon.colcon_core.package_identification:_identify(src) by extension 'colcon_meta'
[1.511s] Level 1:colcon.colcon_core.package_identification:_identify(src) by extensions ['ros']
[1.511s] Level 1:colcon.colcon_core.package_identification:_identify(src) by extension 'ros'
[1.511s] Level 1:colcon.colcon_core.package_identification:_identify(src) by extensions ['cmake', 'python']
[1.511s] Level 1:colcon.colcon_core.package_identification:_identify(src) by extension 'cmake'
[1.511s] Level 1:colcon.colcon_core.package_identification:_identify(src) by extension 'python'
[1.511s] Level 1:colcon.colcon_core.package_identification:_identify(src) by extensions ['python_setup_py']
[1.511s] Level 1:colcon.colcon_core.package_identification:_identify(src) by extension 'python_setup_py'
[1.511s] Level 1:colcon.colcon_core.package_identification:_identify(src/ex_joystick) by extensions ['ignore', 'ignore_ament_install']
[1.512s] Level 1:colcon.colcon_core.package_identification:_identify(src/ex_joystick) by extension 'ignore'
[1.512s] Level 1:colcon.colcon_core.package_identification:_identify(src/ex_joystick) by extension 'ignore_ament_install'
[1.512s] Level 1:colcon.colcon_core.package_identification:_identify(src/ex_joystick) by extensions ['colcon_pkg']
[1.512s] Level 1:colcon.colcon_core.package_identification:_identify(src/ex_joystick) by extension 'colcon_pkg'
[1.512s] Level 1:colcon.colcon_core.package_identification:_identify(src/ex_joystick) by extensions ['colcon_meta']
[1.512s] Level 1:colcon.colcon_core.package_identification:_identify(src/ex_joystick) by extension 'colcon_meta'
[1.512s] Level 1:colcon.colcon_core.package_identification:_identify(src/ex_joystick) by extensions ['ros']
[1.512s] Level 1:colcon.colcon_core.package_identification:_identify(src/ex_joystick) by extension 'ros'
[1.515s] DEBUG:colcon.colcon_core.package_identification:Package 'src/ex_joystick' with type 'ros.ament_python' and name 'ex_joystick'
[1.515s] Level 1:colcon.colcon_core.package_identification:_identify(src/wall_following) by extensions ['ignore', 'ignore_ament_install']
[1.515s] Level 1:colcon.colcon_core.package_identification:_identify(src/wall_following) by extension 'ignore'
[1.515s] Level 1:colcon.colcon_core.package_identification:_identify(src/wall_following) by extension 'ignore_ament_install'
[1.515s] Level 1:colcon.colcon_core.package_identification:_identify(src/wall_following) by extensions ['colcon_pkg']
[1.515s] Level 1:colcon.colcon_core.package_identification:_identify(src/wall_following) by extension 'colcon_pkg'
[1.515s] Level 1:colcon.colcon_core.package_identification:_identify(src/wall_following) by extensions ['colcon_meta']
[1.515s] Level 1:colcon.colcon_core.package_identification:_identify(src/wall_following) by extension 'colcon_meta'
[1.515s] Level 1:colcon.colcon_core.package_identification:_identify(src/wall_following) by extensions ['ros']
[1.515s] Level 1:colcon.colcon_core.package_identification:_identify(src/wall_following) by extension 'ros'
[1.516s] DEBUG:colcon.colcon_core.package_identification:Package 'src/wall_following' with type 'ros.ament_python' and name 'wall_following'
[1.516s] Level 1:colcon.colcon_core.package_discovery:discover_packages(recursive) using defaults
[1.516s] Level 1:colcon.colcon_core.package_discovery:discover_packages(ignore) discover
[1.516s] Level 1:colcon.colcon_core.package_discovery:discover_packages(ignore) using defaults
[1.516s] Level 1:colcon.colcon_core.package_discovery:discover_packages(path) discover
[1.516s] Level 1:colcon.colcon_core.package_discovery:discover_packages(path) using defaults
[1.645s] Level 1:colcon.colcon_core.package_discovery:discover_packages(prefix_path) check parameters
[1.645s] Level 1:colcon.colcon_core.package_discovery:discover_packages(prefix_path) discover
[1.687s] DEBUG:colcon.colcon_installed_package_information.package_discovery:Found 2 installed packages in /home/molyo/EEL4842/eel4842_ws/install
[1.720s] DEBUG:colcon.colcon_installed_package_information.package_discovery:Found 5 installed packages in /home/molyo/eel4842/example_ws/install
[1.742s] DEBUG:colcon.colcon_installed_package_information.package_discovery:Found 272 installed packages in /opt/ros/humble
[1.744s] Level 1:colcon.colcon_core.package_discovery:discover_packages(prefix_path) using defaults
[1.853s] Level 5:colcon.colcon_core.verb:set package 'ex_joystick' build argument 'cmake_args' from command line to 'None'
[1.853s] Level 5:colcon.colcon_core.verb:set package 'ex_joystick' build argument 'cmake_target' from command line to 'None'
[1.853s] Level 5:colcon.colcon_core.verb:set package 'ex_joystick' build argument 'cmake_target_skip_unavailable' from command line to 'False'
[1.853s] Level 5:colcon.colcon_core.verb:set package 'ex_joystick' build argument 'cmake_clean_cache' from command line to 'False'
[1.853s] Level 5:colcon.colcon_core.verb:set package 'ex_joystick' build argument 'cmake_clean_first' from command line to 'False'
[1.853s] Level 5:colcon.colcon_core.verb:set package 'ex_joystick' build argument 'cmake_force_configure' from command line to 'False'
[1.853s] Level 5:colcon.colcon_core.verb:set package 'ex_joystick' build argument 'ament_cmake_args' from command line to 'None'
[1.853s] Level 5:colcon.colcon_core.verb:set package 'ex_joystick' build argument 'catkin_cmake_args' from command line to 'None'
[1.853s] Level 5:colcon.colcon_core.verb:set package 'ex_joystick' build argument 'catkin_skip_building_tests' from command line to 'False'
[1.853s] DEBUG:colcon.colcon_core.verb:Building package 'ex_joystick' with the following arguments: {'ament_cmake_args': None, 'build_base': '/home/molyo/EEL4842/eel4842_ws/build/ex_joystick', 'catkin_cmake_args': None, 'catkin_skip_building_tests': False, 'cmake_args': None, 'cmake_clean_cache': False, 'cmake_clean_first': False, 'cmake_force_configure': False, 'cmake_target': None, 'cmake_target_skip_unavailable': False, 'install_base': '/home/molyo/EEL4842/eel4842_ws/install/ex_joystick', 'merge_install': False, 'path': '/home/molyo/EEL4842/eel4842_ws/src/ex_joystick', 'symlink_install': False, 'test_result_base': None}
[1.874s] Level 5:colcon.colcon_core.verb:set package 'wall_following' build argument 'cmake_args' from command line to 'None'
[1.874s] Level 5:colcon.colcon_core.verb:set package 'wall_following' build argument 'cmake_target' from command line to 'None'
[1.874s] Level 5:colcon.colcon_core.verb:set package 'wall_following' build argument 'cmake_target_skip_unavailable' from command line to 'False'
[1.874s] Level 5:colcon.colcon_core.verb:set package 'wall_following' build argument 'cmake_clean_cache' from command line to 'False'
[1.874s] Level 5:colcon.colcon_core.verb:set package 'wall_following' build argument 'cmake_clean_first' from command line to 'False'
[1.874s] Level 5:colcon.colcon_core.verb:set package 'wall_following' build argument 'cmake_force_configure' from command line to 'False'
[1.874s] Level 5:colcon.colcon_core.verb:set package 'wall_following' build argument 'ament_cmake_args' from command line to 'None'
[1.874s] Level 5:colcon.colcon_core.verb:set package 'wall_following' build argument 'catkin_cmake_args' from command line to 'None'
[1.874s] Level 5:colcon.colcon_core.verb:set package 'wall_following' build argument 'catkin_skip_building_tests' from command line to 'False'
[1.874s] DEBUG:colcon.colcon_core.verb:Building package 'wall_following' with the following arguments: {'ament_cmake_args': None, 'build_base': '/home/molyo/EEL4842/eel4842_ws/build/wall_following', 'catkin_cmake_args': None, 'catkin_skip_building_tests': False, 'cmake_args': None, 'cmake_clean_cache': False, 'cmake_clean_first': False, 'cmake_force_configure': False, 'cmake_target': None, 'cmake_target_skip_unavailable': False, 'install_base': '/home/molyo/EEL4842/eel4842_ws/install/wall_following', 'merge_install': False, 'path': '/home/molyo/EEL4842/eel4842_ws/src/wall_following', 'symlink_install': False, 'test_result_base': None}
[1.894s] INFO:colcon.colcon_core.executor:Executing jobs using 'parallel' executor
[1.915s] DEBUG:colcon.colcon_parallel_executor.executor.parallel:run_until_complete
[1.915s] INFO:colcon.colcon_ros.task.ament_python.build:Building ROS package in '/home/molyo/EEL4842/eel4842_ws/src/ex_joystick' with build type 'ament_python'
[1.915s] Level 1:colcon.colcon_core.shell:create_environment_hook('ex_joystick', 'ament_prefix_path')
[1.937s] INFO:colcon.colcon_core.plugin_system:Skipping extension 'colcon_core.shell.bat': Not used on non-Windows systems
[1.937s] INFO:colcon.colcon_core.shell:Creating environment hook '/home/molyo/EEL4842/eel4842_ws/install/ex_joystick/share/ex_joystick/hook/ament_prefix_path.ps1'
[1.938s] INFO:colcon.colcon_core.shell:Creating environment descriptor '/home/molyo/EEL4842/eel4842_ws/install/ex_joystick/share/ex_joystick/hook/ament_prefix_path.dsv'
[1.938s] INFO:colcon.colcon_core.shell:Creating environment hook '/home/molyo/EEL4842/eel4842_ws/install/ex_joystick/share/ex_joystick/hook/ament_prefix_path.sh'
[1.959s] INFO:colcon.colcon_core.shell:Skip shell extension 'powershell' for command environment: Not usable outside of PowerShell
[1.959s] DEBUG:colcon.colcon_core.shell:Skip shell extension 'dsv' for command environment
[2.044s] INFO:colcon.colcon_ros.task.ament_python.build:Building ROS package in '/home/molyo/EEL4842/eel4842_ws/src/wall_following' with build type 'ament_python'
[2.044s] Level 1:colcon.colcon_core.shell:create_environment_hook('wall_following', 'ament_prefix_path')
[2.065s] INFO:colcon.colcon_core.shell:Creating environment hook '/home/molyo/EEL4842/eel4842_ws/install/wall_following/share/wall_following/hook/ament_prefix_path.ps1'
[2.065s] INFO:colcon.colcon_core.shell:Creating environment descriptor '/home/molyo/EEL4842/eel4842_ws/install/wall_following/share/wall_following/hook/ament_prefix_path.dsv'
[2.066s] INFO:colcon.colcon_core.shell:Creating environment hook '/home/molyo/EEL4842/eel4842_ws/install/wall_following/share/wall_following/hook/ament_prefix_path.sh'
[2.086s] INFO:colcon.colcon_core.shell:Skip shell extension 'powershell' for command environment: Not usable outside of PowerShell
[2.086s] DEBUG:colcon.colcon_core.shell:Skip shell extension 'dsv' for command environment
[2.521s] INFO:colcon.colcon_core.task.python.build:Building Python package in '/home/molyo/EEL4842/eel4842_ws/src/ex_joystick'
[2.542s] INFO:colcon.colcon_core.shell:Skip shell extension 'powershell' for command environment: Not usable outside of PowerShell
[2.542s] DEBUG:colcon.colcon_core.shell:Skip shell extension 'dsv' for command environment
[2.992s] INFO:colcon.colcon_core.task.python.build:Building Python package in '/home/molyo/EEL4842/eel4842_ws/src/wall_following'
[3.012s] INFO:colcon.colcon_core.shell:Skip shell extension 'powershell' for command environment: Not usable outside of PowerShell
[3.012s] DEBUG:colcon.colcon_core.shell:Skip shell extension 'dsv' for command environment
[3.706s] DEBUG:colcon.colcon_core.event_handler.log_command:Invoking command in '/home/molyo/EEL4842/eel4842_ws/src/ex_joystick': BYOBU_DATE=%Y-%m-%d PYTHONPATH=/home/molyo/EEL4842/eel4842_ws/build/ex_joystick/prefix_override:/home/molyo/EEL4842/eel4842_ws/install/ex_joystick/lib/python3.10/site-packages:${PYTHONPATH} /usr/bin/python3 setup.py egg_info --egg-base ../../build/ex_joystick build --build-base /home/molyo/EEL4842/eel4842_ws/build/ex_joystick/build install --record /home/molyo/EEL4842/eel4842_ws/build/ex_joystick/install.log --single-version-externally-managed
[3.709s] DEBUG:colcon.colcon_core.event_handler.log_command:Invoking command in '/home/molyo/EEL4842/eel4842_ws/src/wall_following': BYOBU_DATE=%Y-%m-%d PYTHONPATH=/home/molyo/EEL4842/eel4842_ws/build/wall_following/prefix_override:/home/molyo/EEL4842/eel4842_ws/install/wall_following/lib/python3.10/site-packages:${PYTHONPATH} /usr/bin/python3 setup.py egg_info --egg-base ../../build/wall_following build --build-base /home/molyo/EEL4842/eel4842_ws/build/wall_following/build install --record /home/molyo/EEL4842/eel4842_ws/build/wall_following/install.log --single-version-externally-managed
[4.099s] DEBUG:colcon.colcon_core.event_handler.log_command:Invoked command in '/home/molyo/EEL4842/eel4842_ws/src/ex_joystick' returned '0': BYOBU_DATE=%Y-%m-%d PYTHONPATH=/home/molyo/EEL4842/eel4842_ws/build/ex_joystick/prefix_override:/home/molyo/EEL4842/eel4842_ws/install/ex_joystick/lib/python3.10/site-packages:${PYTHONPATH} /usr/bin/python3 setup.py egg_info --egg-base ../../build/ex_joystick build --build-base /home/molyo/EEL4842/eel4842_ws/build/ex_joystick/build install --record /home/molyo/EEL4842/eel4842_ws/build/ex_joystick/install.log --single-version-externally-managed
[4.122s] Level 1:colcon.colcon_core.environment:checking '/home/molyo/EEL4842/eel4842_ws/install/ex_joystick' for CMake module files
[4.123s] Level 1:colcon.colcon_core.environment:checking '/home/molyo/EEL4842/eel4842_ws/install/ex_joystick' for CMake config files
[4.124s] Level 1:colcon.colcon_core.environment:checking '/home/molyo/EEL4842/eel4842_ws/install/ex_joystick/lib'
[4.124s] Level 1:colcon.colcon_core.environment:checking '/home/molyo/EEL4842/eel4842_ws/install/ex_joystick/bin'
[4.124s] Level 1:colcon.colcon_core.environment:checking '/home/molyo/EEL4842/eel4842_ws/install/ex_joystick/lib/pkgconfig/ex_joystick.pc'
[4.124s] Level 1:colcon.colcon_core.environment:checking '/home/molyo/EEL4842/eel4842_ws/install/ex_joystick/lib/python3.10/site-packages'
[4.124s] Level 1:colcon.colcon_core.shell:create_environment_hook('ex_joystick', 'pythonpath')
[4.144s] INFO:colcon.colcon_core.shell:Creating environment hook '/home/molyo/EEL4842/eel4842_ws/install/ex_joystick/share/ex_joystick/hook/pythonpath.ps1'
[4.145s] INFO:colcon.colcon_core.shell:Creating environment descriptor '/home/molyo/EEL4842/eel4842_ws/install/ex_joystick/share/ex_joystick/hook/pythonpath.dsv'
[4.145s] INFO:colcon.colcon_core.shell:Creating environment hook '/home/molyo/EEL4842/eel4842_ws/install/ex_joystick/share/ex_joystick/hook/pythonpath.sh'
[4.146s] Level 1:colcon.colcon_core.environment:checking '/home/molyo/EEL4842/eel4842_ws/install/ex_joystick/bin'
[4.146s] Level 1:colcon.colcon_core.environment:create_environment_scripts_only(ex_joystick)
[4.166s] INFO:colcon.colcon_core.shell:Creating package script '/home/molyo/EEL4842/eel4842_ws/install/ex_joystick/share/ex_joystick/package.ps1'
[4.167s] INFO:colcon.colcon_core.shell:Creating package descriptor '/home/molyo/EEL4842/eel4842_ws/install/ex_joystick/share/ex_joystick/package.dsv'
[4.168s] INFO:colcon.colcon_core.shell:Creating package script '/home/molyo/EEL4842/eel4842_ws/install/ex_joystick/share/ex_joystick/package.sh'
[4.168s] INFO:colcon.colcon_core.shell:Creating package script '/home/molyo/EEL4842/eel4842_ws/install/ex_joystick/share/ex_joystick/package.bash'
[4.169s] INFO:colcon.colcon_core.shell:Creating package script '/home/molyo/EEL4842/eel4842_ws/install/ex_joystick/share/ex_joystick/package.zsh'
[4.170s] Level 1:colcon.colcon_core.environment:create_file_with_runtime_dependencies(/home/molyo/EEL4842/eel4842_ws/install/ex_joystick/share/colcon-core/packages/ex_joystick)
[4.172s] DEBUG:colcon.colcon_core.event_handler.log_command:Invoked command in '/home/molyo/EEL4842/eel4842_ws/src/wall_following' returned '0': BYOBU_DATE=%Y-%m-%d PYTHONPATH=/home/molyo/EEL4842/eel4842_ws/build/wall_following/prefix_override:/home/molyo/EEL4842/eel4842_ws/install/wall_following/lib/python3.10/site-packages:${PYTHONPATH} /usr/bin/python3 setup.py egg_info --egg-base ../../build/wall_following build --build-base /home/molyo/EEL4842/eel4842_ws/build/wall_following/build install --record /home/molyo/EEL4842/eel4842_ws/build/wall_following/install.log --single-version-externally-managed
[4.192s] Level 1:colcon.colcon_core.environment:checking '/home/molyo/EEL4842/eel4842_ws/install/wall_following' for CMake module files
[4.193s] Level 1:colcon.colcon_core.environment:checking '/home/molyo/EEL4842/eel4842_ws/install/wall_following' for CMake config files
[4.193s] Level 1:colcon.colcon_core.environment:checking '/home/molyo/EEL4842/eel4842_ws/install/wall_following/lib'
[4.193s] Level 1:colcon.colcon_core.environment:checking '/home/molyo/EEL4842/eel4842_ws/install/wall_following/bin'
[4.193s] Level 1:colcon.colcon_core.environment:checking '/home/molyo/EEL4842/eel4842_ws/install/wall_following/lib/pkgconfig/wall_following.pc'
[4.194s] Level 1:colcon.colcon_core.environment:checking '/home/molyo/EEL4842/eel4842_ws/install/wall_following/lib/python3.10/site-packages'
[4.194s] Level 1:colcon.colcon_core.shell:create_environment_hook('wall_following', 'pythonpath')
[4.214s] INFO:colcon.colcon_core.shell:Creating environment hook '/home/molyo/EEL4842/eel4842_ws/install/wall_following/share/wall_following/hook/pythonpath.ps1'
[4.215s] INFO:colcon.colcon_core.shell:Creating environment descriptor '/home/molyo/EEL4842/eel4842_ws/install/wall_following/share/wall_following/hook/pythonpath.dsv'
[4.215s] INFO:colcon.colcon_core.shell:Creating environment hook '/home/molyo/EEL4842/eel4842_ws/install/wall_following/share/wall_following/hook/pythonpath.sh'
[4.216s] Level 1:colcon.colcon_core.environment:checking '/home/molyo/EEL4842/eel4842_ws/install/wall_following/bin'
[4.216s] Level 1:colcon.colcon_core.environment:create_environment_scripts_only(wall_following)
[4.237s] INFO:colcon.colcon_core.shell:Creating package script '/home/molyo/EEL4842/eel4842_ws/install/wall_following/share/wall_following/package.ps1'
[4.238s] INFO:colcon.colcon_core.shell:Creating package descriptor '/home/molyo/EEL4842/eel4842_ws/install/wall_following/share/wall_following/package.dsv'
[4.238s] INFO:colcon.colcon_core.shell:Creating package script '/home/molyo/EEL4842/eel4842_ws/install/wall_following/share/wall_following/package.sh'
[4.239s] INFO:colcon.colcon_core.shell:Creating package script '/home/molyo/EEL4842/eel4842_ws/install/wall_following/share/wall_following/package.bash'
[4.239s] INFO:colcon.colcon_core.shell:Creating package script '/home/molyo/EEL4842/eel4842_ws/install/wall_following/share/wall_following/package.zsh'
[4.240s] Level 1:colcon.colcon_core.environment:create_file_with_runtime_dependencies(/home/molyo/EEL4842/eel4842_ws/install/wall_following/share/colcon-core/packages/wall_following)
[4.240s] DEBUG:colcon.colcon_parallel_executor.executor.parallel:closing loop
[4.240s] DEBUG:colcon.colcon_parallel_executor.executor.parallel:loop closed
[4.240s] DEBUG:colcon.colcon_parallel_executor.executor.parallel:run_until_complete finished with '0'
[4.241s] DEBUG:colcon.colcon_core.event_reactor:joining thread
[4.269s] INFO:colcon.colcon_core.plugin_system:Skipping extension 'colcon_notification.desktop_notification.terminal_notifier': Not used on non-Darwin systems
[4.269s] INFO:colcon.colcon_core.plugin_system:Skipping extension 'colcon_notification.desktop_notification.win32': Not used on non-Windows systems
[4.269s] INFO:colcon.colcon_notification.desktop_notification:Sending desktop notification using 'notify2'
[4.283s] DEBUG:colcon.colcon_core.event_reactor:joined thread
[4.304s] INFO:colcon.colcon_core.shell:Creating prefix script '/home/molyo/EEL4842/eel4842_ws/install/local_setup.ps1'
[4.305s] INFO:colcon.colcon_core.shell:Creating prefix util module '/home/molyo/EEL4842/eel4842_ws/install/_local_setup_util_ps1.py'
[4.307s] INFO:colcon.colcon_core.shell:Creating prefix chain script '/home/molyo/EEL4842/eel4842_ws/install/setup.ps1'
[4.328s] INFO:colcon.colcon_core.shell:Creating prefix script '/home/molyo/EEL4842/eel4842_ws/install/local_setup.sh'
[4.329s] INFO:colcon.colcon_core.shell:Creating prefix util module '/home/molyo/EEL4842/eel4842_ws/install/_local_setup_util_sh.py'
[4.329s] INFO:colcon.colcon_core.shell:Creating prefix chain script '/home/molyo/EEL4842/eel4842_ws/install/setup.sh'
[4.352s] INFO:colcon.colcon_core.shell:Creating prefix script '/home/molyo/EEL4842/eel4842_ws/install/local_setup.bash'
[4.352s] INFO:colcon.colcon_core.shell:Creating prefix chain script '/home/molyo/EEL4842/eel4842_ws/install/setup.bash'
[4.374s] INFO:colcon.colcon_core.shell:Creating prefix script '/home/molyo/EEL4842/eel4842_ws/install/local_setup.zsh'
[4.375s] INFO:colcon.colcon_core.shell:Creating prefix chain script '/home/molyo/EEL4842/eel4842_ws/install/setup.zsh'
