[1.298s] Invoking command in '/home/molyo/EEL4842/eel4842_ws/src/ex_joystick': BYOBU_DATE=%Y-%m-%d PYTHONPATH=/home/molyo/EEL4842/eel4842_ws/build/ex_joystick/prefix_override:/home/molyo/EEL4842/eel4842_ws/install/ex_joystick/lib/python3.10/site-packages:${PYTHONPATH} /usr/bin/python3 setup.py egg_info --egg-base ../../build/ex_joystick build --build-base /home/molyo/EEL4842/eel4842_ws/build/ex_joystick/build install --record /home/molyo/EEL4842/eel4842_ws/build/ex_joystick/install.log --single-version-externally-managed
[1.639s] running egg_info
[1.639s] creating ../../build/ex_joystick/ex_joystick.egg-info
[1.640s] writing ../../build/ex_joystick/ex_joystick.egg-info/PKG-INFO
[1.640s] writing dependency_links to ../../build/ex_joystick/ex_joystick.egg-info/dependency_links.txt
[1.640s] writing entry points to ../../build/ex_joystick/ex_joystick.egg-info/entry_points.txt
[1.640s] writing requirements to ../../build/ex_joystick/ex_joystick.egg-info/requires.txt
[1.640s] writing top-level names to ../../build/ex_joystick/ex_joystick.egg-info/top_level.txt
[1.641s] writing manifest file '../../build/ex_joystick/ex_joystick.egg-info/SOURCES.txt'
[1.643s] reading manifest file '../../build/ex_joystick/ex_joystick.egg-info/SOURCES.txt'
[1.643s] writing manifest file '../../build/ex_joystick/ex_joystick.egg-info/SOURCES.txt'
[1.643s] running build
[1.644s] running build_py
[1.644s] creating /home/molyo/EEL4842/eel4842_ws/build/ex_joystick/build
[1.644s] creating /home/molyo/EEL4842/eel4842_ws/build/ex_joystick/build/lib
[1.644s] creating /home/molyo/EEL4842/eel4842_ws/build/ex_joystick/build/lib/ex_joystick
[1.644s] copying ex_joystick/map_joy_to_ack.py -> /home/molyo/EEL4842/eel4842_ws/build/ex_joystick/build/lib/ex_joystick
[1.650s] copying ex_joystick/__init__.py -> /home/molyo/EEL4842/eel4842_ws/build/ex_joystick/build/lib/ex_joystick
[1.651s] running install
[1.651s] running install_lib
[1.652s] creating /home/molyo/EEL4842/eel4842_ws/install/ex_joystick/lib/python3.10/site-packages/ex_joystick
[1.652s] copying /home/molyo/EEL4842/eel4842_ws/build/ex_joystick/build/lib/ex_joystick/map_joy_to_ack.py -> /home/molyo/EEL4842/eel4842_ws/install/ex_joystick/lib/python3.10/site-packages/ex_joystick
[1.652s] copying /home/molyo/EEL4842/eel4842_ws/build/ex_joystick/build/lib/ex_joystick/__init__.py -> /home/molyo/EEL4842/eel4842_ws/install/ex_joystick/lib/python3.10/site-packages/ex_joystick
[1.653s] byte-compiling /home/molyo/EEL4842/eel4842_ws/install/ex_joystick/lib/python3.10/site-packages/ex_joystick/map_joy_to_ack.py to map_joy_to_ack.cpython-310.pyc
[1.654s] byte-compiling /home/molyo/EEL4842/eel4842_ws/install/ex_joystick/lib/python3.10/site-packages/ex_joystick/__init__.py to __init__.cpython-310.pyc
[1.654s] running install_data
[1.654s] creating /home/molyo/EEL4842/eel4842_ws/install/ex_joystick/share/ament_index
[1.655s] creating /home/molyo/EEL4842/eel4842_ws/install/ex_joystick/share/ament_index/resource_index
[1.655s] creating /home/molyo/EEL4842/eel4842_ws/install/ex_joystick/share/ament_index/resource_index/packages
[1.655s] copying resource/ex_joystick -> /home/molyo/EEL4842/eel4842_ws/install/ex_joystick/share/ament_index/resource_index/packages
[1.655s] copying package.xml -> /home/molyo/EEL4842/eel4842_ws/install/ex_joystick/share/ex_joystick
[1.655s] running install_egg_info
[1.657s] Copying ../../build/ex_joystick/ex_joystick.egg-info to /home/molyo/EEL4842/eel4842_ws/install/ex_joystick/lib/python3.10/site-packages/ex_joystick-1.0-py3.10.egg-info
[1.658s] running install_scripts
[1.682s] Installing map_joy script to /home/molyo/EEL4842/eel4842_ws/install/ex_joystick/lib/ex_joystick
[1.683s] writing list of installed files to '/home/molyo/EEL4842/eel4842_ws/build/ex_joystick/install.log'
[1.712s] Invoked command in '/home/molyo/EEL4842/eel4842_ws/src/ex_joystick' returned '0': BYOBU_DATE=%Y-%m-%d PYTHONPATH=/home/molyo/EEL4842/eel4842_ws/build/ex_joystick/prefix_override:/home/molyo/EEL4842/eel4842_ws/install/ex_joystick/lib/python3.10/site-packages:${PYTHONPATH} /usr/bin/python3 setup.py egg_info --egg-base ../../build/ex_joystick build --build-base /home/molyo/EEL4842/eel4842_ws/build/ex_joystick/build install --record /home/molyo/EEL4842/eel4842_ws/build/ex_joystick/install.log --single-version-externally-managed
