[1.271s] Invoking command in '/home/molyo/EEL4842/eel4842_ws/src/wall_following': BYOBU_DATE=%Y-%m-%d PYTHONPATH=/home/molyo/EEL4842/eel4842_ws/src/wall_following/build/wall_following/prefix_override:/home/molyo/EEL4842/eel4842_ws/src/wall_following/install/wall_following/lib/python3.10/site-packages:${PYTHONPATH} /usr/bin/python3 setup.py egg_info --egg-base build/wall_following build --build-base /home/molyo/EEL4842/eel4842_ws/src/wall_following/build/wall_following/build install --record /home/molyo/EEL4842/eel4842_ws/src/wall_following/build/wall_following/install.log --single-version-externally-managed
[1.598s] running egg_info
[1.598s] writing build/wall_following/wall_following.egg-info/PKG-INFO
[1.599s] writing dependency_links to build/wall_following/wall_following.egg-info/dependency_links.txt
[1.599s] writing entry points to build/wall_following/wall_following.egg-info/entry_points.txt
[1.599s] writing requirements to build/wall_following/wall_following.egg-info/requires.txt
[1.599s] writing top-level names to build/wall_following/wall_following.egg-info/top_level.txt
[1.601s] reading manifest file 'build/wall_following/wall_following.egg-info/SOURCES.txt'
[1.602s] writing manifest file 'build/wall_following/wall_following.egg-info/SOURCES.txt'
[1.602s] running build
[1.602s] running build_py
[1.602s] copying wall_following/wall_follow.py -> /home/molyo/EEL4842/eel4842_ws/src/wall_following/build/wall_following/build/lib/wall_following
[1.603s] running install
[1.603s] running install_lib
[1.604s] copying /home/molyo/EEL4842/eel4842_ws/src/wall_following/build/wall_following/build/lib/wall_following/wall_follow.py -> /home/molyo/EEL4842/eel4842_ws/src/wall_following/install/wall_following/lib/python3.10/site-packages/wall_following
[1.604s] byte-compiling /home/molyo/EEL4842/eel4842_ws/src/wall_following/install/wall_following/lib/python3.10/site-packages/wall_following/wall_follow.py to wall_follow.cpython-310.pyc
[1.606s] running install_data
[1.606s] running install_egg_info
[1.608s] removing '/home/molyo/EEL4842/eel4842_ws/src/wall_following/install/wall_following/lib/python3.10/site-packages/wall_following-1.0-py3.10.egg-info' (and everything under it)
[1.609s] Copying build/wall_following/wall_following.egg-info to /home/molyo/EEL4842/eel4842_ws/src/wall_following/install/wall_following/lib/python3.10/site-packages/wall_following-1.0-py3.10.egg-info
[1.610s] running install_scripts
[1.632s] Installing wall_follow script to /home/molyo/EEL4842/eel4842_ws/src/wall_following/install/wall_following/lib/wall_following
[1.632s] writing list of installed files to '/home/molyo/EEL4842/eel4842_ws/src/wall_following/build/wall_following/install.log'
[1.661s] Invoked command in '/home/molyo/EEL4842/eel4842_ws/src/wall_following' returned '0': BYOBU_DATE=%Y-%m-%d PYTHONPATH=/home/molyo/EEL4842/eel4842_ws/src/wall_following/build/wall_following/prefix_override:/home/molyo/EEL4842/eel4842_ws/src/wall_following/install/wall_following/lib/python3.10/site-packages:${PYTHONPATH} /usr/bin/python3 setup.py egg_info --egg-base build/wall_following build --build-base /home/molyo/EEL4842/eel4842_ws/src/wall_following/build/wall_following/build install --record /home/molyo/EEL4842/eel4842_ws/src/wall_following/build/wall_following/install.log --single-version-externally-managed
