[2.229s] Invoking command in '/home/molyo/EEL4842/eel4842_ws/src/lidar': BYOBU_DATE=%Y-%m-%d PYTHONPATH=/home/molyo/EEL4842/eel4842_ws/build/lidar/prefix_override:/home/molyo/EEL4842/eel4842_ws/install/lidar/lib/python3.10/site-packages:${PYTHONPATH} /usr/bin/python3 setup.py egg_info --egg-base ../../build/lidar build --build-base /home/molyo/EEL4842/eel4842_ws/build/lidar/build install --record /home/molyo/EEL4842/eel4842_ws/build/lidar/install.log --single-version-externally-managed
[2.550s] running egg_info
[2.551s] writing ../../build/lidar/lidar.egg-info/PKG-INFO
[2.551s] writing dependency_links to ../../build/lidar/lidar.egg-info/dependency_links.txt
[2.551s] writing entry points to ../../build/lidar/lidar.egg-info/entry_points.txt
[2.551s] writing requirements to ../../build/lidar/lidar.egg-info/requires.txt
[2.551s] writing top-level names to ../../build/lidar/lidar.egg-info/top_level.txt
[2.553s] reading manifest file '../../build/lidar/lidar.egg-info/SOURCES.txt'
[2.554s] writing manifest file '../../build/lidar/lidar.egg-info/SOURCES.txt'
[2.554s] running build
[2.554s] running build_py
[2.554s] running install
[2.555s] running install_lib
[2.556s] running install_data
[2.556s] running install_egg_info
[2.558s] removing '/home/molyo/EEL4842/eel4842_ws/install/lidar/lib/python3.10/site-packages/lidar-1.0-py3.10.egg-info' (and everything under it)
[2.559s] Copying ../../build/lidar/lidar.egg-info to /home/molyo/EEL4842/eel4842_ws/install/lidar/lib/python3.10/site-packages/lidar-1.0-py3.10.egg-info
[2.560s] running install_scripts
[2.583s] Installing lidar_pointcloud script to /home/molyo/EEL4842/eel4842_ws/install/lidar/lib/lidar
[2.583s] writing list of installed files to '/home/molyo/EEL4842/eel4842_ws/build/lidar/install.log'
[2.757s] Invoked command in '/home/molyo/EEL4842/eel4842_ws/src/lidar' returned '0': BYOBU_DATE=%Y-%m-%d PYTHONPATH=/home/molyo/EEL4842/eel4842_ws/build/lidar/prefix_override:/home/molyo/EEL4842/eel4842_ws/install/lidar/lib/python3.10/site-packages:${PYTHONPATH} /usr/bin/python3 setup.py egg_info --egg-base ../../build/lidar build --build-base /home/molyo/EEL4842/eel4842_ws/build/lidar/build install --record /home/molyo/EEL4842/eel4842_ws/build/lidar/install.log --single-version-externally-managed
