[2.103s] Invoking command in '/home/molyo/EEL4842/eel4842_ws/src/wall_following': BYOBU_DATE=%Y-%m-%d PYTHONPATH=/home/molyo/EEL4842/eel4842_ws/build/wall_following/prefix_override:/home/molyo/EEL4842/eel4842_ws/install/wall_following/lib/python3.10/site-packages:${PYTHONPATH} /usr/bin/python3 setup.py egg_info --egg-base ../../build/wall_following build --build-base /home/molyo/EEL4842/eel4842_ws/build/wall_following/build install --record /home/molyo/EEL4842/eel4842_ws/build/wall_following/install.log --single-version-externally-managed
[2.419s] running egg_info
[2.420s] writing ../../build/wall_following/wall_following.egg-info/PKG-INFO
[2.428s] writing dependency_links to ../../build/wall_following/wall_following.egg-info/dependency_links.txt
[2.429s] writing entry points to ../../build/wall_following/wall_following.egg-info/entry_points.txt
[2.430s] writing requirements to ../../build/wall_following/wall_following.egg-info/requires.txt
[2.430s] writing top-level names to ../../build/wall_following/wall_following.egg-info/top_level.txt
[2.431s] reading manifest file '../../build/wall_following/wall_following.egg-info/SOURCES.txt'
[2.433s] writing manifest file '../../build/wall_following/wall_following.egg-info/SOURCES.txt'
[2.433s] running build
[2.433s] running build_py
[2.434s] copying wall_following/wall_follow.py -> /home/molyo/EEL4842/eel4842_ws/build/wall_following/build/lib/wall_following
[2.434s] running install
[2.435s] running install_lib
[2.436s] copying /home/molyo/EEL4842/eel4842_ws/build/wall_following/build/lib/wall_following/wall_follow.py -> /home/molyo/EEL4842/eel4842_ws/install/wall_following/lib/python3.10/site-packages/wall_following
[2.437s] byte-compiling /home/molyo/EEL4842/eel4842_ws/install/wall_following/lib/python3.10/site-packages/wall_following/wall_follow.py to wall_follow.cpython-310.pyc
[2.439s] running install_data
[2.440s] running install_egg_info
[2.442s] removing '/home/molyo/EEL4842/eel4842_ws/install/wall_following/lib/python3.10/site-packages/wall_following-1.0-py3.10.egg-info' (and everything under it)
[2.442s] Copying ../../build/wall_following/wall_following.egg-info to /home/molyo/EEL4842/eel4842_ws/install/wall_following/lib/python3.10/site-packages/wall_following-1.0-py3.10.egg-info
[2.444s] running install_scripts
[2.465s] Installing wall_follow script to /home/molyo/EEL4842/eel4842_ws/install/wall_following/lib/wall_following
[2.466s] writing list of installed files to '/home/molyo/EEL4842/eel4842_ws/build/wall_following/install.log'
[2.572s] Invoked command in '/home/molyo/EEL4842/eel4842_ws/src/wall_following' returned '0': BYOBU_DATE=%Y-%m-%d PYTHONPATH=/home/molyo/EEL4842/eel4842_ws/build/wall_following/prefix_override:/home/molyo/EEL4842/eel4842_ws/install/wall_following/lib/python3.10/site-packages:${PYTHONPATH} /usr/bin/python3 setup.py egg_info --egg-base ../../build/wall_following build --build-base /home/molyo/EEL4842/eel4842_ws/build/wall_following/build install --record /home/molyo/EEL4842/eel4842_ws/build/wall_following/install.log --single-version-externally-managed
