[2.117s] Invoking command in '/home/molyo/EEL4842/eel4842_ws/src/wall_following': BYOBU_DATE=%Y-%m-%d PYTHONPATH=/home/molyo/EEL4842/eel4842_ws/build/wall_following/prefix_override:/home/molyo/EEL4842/eel4842_ws/install/wall_following/lib/python3.10/site-packages:${PYTHONPATH} /usr/bin/python3 setup.py egg_info --egg-base ../../build/wall_following build --build-base /home/molyo/EEL4842/eel4842_ws/build/wall_following/build install --record /home/molyo/EEL4842/eel4842_ws/build/wall_following/install.log --single-version-externally-managed
[2.446s] running egg_info
[2.447s] writing ../../build/wall_following/wall_following.egg-info/PKG-INFO
[2.447s] writing dependency_links to ../../build/wall_following/wall_following.egg-info/dependency_links.txt
[2.447s] writing entry points to ../../build/wall_following/wall_following.egg-info/entry_points.txt
[2.447s] writing requirements to ../../build/wall_following/wall_following.egg-info/requires.txt
[2.448s] writing top-level names to ../../build/wall_following/wall_following.egg-info/top_level.txt
[2.449s] reading manifest file '../../build/wall_following/wall_following.egg-info/SOURCES.txt'
[2.450s] writing manifest file '../../build/wall_following/wall_following.egg-info/SOURCES.txt'
[2.451s] running build
[2.451s] running build_py
[2.451s] running install
[2.451s] running install_lib
[2.453s] running install_data
[2.453s] running install_egg_info
[2.456s] removing '/home/molyo/EEL4842/eel4842_ws/install/wall_following/lib/python3.10/site-packages/wall_following-1.0-py3.10.egg-info' (and everything under it)
[2.456s] Copying ../../build/wall_following/wall_following.egg-info to /home/molyo/EEL4842/eel4842_ws/install/wall_following/lib/python3.10/site-packages/wall_following-1.0-py3.10.egg-info
[2.457s] running install_scripts
[2.482s] Installing wall_follow script to /home/molyo/EEL4842/eel4842_ws/install/wall_following/lib/wall_following
[2.482s] writing list of installed files to '/home/molyo/EEL4842/eel4842_ws/build/wall_following/install.log'
[2.625s] Invoked command in '/home/molyo/EEL4842/eel4842_ws/src/wall_following' returned '0': BYOBU_DATE=%Y-%m-%d PYTHONPATH=/home/molyo/EEL4842/eel4842_ws/build/wall_following/prefix_override:/home/molyo/EEL4842/eel4842_ws/install/wall_following/lib/python3.10/site-packages:${PYTHONPATH} /usr/bin/python3 setup.py egg_info --egg-base ../../build/wall_following build --build-base /home/molyo/EEL4842/eel4842_ws/build/wall_following/build install --record /home/molyo/EEL4842/eel4842_ws/build/wall_following/install.log --single-version-externally-managed
