[1.162s] Invoking command in '/home/molyo/EEL4842/eel4842_ws/src/wall_following': BYOBU_DATE=%Y-%m-%d PYTHONPATH=/home/molyo/EEL4842/eel4842_ws/src/wall_following/build/wall_following/prefix_override:/home/molyo/EEL4842/eel4842_ws/src/wall_following/install/wall_following/lib/python3.10/site-packages:${PYTHONPATH} /usr/bin/python3 setup.py egg_info --egg-base build/wall_following build --build-base /home/molyo/EEL4842/eel4842_ws/src/wall_following/build/wall_following/build install --record /home/molyo/EEL4842/eel4842_ws/src/wall_following/build/wall_following/install.log --single-version-externally-managed
[1.483s] running egg_info
[1.483s] creating build/wall_following/wall_following.egg-info
[1.484s] writing build/wall_following/wall_following.egg-info/PKG-INFO
[1.484s] writing dependency_links to build/wall_following/wall_following.egg-info/dependency_links.txt
[1.484s] writing entry points to build/wall_following/wall_following.egg-info/entry_points.txt
[1.484s] writing requirements to build/wall_following/wall_following.egg-info/requires.txt
[1.485s] writing top-level names to build/wall_following/wall_following.egg-info/top_level.txt
[1.485s] writing manifest file 'build/wall_following/wall_following.egg-info/SOURCES.txt'
[1.486s] reading manifest file 'build/wall_following/wall_following.egg-info/SOURCES.txt'
[1.487s] writing manifest file 'build/wall_following/wall_following.egg-info/SOURCES.txt'
[1.487s] running build
[1.487s] running build_py
[1.487s] creating /home/molyo/EEL4842/eel4842_ws/src/wall_following/build/wall_following/build
[1.488s] creating /home/molyo/EEL4842/eel4842_ws/src/wall_following/build/wall_following/build/lib
[1.488s] creating /home/molyo/EEL4842/eel4842_ws/src/wall_following/build/wall_following/build/lib/wall_following
[1.488s] copying wall_following/wall_follow.py -> /home/molyo/EEL4842/eel4842_ws/src/wall_following/build/wall_following/build/lib/wall_following
[1.488s] copying wall_following/__init__.py -> /home/molyo/EEL4842/eel4842_ws/src/wall_following/build/wall_following/build/lib/wall_following
[1.488s] running install
[1.488s] running install_lib
[1.489s] creating /home/molyo/EEL4842/eel4842_ws/src/wall_following/install/wall_following/lib/python3.10/site-packages/wall_following
[1.489s] copying /home/molyo/EEL4842/eel4842_ws/src/wall_following/build/wall_following/build/lib/wall_following/wall_follow.py -> /home/molyo/EEL4842/eel4842_ws/src/wall_following/install/wall_following/lib/python3.10/site-packages/wall_following
[1.489s] copying /home/molyo/EEL4842/eel4842_ws/src/wall_following/build/wall_following/build/lib/wall_following/__init__.py -> /home/molyo/EEL4842/eel4842_ws/src/wall_following/install/wall_following/lib/python3.10/site-packages/wall_following
[1.490s] byte-compiling /home/molyo/EEL4842/eel4842_ws/src/wall_following/install/wall_following/lib/python3.10/site-packages/wall_following/wall_follow.py to wall_follow.cpython-310.pyc
[1.491s] byte-compiling /home/molyo/EEL4842/eel4842_ws/src/wall_following/install/wall_following/lib/python3.10/site-packages/wall_following/__init__.py to __init__.cpython-310.pyc
[1.491s] running install_data
[1.492s] creating /home/molyo/EEL4842/eel4842_ws/src/wall_following/install/wall_following/share/ament_index
[1.492s] creating /home/molyo/EEL4842/eel4842_ws/src/wall_following/install/wall_following/share/ament_index/resource_index
[1.492s] creating /home/molyo/EEL4842/eel4842_ws/src/wall_following/install/wall_following/share/ament_index/resource_index/packages
[1.492s] copying resource/wall_following -> /home/molyo/EEL4842/eel4842_ws/src/wall_following/install/wall_following/share/ament_index/resource_index/packages
[1.493s] copying package.xml -> /home/molyo/EEL4842/eel4842_ws/src/wall_following/install/wall_following/share/wall_following
[1.493s] running install_egg_info
[1.494s] Copying build/wall_following/wall_following.egg-info to /home/molyo/EEL4842/eel4842_ws/src/wall_following/install/wall_following/lib/python3.10/site-packages/wall_following-1.0-py3.10.egg-info
[1.495s] running install_scripts
[1.517s] Installing wall_follow script to /home/molyo/EEL4842/eel4842_ws/src/wall_following/install/wall_following/lib/wall_following
[1.517s] writing list of installed files to '/home/molyo/EEL4842/eel4842_ws/src/wall_following/build/wall_following/install.log'
[1.543s] Invoked command in '/home/molyo/EEL4842/eel4842_ws/src/wall_following' returned '0': BYOBU_DATE=%Y-%m-%d PYTHONPATH=/home/molyo/EEL4842/eel4842_ws/src/wall_following/build/wall_following/prefix_override:/home/molyo/EEL4842/eel4842_ws/src/wall_following/install/wall_following/lib/python3.10/site-packages:${PYTHONPATH} /usr/bin/python3 setup.py egg_info --egg-base build/wall_following build --build-base /home/molyo/EEL4842/eel4842_ws/src/wall_following/build/wall_following/build install --record /home/molyo/EEL4842/eel4842_ws/src/wall_following/build/wall_following/install.log --single-version-externally-managed
