[1.536s] DEBUG:colcon:Command line arguments: ['/usr/bin/colcon', 'build']
[1.536s] DEBUG:colcon:Parsed command line arguments: Namespace(log_base=None, log_level=None, verb_name='build', build_base='build', install_base='install', merge_install=False, symlink_install=False, test_result_base=None, continue_on_error=False, executor='parallel', parallel_workers=12, event_handlers=None, ignore_user_meta=False, metas=['./colcon.meta'], base_paths=['.'], packages_ignore=None, packages_ignore_regex=None, paths=None, packages_up_to=None, packages_up_to_regex=None, packages_above=None, packages_above_and_dependencies=None, packages_above_depth=None, packages_select_by_dep=None, packages_skip_by_dep=None, packages_skip_up_to=None, packages_select_build_failed=False, packages_skip_build_finished=False, packages_select_test_failures=False, packages_skip_test_passed=False, packages_select=None, packages_skip=None, packages_select_regex=None, packages_skip_regex=None, packages_start=None, packages_end=None, allow_overriding=[], cmake_args=None, cmake_target=None, cmake_target_skip_unavailable=False, cmake_clean_cache=False, cmake_clean_first=False, cmake_force_configure=False, ament_cmake_args=None, catkin_cmake_args=None, catkin_skip_building_tests=False, verb_parser=<colcon_defaults.argument_parser.defaults.DefaultArgumentsDecorator object at 0x7f0246606590>, verb_extension=<colcon_core.verb.build.BuildVerb object at 0x7f0246604790>, main=<bound method BuildVerb.main of <colcon_core.verb.build.BuildVerb object at 0x7f0246604790>>)
[1.614s] Level 1:colcon.colcon_core.package_discovery:discover_packages(colcon_meta) check parameters
[1.614s] Level 1:colcon.colcon_core.package_discovery:discover_packages(recursive) check parameters
[1.614s] Level 1:colcon.colcon_core.package_discovery:discover_packages(ignore) check parameters
[1.614s] Level 1:colcon.colcon_core.package_discovery:discover_packages(path) check parameters
[1.614s] Level 1:colcon.colcon_core.package_discovery:discover_packages(colcon_meta) discover
[1.614s] Level 1:colcon.colcon_core.package_discovery:discover_packages(recursive) discover
[1.614s] INFO:colcon.colcon_core.package_discovery:Crawling recursively for packages in '/home/molyo/EEL4842/eel4842_ws'
[1.614s] Level 1:colcon.colcon_core.package_identification:_identify(.) by extensions ['ignore', 'ignore_ament_install']
[1.615s] Level 1:colcon.colcon_core.package_identification:_identify(.) by extension 'ignore'
[1.615s] Level 1:colcon.colcon_core.package_identification:_identify(.) by extension 'ignore_ament_install'
[1.615s] Level 1:colcon.colcon_core.package_identification:_identify(.) by extensions ['colcon_pkg']
[1.615s] Level 1:colcon.colcon_core.package_identification:_identify(.) by extension 'colcon_pkg'
[1.615s] Level 1:colcon.colcon_core.package_identification:_identify(.) by extensions ['colcon_meta']
[1.615s] Level 1:colcon.colcon_core.package_identification:_identify(.) by extension 'colcon_meta'
[1.615s] Level 1:colcon.colcon_core.package_identification:_identify(.) by extensions ['ros']
[1.615s] Level 1:colcon.colcon_core.package_identification:_identify(.) by extension 'ros'
[1.628s] Level 1:colcon.colcon_core.package_identification:_identify(.) by extensions ['cmake', 'python']
[1.628s] Level 1:colcon.colcon_core.package_identification:_identify(.) by extension 'cmake'
[1.628s] Level 1:colcon.colcon_core.package_identification:_identify(.) by extension 'python'
[1.628s] Level 1:colcon.colcon_core.package_identification:_identify(.) by extensions ['python_setup_py']
[1.628s] Level 1:colcon.colcon_core.package_identification:_identify(.) by extension 'python_setup_py'
[1.628s] Level 1:colcon.colcon_core.package_identification:_identify(build) by extensions ['ignore', 'ignore_ament_install']
[1.629s] Level 1:colcon.colcon_core.package_identification:_identify(build) by extension 'ignore'
[1.629s] Level 1:colcon.colcon_core.package_identification:_identify(build) ignored
[1.629s] Level 1:colcon.colcon_core.package_identification:_identify(install) by extensions ['ignore', 'ignore_ament_install']
[1.629s] Level 1:colcon.colcon_core.package_identification:_identify(install) by extension 'ignore'
[1.629s] Level 1:colcon.colcon_core.package_identification:_identify(install) ignored
[1.629s] Level 1:colcon.colcon_core.package_identification:_identify(log) by extensions ['ignore', 'ignore_ament_install']
[1.629s] Level 1:colcon.colcon_core.package_identification:_identify(log) by extension 'ignore'
[1.629s] Level 1:colcon.colcon_core.package_identification:_identify(log) ignored
[1.629s] Level 1:colcon.colcon_core.package_identification:_identify(milestone2_bagfile) by extensions ['ignore', 'ignore_ament_install']
[1.629s] Level 1:colcon.colcon_core.package_identification:_identify(milestone2_bagfile) by extension 'ignore'
[1.629s] Level 1:colcon.colcon_core.package_identification:_identify(milestone2_bagfile) by extension 'ignore_ament_install'
[1.630s] Level 1:colcon.colcon_core.package_identification:_identify(milestone2_bagfile) by extensions ['colcon_pkg']
[1.630s] Level 1:colcon.colcon_core.package_identification:_identify(milestone2_bagfile) by extension 'colcon_pkg'
[1.630s] Level 1:colcon.colcon_core.package_identification:_identify(milestone2_bagfile) by extensions ['colcon_meta']
[1.630s] Level 1:colcon.colcon_core.package_identification:_identify(milestone2_bagfile) by extension 'colcon_meta'
[1.630s] Level 1:colcon.colcon_core.package_identification:_identify(milestone2_bagfile) by extensions ['ros']
[1.630s] Level 1:colcon.colcon_core.package_identification:_identify(milestone2_bagfile) by extension 'ros'
[1.630s] Level 1:colcon.colcon_core.package_identification:_identify(milestone2_bagfile) by extensions ['cmake', 'python']
[1.630s] Level 1:colcon.colcon_core.package_identification:_identify(milestone2_bagfile) by extension 'cmake'
[1.630s] Level 1:colcon.colcon_core.package_identification:_identify(milestone2_bagfile) by extension 'python'
[1.630s] Level 1:colcon.colcon_core.package_identification:_identify(milestone2_bagfile) by extensions ['python_setup_py']
[1.630s] Level 1:colcon.colcon_core.package_identification:_identify(milestone2_bagfile) by extension 'python_setup_py'
[1.630s] Level 1:colcon.colcon_core.package_identification:_identify(src) by extensions ['ignore', 'ignore_ament_install']
[1.630s] Level 1:colcon.colcon_core.package_identification:_identify(src) by extension 'ignore'
[1.630s] Level 1:colcon.colcon_core.package_identification:_identify(src) by extension 'ignore_ament_install'
[1.630s] Level 1:colcon.colcon_core.package_identification:_identify(src) by extensions ['colcon_pkg']
[1.630s] Level 1:colcon.colcon_core.package_identification:_identify(src) by extension 'colcon_pkg'
[1.630s] Level 1:colcon.colcon_core.package_identification:_identify(src) by extensions ['colcon_meta']
[1.631s] Level 1:colcon.colcon_core.package_identification:_identify(src) by extension 'colcon_meta'
[1.631s] Level 1:colcon.colcon_core.package_identification:_identify(src) by extensions ['ros']
[1.631s] Level 1:colcon.colcon_core.package_identification:_identify(src) by extension 'ros'
[1.631s] Level 1:colcon.colcon_core.package_identification:_identify(src) by extensions ['cmake', 'python']
[1.631s] Level 1:colcon.colcon_core.package_identification:_identify(src) by extension 'cmake'
[1.631s] Level 1:colcon.colcon_core.package_identification:_identify(src) by extension 'python'
[1.631s] Level 1:colcon.colcon_core.package_identification:_identify(src) by extensions ['python_setup_py']
[1.631s] Level 1:colcon.colcon_core.package_identification:_identify(src) by extension 'python_setup_py'
[1.631s] Level 1:colcon.colcon_core.package_identification:_identify(src/ex_joystick) by extensions ['ignore', 'ignore_ament_install']
[1.631s] Level 1:colcon.colcon_core.package_identification:_identify(src/ex_joystick) by extension 'ignore'
[1.631s] Level 1:colcon.colcon_core.package_identification:_identify(src/ex_joystick) by extension 'ignore_ament_install'
[1.631s] Level 1:colcon.colcon_core.package_identification:_identify(src/ex_joystick) by extensions ['colcon_pkg']
[1.631s] Level 1:colcon.colcon_core.package_identification:_identify(src/ex_joystick) by extension 'colcon_pkg'
[1.631s] Level 1:colcon.colcon_core.package_identification:_identify(src/ex_joystick) by extensions ['colcon_meta']
[1.632s] Level 1:colcon.colcon_core.package_identification:_identify(src/ex_joystick) by extension 'colcon_meta'
[1.632s] Level 1:colcon.colcon_core.package_identification:_identify(src/ex_joystick) by extensions ['ros']
[1.632s] Level 1:colcon.colcon_core.package_identification:_identify(src/ex_joystick) by extension 'ros'
[1.635s] DEBUG:colcon.colcon_core.package_identification:Package 'src/ex_joystick' with type 'ros.ament_python' and name 'ex_joystick'
[1.635s] Level 1:colcon.colcon_core.package_identification:_identify(src/lidar) by extensions ['ignore', 'ignore_ament_install']
[1.635s] Level 1:colcon.colcon_core.package_identification:_identify(src/lidar) by extension 'ignore'
[1.635s] Level 1:colcon.colcon_core.package_identification:_identify(src/lidar) by extension 'ignore_ament_install'
[1.635s] Level 1:colcon.colcon_core.package_identification:_identify(src/lidar) by extensions ['colcon_pkg']
[1.635s] Level 1:colcon.colcon_core.package_identification:_identify(src/lidar) by extension 'colcon_pkg'
[1.635s] Level 1:colcon.colcon_core.package_identification:_identify(src/lidar) by extensions ['colcon_meta']
[1.635s] Level 1:colcon.colcon_core.package_identification:_identify(src/lidar) by extension 'colcon_meta'
[1.635s] Level 1:colcon.colcon_core.package_identification:_identify(src/lidar) by extensions ['ros']
[1.635s] Level 1:colcon.colcon_core.package_identification:_identify(src/lidar) by extension 'ros'
[1.636s] DEBUG:colcon.colcon_core.package_identification:Package 'src/lidar' with type 'ros.ament_python' and name 'lidar'
[1.636s] Level 1:colcon.colcon_core.package_identification:_identify(src/wall_following) by extensions ['ignore', 'ignore_ament_install']
[1.636s] Level 1:colcon.colcon_core.package_identification:_identify(src/wall_following) by extension 'ignore'
[1.636s] Level 1:colcon.colcon_core.package_identification:_identify(src/wall_following) by extension 'ignore_ament_install'
[1.636s] Level 1:colcon.colcon_core.package_identification:_identify(src/wall_following) by extensions ['colcon_pkg']
[1.636s] Level 1:colcon.colcon_core.package_identification:_identify(src/wall_following) by extension 'colcon_pkg'
[1.636s] Level 1:colcon.colcon_core.package_identification:_identify(src/wall_following) by extensions ['colcon_meta']
[1.636s] Level 1:colcon.colcon_core.package_identification:_identify(src/wall_following) by extension 'colcon_meta'
[1.637s] Level 1:colcon.colcon_core.package_identification:_identify(src/wall_following) by extensions ['ros']
[1.637s] Level 1:colcon.colcon_core.package_identification:_identify(src/wall_following) by extension 'ros'
[1.637s] DEBUG:colcon.colcon_core.package_identification:Package 'src/wall_following' with type 'ros.ament_python' and name 'wall_following'
[1.637s] Level 1:colcon.colcon_core.package_discovery:discover_packages(recursive) using defaults
[1.637s] Level 1:colcon.colcon_core.package_discovery:discover_packages(ignore) discover
[1.637s] Level 1:colcon.colcon_core.package_discovery:discover_packages(ignore) using defaults
[1.637s] Level 1:colcon.colcon_core.package_discovery:discover_packages(path) discover
[1.637s] Level 1:colcon.colcon_core.package_discovery:discover_packages(path) using defaults
[1.765s] Level 1:colcon.colcon_core.package_discovery:discover_packages(prefix_path) check parameters
[1.765s] Level 1:colcon.colcon_core.package_discovery:discover_packages(prefix_path) discover
[1.809s] DEBUG:colcon.colcon_installed_package_information.package_discovery:Found 5 installed packages in /home/molyo/eel4842/example_ws/install
[1.852s] DEBUG:colcon.colcon_installed_package_information.package_discovery:Found 272 installed packages in /opt/ros/humble
[1.853s] Level 1:colcon.colcon_core.package_discovery:discover_packages(prefix_path) using defaults
[1.965s] Level 5:colcon.colcon_core.verb:set package 'ex_joystick' build argument 'cmake_args' from command line to 'None'
[1.965s] Level 5:colcon.colcon_core.verb:set package 'ex_joystick' build argument 'cmake_target' from command line to 'None'
[1.965s] Level 5:colcon.colcon_core.verb:set package 'ex_joystick' build argument 'cmake_target_skip_unavailable' from command line to 'False'
[1.965s] Level 5:colcon.colcon_core.verb:set package 'ex_joystick' build argument 'cmake_clean_cache' from command line to 'False'
[1.965s] Level 5:colcon.colcon_core.verb:set package 'ex_joystick' build argument 'cmake_clean_first' from command line to 'False'
[1.965s] Level 5:colcon.colcon_core.verb:set package 'ex_joystick' build argument 'cmake_force_configure' from command line to 'False'
[1.965s] Level 5:colcon.colcon_core.verb:set package 'ex_joystick' build argument 'ament_cmake_args' from command line to 'None'
[1.965s] Level 5:colcon.colcon_core.verb:set package 'ex_joystick' build argument 'catkin_cmake_args' from command line to 'None'
[1.965s] Level 5:colcon.colcon_core.verb:set package 'ex_joystick' build argument 'catkin_skip_building_tests' from command line to 'False'
[1.965s] DEBUG:colcon.colcon_core.verb:Building package 'ex_joystick' with the following arguments: {'ament_cmake_args': None, 'build_base': '/home/molyo/EEL4842/eel4842_ws/build/ex_joystick', 'catkin_cmake_args': None, 'catkin_skip_building_tests': False, 'cmake_args': None, 'cmake_clean_cache': False, 'cmake_clean_first': False, 'cmake_force_configure': False, 'cmake_target': None, 'cmake_target_skip_unavailable': False, 'install_base': '/home/molyo/EEL4842/eel4842_ws/install/ex_joystick', 'merge_install': False, 'path': '/home/molyo/EEL4842/eel4842_ws/src/ex_joystick', 'symlink_install': False, 'test_result_base': None}
[1.986s] Level 5:colcon.colcon_core.verb:set package 'lidar' build argument 'cmake_args' from command line to 'None'
[1.986s] Level 5:colcon.colcon_core.verb:set package 'lidar' build argument 'cmake_target' from command line to 'None'
[1.986s] Level 5:colcon.colcon_core.verb:set package 'lidar' build argument 'cmake_target_skip_unavailable' from command line to 'False'
[1.986s] Level 5:colcon.colcon_core.verb:set package 'lidar' build argument 'cmake_clean_cache' from command line to 'False'
[1.986s] Level 5:colcon.colcon_core.verb:set package 'lidar' build argument 'cmake_clean_first' from command line to 'False'
[1.986s] Level 5:colcon.colcon_core.verb:set package 'lidar' build argument 'cmake_force_configure' from command line to 'False'
[1.986s] Level 5:colcon.colcon_core.verb:set package 'lidar' build argument 'ament_cmake_args' from command line to 'None'
[1.986s] Level 5:colcon.colcon_core.verb:set package 'lidar' build argument 'catkin_cmake_args' from command line to 'None'
[1.986s] Level 5:colcon.colcon_core.verb:set package 'lidar' build argument 'catkin_skip_building_tests' from command line to 'False'
[1.986s] DEBUG:colcon.colcon_core.verb:Building package 'lidar' with the following arguments: {'ament_cmake_args': None, 'build_base': '/home/molyo/EEL4842/eel4842_ws/build/lidar', 'catkin_cmake_args': None, 'catkin_skip_building_tests': False, 'cmake_args': None, 'cmake_clean_cache': False, 'cmake_clean_first': False, 'cmake_force_configure': False, 'cmake_target': None, 'cmake_target_skip_unavailable': False, 'install_base': '/home/molyo/EEL4842/eel4842_ws/install/lidar', 'merge_install': False, 'path': '/home/molyo/EEL4842/eel4842_ws/src/lidar', 'symlink_install': False, 'test_result_base': None}
[2.007s] Level 5:colcon.colcon_core.verb:set package 'wall_following' build argument 'cmake_args' from command line to 'None'
[2.007s] Level 5:colcon.colcon_core.verb:set package 'wall_following' build argument 'cmake_target' from command line to 'None'
[2.007s] Level 5:colcon.colcon_core.verb:set package 'wall_following' build argument 'cmake_target_skip_unavailable' from command line to 'False'
[2.007s] Level 5:colcon.colcon_core.verb:set package 'wall_following' build argument 'cmake_clean_cache' from command line to 'False'
[2.007s] Level 5:colcon.colcon_core.verb:set package 'wall_following' build argument 'cmake_clean_first' from command line to 'False'
[2.007s] Level 5:colcon.colcon_core.verb:set package 'wall_following' build argument 'cmake_force_configure' from command line to 'False'
[2.007s] Level 5:colcon.colcon_core.verb:set package 'wall_following' build argument 'ament_cmake_args' from command line to 'None'
[2.007s] Level 5:colcon.colcon_core.verb:set package 'wall_following' build argument 'catkin_cmake_args' from command line to 'None'
[2.007s] Level 5:colcon.colcon_core.verb:set package 'wall_following' build argument 'catkin_skip_building_tests' from command line to 'False'
[2.007s] DEBUG:colcon.colcon_core.verb:Building package 'wall_following' with the following arguments: {'ament_cmake_args': None, 'build_base': '/home/molyo/EEL4842/eel4842_ws/build/wall_following', 'catkin_cmake_args': None, 'catkin_skip_building_tests': False, 'cmake_args': None, 'cmake_clean_cache': False, 'cmake_clean_first': False, 'cmake_force_configure': False, 'cmake_target': None, 'cmake_target_skip_unavailable': False, 'install_base': '/home/molyo/EEL4842/eel4842_ws/install/wall_following', 'merge_install': False, 'path': '/home/molyo/EEL4842/eel4842_ws/src/wall_following', 'symlink_install': False, 'test_result_base': None}
[2.027s] INFO:colcon.colcon_core.executor:Executing jobs using 'parallel' executor
[2.048s] DEBUG:colcon.colcon_parallel_executor.executor.parallel:run_until_complete
[2.049s] INFO:colcon.colcon_ros.task.ament_python.build:Building ROS package in '/home/molyo/EEL4842/eel4842_ws/src/ex_joystick' with build type 'ament_python'
[2.049s] Level 1:colcon.colcon_core.shell:create_environment_hook('ex_joystick', 'ament_prefix_path')
[2.082s] INFO:colcon.colcon_core.plugin_system:Skipping extension 'colcon_core.shell.bat': Not used on non-Windows systems
[2.082s] INFO:colcon.colcon_core.shell:Creating environment hook '/home/molyo/EEL4842/eel4842_ws/install/ex_joystick/share/ex_joystick/hook/ament_prefix_path.ps1'
[2.083s] INFO:colcon.colcon_core.shell:Creating environment descriptor '/home/molyo/EEL4842/eel4842_ws/install/ex_joystick/share/ex_joystick/hook/ament_prefix_path.dsv'
[2.084s] INFO:colcon.colcon_core.shell:Creating environment hook '/home/molyo/EEL4842/eel4842_ws/install/ex_joystick/share/ex_joystick/hook/ament_prefix_path.sh'
[2.106s] INFO:colcon.colcon_core.shell:Skip shell extension 'powershell' for command environment: Not usable outside of PowerShell
[2.106s] DEBUG:colcon.colcon_core.shell:Skip shell extension 'dsv' for command environment
[2.171s] INFO:colcon.colcon_ros.task.ament_python.build:Building ROS package in '/home/molyo/EEL4842/eel4842_ws/src/lidar' with build type 'ament_python'
[2.171s] Level 1:colcon.colcon_core.shell:create_environment_hook('lidar', 'ament_prefix_path')
[2.194s] INFO:colcon.colcon_core.shell:Creating environment hook '/home/molyo/EEL4842/eel4842_ws/install/lidar/share/lidar/hook/ament_prefix_path.ps1'
[2.195s] INFO:colcon.colcon_core.shell:Creating environment descriptor '/home/molyo/EEL4842/eel4842_ws/install/lidar/share/lidar/hook/ament_prefix_path.dsv'
[2.195s] INFO:colcon.colcon_core.shell:Creating environment hook '/home/molyo/EEL4842/eel4842_ws/install/lidar/share/lidar/hook/ament_prefix_path.sh'
[2.216s] INFO:colcon.colcon_core.shell:Skip shell extension 'powershell' for command environment: Not usable outside of PowerShell
[2.216s] DEBUG:colcon.colcon_core.shell:Skip shell extension 'dsv' for command environment
[2.280s] INFO:colcon.colcon_ros.task.ament_python.build:Building ROS package in '/home/molyo/EEL4842/eel4842_ws/src/wall_following' with build type 'ament_python'
[2.281s] Level 1:colcon.colcon_core.shell:create_environment_hook('wall_following', 'ament_prefix_path')
[2.303s] INFO:colcon.colcon_core.shell:Creating environment hook '/home/molyo/EEL4842/eel4842_ws/install/wall_following/share/wall_following/hook/ament_prefix_path.ps1'
[2.310s] INFO:colcon.colcon_core.shell:Creating environment descriptor '/home/molyo/EEL4842/eel4842_ws/install/wall_following/share/wall_following/hook/ament_prefix_path.dsv'
[2.311s] INFO:colcon.colcon_core.shell:Creating environment hook '/home/molyo/EEL4842/eel4842_ws/install/wall_following/share/wall_following/hook/ament_prefix_path.sh'
[2.333s] INFO:colcon.colcon_core.shell:Skip shell extension 'powershell' for command environment: Not usable outside of PowerShell
[2.333s] DEBUG:colcon.colcon_core.shell:Skip shell extension 'dsv' for command environment
[2.748s] INFO:colcon.colcon_core.task.python.build:Building Python package in '/home/molyo/EEL4842/eel4842_ws/src/ex_joystick'
[2.770s] INFO:colcon.colcon_core.shell:Skip shell extension 'powershell' for command environment: Not usable outside of PowerShell
[2.770s] DEBUG:colcon.colcon_core.shell:Skip shell extension 'dsv' for command environment
[3.175s] INFO:colcon.colcon_core.task.python.build:Building Python package in '/home/molyo/EEL4842/eel4842_ws/src/lidar'
[3.196s] INFO:colcon.colcon_core.shell:Skip shell extension 'powershell' for command environment: Not usable outside of PowerShell
[3.196s] DEBUG:colcon.colcon_core.shell:Skip shell extension 'dsv' for command environment
[3.611s] INFO:colcon.colcon_core.task.python.build:Building Python package in '/home/molyo/EEL4842/eel4842_ws/src/wall_following'
[3.631s] INFO:colcon.colcon_core.shell:Skip shell extension 'powershell' for command environment: Not usable outside of PowerShell
[3.631s] DEBUG:colcon.colcon_core.shell:Skip shell extension 'dsv' for command environment
[4.424s] DEBUG:colcon.colcon_core.event_handler.log_command:Invoking command in '/home/molyo/EEL4842/eel4842_ws/src/ex_joystick': BYOBU_DATE=%Y-%m-%d PYTHONPATH=/home/molyo/EEL4842/eel4842_ws/build/ex_joystick/prefix_override:/home/molyo/EEL4842/eel4842_ws/install/ex_joystick/lib/python3.10/site-packages:${PYTHONPATH} /usr/bin/python3 setup.py egg_info --egg-base ../../build/ex_joystick build --build-base /home/molyo/EEL4842/eel4842_ws/build/ex_joystick/build install --record /home/molyo/EEL4842/eel4842_ws/build/ex_joystick/install.log --single-version-externally-managed
[4.430s] DEBUG:colcon.colcon_core.event_handler.log_command:Invoking command in '/home/molyo/EEL4842/eel4842_ws/src/lidar': BYOBU_DATE=%Y-%m-%d PYTHONPATH=/home/molyo/EEL4842/eel4842_ws/build/lidar/prefix_override:/home/molyo/EEL4842/eel4842_ws/install/lidar/lib/python3.10/site-packages:${PYTHONPATH} /usr/bin/python3 setup.py egg_info --egg-base ../../build/lidar build --build-base /home/molyo/EEL4842/eel4842_ws/build/lidar/build install --record /home/molyo/EEL4842/eel4842_ws/build/lidar/install.log --single-version-externally-managed
[4.433s] DEBUG:colcon.colcon_core.event_handler.log_command:Invoking command in '/home/molyo/EEL4842/eel4842_ws/src/wall_following': BYOBU_DATE=%Y-%m-%d PYTHONPATH=/home/molyo/EEL4842/eel4842_ws/build/wall_following/prefix_override:/home/molyo/EEL4842/eel4842_ws/install/wall_following/lib/python3.10/site-packages:${PYTHONPATH} /usr/bin/python3 setup.py egg_info --egg-base ../../build/wall_following build --build-base /home/molyo/EEL4842/eel4842_ws/build/wall_following/build install --record /home/molyo/EEL4842/eel4842_ws/build/wall_following/install.log --single-version-externally-managed
[4.828s] DEBUG:colcon.colcon_core.event_handler.log_command:Invoked command in '/home/molyo/EEL4842/eel4842_ws/src/ex_joystick' returned '0': BYOBU_DATE=%Y-%m-%d PYTHONPATH=/home/molyo/EEL4842/eel4842_ws/build/ex_joystick/prefix_override:/home/molyo/EEL4842/eel4842_ws/install/ex_joystick/lib/python3.10/site-packages:${PYTHONPATH} /usr/bin/python3 setup.py egg_info --egg-base ../../build/ex_joystick build --build-base /home/molyo/EEL4842/eel4842_ws/build/ex_joystick/build install --record /home/molyo/EEL4842/eel4842_ws/build/ex_joystick/install.log --single-version-externally-managed
[4.855s] Level 1:colcon.colcon_core.environment:checking '/home/molyo/EEL4842/eel4842_ws/install/ex_joystick' for CMake module files
[4.855s] Level 1:colcon.colcon_core.environment:checking '/home/molyo/EEL4842/eel4842_ws/install/ex_joystick' for CMake config files
[4.857s] Level 1:colcon.colcon_core.environment:checking '/home/molyo/EEL4842/eel4842_ws/install/ex_joystick/lib'
[4.857s] Level 1:colcon.colcon_core.environment:checking '/home/molyo/EEL4842/eel4842_ws/install/ex_joystick/bin'
[4.857s] Level 1:colcon.colcon_core.environment:checking '/home/molyo/EEL4842/eel4842_ws/install/ex_joystick/lib/pkgconfig/ex_joystick.pc'
[4.857s] Level 1:colcon.colcon_core.environment:checking '/home/molyo/EEL4842/eel4842_ws/install/ex_joystick/lib/python3.10/site-packages'
[4.857s] Level 1:colcon.colcon_core.shell:create_environment_hook('ex_joystick', 'pythonpath')
[4.878s] INFO:colcon.colcon_core.shell:Creating environment hook '/home/molyo/EEL4842/eel4842_ws/install/ex_joystick/share/ex_joystick/hook/pythonpath.ps1'
[4.879s] INFO:colcon.colcon_core.shell:Creating environment descriptor '/home/molyo/EEL4842/eel4842_ws/install/ex_joystick/share/ex_joystick/hook/pythonpath.dsv'
[4.879s] INFO:colcon.colcon_core.shell:Creating environment hook '/home/molyo/EEL4842/eel4842_ws/install/ex_joystick/share/ex_joystick/hook/pythonpath.sh'
[4.880s] Level 1:colcon.colcon_core.environment:checking '/home/molyo/EEL4842/eel4842_ws/install/ex_joystick/bin'
[4.880s] Level 1:colcon.colcon_core.environment:create_environment_scripts_only(ex_joystick)
[4.901s] INFO:colcon.colcon_core.shell:Creating package script '/home/molyo/EEL4842/eel4842_ws/install/ex_joystick/share/ex_joystick/package.ps1'
[4.902s] INFO:colcon.colcon_core.shell:Creating package descriptor '/home/molyo/EEL4842/eel4842_ws/install/ex_joystick/share/ex_joystick/package.dsv'
[4.902s] INFO:colcon.colcon_core.shell:Creating package script '/home/molyo/EEL4842/eel4842_ws/install/ex_joystick/share/ex_joystick/package.sh'
[4.903s] INFO:colcon.colcon_core.shell:Creating package script '/home/molyo/EEL4842/eel4842_ws/install/ex_joystick/share/ex_joystick/package.bash'
[4.904s] INFO:colcon.colcon_core.shell:Creating package script '/home/molyo/EEL4842/eel4842_ws/install/ex_joystick/share/ex_joystick/package.zsh'
[4.905s] Level 1:colcon.colcon_core.environment:create_file_with_runtime_dependencies(/home/molyo/EEL4842/eel4842_ws/install/ex_joystick/share/colcon-core/packages/ex_joystick)
[4.908s] DEBUG:colcon.colcon_core.event_handler.log_command:Invoked command in '/home/molyo/EEL4842/eel4842_ws/src/lidar' returned '0': BYOBU_DATE=%Y-%m-%d PYTHONPATH=/home/molyo/EEL4842/eel4842_ws/build/lidar/prefix_override:/home/molyo/EEL4842/eel4842_ws/install/lidar/lib/python3.10/site-packages:${PYTHONPATH} /usr/bin/python3 setup.py egg_info --egg-base ../../build/lidar build --build-base /home/molyo/EEL4842/eel4842_ws/build/lidar/build install --record /home/molyo/EEL4842/eel4842_ws/build/lidar/install.log --single-version-externally-managed
[4.929s] Level 1:colcon.colcon_core.environment:checking '/home/molyo/EEL4842/eel4842_ws/install/lidar' for CMake module files
[4.929s] Level 1:colcon.colcon_core.environment:checking '/home/molyo/EEL4842/eel4842_ws/install/lidar' for CMake config files
[4.930s] Level 1:colcon.colcon_core.environment:checking '/home/molyo/EEL4842/eel4842_ws/install/lidar/lib'
[4.930s] Level 1:colcon.colcon_core.environment:checking '/home/molyo/EEL4842/eel4842_ws/install/lidar/bin'
[4.930s] Level 1:colcon.colcon_core.environment:checking '/home/molyo/EEL4842/eel4842_ws/install/lidar/lib/pkgconfig/lidar.pc'
[4.930s] Level 1:colcon.colcon_core.environment:checking '/home/molyo/EEL4842/eel4842_ws/install/lidar/lib/python3.10/site-packages'
[4.931s] Level 1:colcon.colcon_core.shell:create_environment_hook('lidar', 'pythonpath')
[4.951s] INFO:colcon.colcon_core.shell:Creating environment hook '/home/molyo/EEL4842/eel4842_ws/install/lidar/share/lidar/hook/pythonpath.ps1'
[4.952s] INFO:colcon.colcon_core.shell:Creating environment descriptor '/home/molyo/EEL4842/eel4842_ws/install/lidar/share/lidar/hook/pythonpath.dsv'
[4.952s] INFO:colcon.colcon_core.shell:Creating environment hook '/home/molyo/EEL4842/eel4842_ws/install/lidar/share/lidar/hook/pythonpath.sh'
[4.952s] Level 1:colcon.colcon_core.environment:checking '/home/molyo/EEL4842/eel4842_ws/install/lidar/bin'
[4.952s] Level 1:colcon.colcon_core.environment:create_environment_scripts_only(lidar)
[4.973s] INFO:colcon.colcon_core.shell:Creating package script '/home/molyo/EEL4842/eel4842_ws/install/lidar/share/lidar/package.ps1'
[4.974s] INFO:colcon.colcon_core.shell:Creating package descriptor '/home/molyo/EEL4842/eel4842_ws/install/lidar/share/lidar/package.dsv'
[4.974s] INFO:colcon.colcon_core.shell:Creating package script '/home/molyo/EEL4842/eel4842_ws/install/lidar/share/lidar/package.sh'
[4.975s] INFO:colcon.colcon_core.shell:Creating package script '/home/molyo/EEL4842/eel4842_ws/install/lidar/share/lidar/package.bash'
[4.975s] INFO:colcon.colcon_core.shell:Creating package script '/home/molyo/EEL4842/eel4842_ws/install/lidar/share/lidar/package.zsh'
[4.976s] Level 1:colcon.colcon_core.environment:create_file_with_runtime_dependencies(/home/molyo/EEL4842/eel4842_ws/install/lidar/share/colcon-core/packages/lidar)
[4.977s] DEBUG:colcon.colcon_core.event_handler.log_command:Invoked command in '/home/molyo/EEL4842/eel4842_ws/src/wall_following' returned '0': BYOBU_DATE=%Y-%m-%d PYTHONPATH=/home/molyo/EEL4842/eel4842_ws/build/wall_following/prefix_override:/home/molyo/EEL4842/eel4842_ws/install/wall_following/lib/python3.10/site-packages:${PYTHONPATH} /usr/bin/python3 setup.py egg_info --egg-base ../../build/wall_following build --build-base /home/molyo/EEL4842/eel4842_ws/build/wall_following/build install --record /home/molyo/EEL4842/eel4842_ws/build/wall_following/install.log --single-version-externally-managed
[4.999s] Level 1:colcon.colcon_core.environment:checking '/home/molyo/EEL4842/eel4842_ws/install/wall_following' for CMake module files
[4.999s] Level 1:colcon.colcon_core.environment:checking '/home/molyo/EEL4842/eel4842_ws/install/wall_following' for CMake config files
[5.000s] Level 1:colcon.colcon_core.environment:checking '/home/molyo/EEL4842/eel4842_ws/install/wall_following/lib'
[5.000s] Level 1:colcon.colcon_core.environment:checking '/home/molyo/EEL4842/eel4842_ws/install/wall_following/bin'
[5.000s] Level 1:colcon.colcon_core.environment:checking '/home/molyo/EEL4842/eel4842_ws/install/wall_following/lib/pkgconfig/wall_following.pc'
[5.001s] Level 1:colcon.colcon_core.environment:checking '/home/molyo/EEL4842/eel4842_ws/install/wall_following/lib/python3.10/site-packages'
[5.001s] Level 1:colcon.colcon_core.shell:create_environment_hook('wall_following', 'pythonpath')
[5.022s] INFO:colcon.colcon_core.shell:Creating environment hook '/home/molyo/EEL4842/eel4842_ws/install/wall_following/share/wall_following/hook/pythonpath.ps1'
[5.022s] INFO:colcon.colcon_core.shell:Creating environment descriptor '/home/molyo/EEL4842/eel4842_ws/install/wall_following/share/wall_following/hook/pythonpath.dsv'
[5.023s] INFO:colcon.colcon_core.shell:Creating environment hook '/home/molyo/EEL4842/eel4842_ws/install/wall_following/share/wall_following/hook/pythonpath.sh'
[5.023s] Level 1:colcon.colcon_core.environment:checking '/home/molyo/EEL4842/eel4842_ws/install/wall_following/bin'
[5.023s] Level 1:colcon.colcon_core.environment:create_environment_scripts_only(wall_following)
[5.044s] INFO:colcon.colcon_core.shell:Creating package script '/home/molyo/EEL4842/eel4842_ws/install/wall_following/share/wall_following/package.ps1'
[5.044s] INFO:colcon.colcon_core.shell:Creating package descriptor '/home/molyo/EEL4842/eel4842_ws/install/wall_following/share/wall_following/package.dsv'
[5.045s] INFO:colcon.colcon_core.shell:Creating package script '/home/molyo/EEL4842/eel4842_ws/install/wall_following/share/wall_following/package.sh'
[5.045s] INFO:colcon.colcon_core.shell:Creating package script '/home/molyo/EEL4842/eel4842_ws/install/wall_following/share/wall_following/package.bash'
[5.046s] INFO:colcon.colcon_core.shell:Creating package script '/home/molyo/EEL4842/eel4842_ws/install/wall_following/share/wall_following/package.zsh'
[5.046s] Level 1:colcon.colcon_core.environment:create_file_with_runtime_dependencies(/home/molyo/EEL4842/eel4842_ws/install/wall_following/share/colcon-core/packages/wall_following)
[5.046s] DEBUG:colcon.colcon_parallel_executor.executor.parallel:closing loop
[5.047s] DEBUG:colcon.colcon_parallel_executor.executor.parallel:loop closed
[5.047s] DEBUG:colcon.colcon_parallel_executor.executor.parallel:run_until_complete finished with '0'
[5.047s] DEBUG:colcon.colcon_core.event_reactor:joining thread
[5.074s] INFO:colcon.colcon_core.plugin_system:Skipping extension 'colcon_notification.desktop_notification.terminal_notifier': Not used on non-Darwin systems
[5.075s] INFO:colcon.colcon_core.plugin_system:Skipping extension 'colcon_notification.desktop_notification.win32': Not used on non-Windows systems
[5.075s] INFO:colcon.colcon_notification.desktop_notification:Sending desktop notification using 'notify2'
[5.095s] DEBUG:colcon.colcon_core.event_reactor:joined thread
[5.118s] INFO:colcon.colcon_core.shell:Creating prefix script '/home/molyo/EEL4842/eel4842_ws/install/local_setup.ps1'
[5.119s] INFO:colcon.colcon_core.shell:Creating prefix util module '/home/molyo/EEL4842/eel4842_ws/install/_local_setup_util_ps1.py'
[5.120s] INFO:colcon.colcon_core.shell:Creating prefix chain script '/home/molyo/EEL4842/eel4842_ws/install/setup.ps1'
[5.142s] INFO:colcon.colcon_core.shell:Creating prefix script '/home/molyo/EEL4842/eel4842_ws/install/local_setup.sh'
[5.143s] INFO:colcon.colcon_core.shell:Creating prefix util module '/home/molyo/EEL4842/eel4842_ws/install/_local_setup_util_sh.py'
[5.143s] INFO:colcon.colcon_core.shell:Creating prefix chain script '/home/molyo/EEL4842/eel4842_ws/install/setup.sh'
[5.165s] INFO:colcon.colcon_core.shell:Creating prefix script '/home/molyo/EEL4842/eel4842_ws/install/local_setup.bash'
[5.165s] INFO:colcon.colcon_core.shell:Creating prefix chain script '/home/molyo/EEL4842/eel4842_ws/install/setup.bash'
[5.188s] INFO:colcon.colcon_core.shell:Creating prefix script '/home/molyo/EEL4842/eel4842_ws/install/local_setup.zsh'
[5.188s] INFO:colcon.colcon_core.shell:Creating prefix chain script '/home/molyo/EEL4842/eel4842_ws/install/setup.zsh'
