[1.226s] Invoking command in '/home/molyo/EEL4842/eel4842_ws/src/wall_following': BYOBU_DATE=%Y-%m-%d PYTHONPATH=/home/molyo/EEL4842/eel4842_ws/src/wall_following/build/wall_following/prefix_override:/home/molyo/EEL4842/eel4842_ws/src/wall_following/install/wall_following/lib/python3.10/site-packages:${PYTHONPATH} /usr/bin/python3 setup.py egg_info --egg-base build/wall_following build --build-base /home/molyo/EEL4842/eel4842_ws/src/wall_following/build/wall_following/build install --record /home/molyo/EEL4842/eel4842_ws/src/wall_following/build/wall_following/install.log --single-version-externally-managed
[1.551s] running egg_info
[1.552s] writing build/wall_following/wall_following.egg-info/PKG-INFO
[1.552s] writing dependency_links to build/wall_following/wall_following.egg-info/dependency_links.txt
[1.552s] writing entry points to build/wall_following/wall_following.egg-info/entry_points.txt
[1.552s] writing requirements to build/wall_following/wall_following.egg-info/requires.txt
[1.552s] writing top-level names to build/wall_following/wall_following.egg-info/top_level.txt
[1.554s] reading manifest file 'build/wall_following/wall_following.egg-info/SOURCES.txt'
[1.555s] writing manifest file 'build/wall_following/wall_following.egg-info/SOURCES.txt'
[1.555s] running build
[1.555s] running build_py
[1.556s] running install
[1.556s] running install_lib
[1.557s] running install_data
[1.558s] running install_egg_info
[1.560s] removing '/home/molyo/EEL4842/eel4842_ws/src/wall_following/install/wall_following/lib/python3.10/site-packages/wall_following-1.0-py3.10.egg-info' (and everything under it)
[1.560s] Copying build/wall_following/wall_following.egg-info to /home/molyo/EEL4842/eel4842_ws/src/wall_following/install/wall_following/lib/python3.10/site-packages/wall_following-1.0-py3.10.egg-info
[1.561s] running install_scripts
[1.583s] Installing wall_follow script to /home/molyo/EEL4842/eel4842_ws/src/wall_following/install/wall_following/lib/wall_following
[1.583s] writing list of installed files to '/home/molyo/EEL4842/eel4842_ws/src/wall_following/build/wall_following/install.log'
[1.606s] Invoked command in '/home/molyo/EEL4842/eel4842_ws/src/wall_following' returned '0': BYOBU_DATE=%Y-%m-%d PYTHONPATH=/home/molyo/EEL4842/eel4842_ws/src/wall_following/build/wall_following/prefix_override:/home/molyo/EEL4842/eel4842_ws/src/wall_following/install/wall_following/lib/python3.10/site-packages:${PYTHONPATH} /usr/bin/python3 setup.py egg_info --egg-base build/wall_following build --build-base /home/molyo/EEL4842/eel4842_ws/src/wall_following/build/wall_following/build install --record /home/molyo/EEL4842/eel4842_ws/src/wall_following/build/wall_following/install.log --single-version-externally-managed
