running egg_info
creating ../build/wall_following/wall_following.egg-info
writing ../build/wall_following/wall_following.egg-info/PKG-INFO
writing dependency_links to ../build/wall_following/wall_following.egg-info/dependency_links.txt
writing entry points to ../build/wall_following/wall_following.egg-info/entry_points.txt
writing requirements to ../build/wall_following/wall_following.egg-info/requires.txt
writing top-level names to ../build/wall_following/wall_following.egg-info/top_level.txt
writing manifest file '../build/wall_following/wall_following.egg-info/SOURCES.txt'
reading manifest file '../build/wall_following/wall_following.egg-info/SOURCES.txt'
writing manifest file '../build/wall_following/wall_following.egg-info/SOURCES.txt'
running build
running build_py
creating /home/molyo/EEL4842/eel4842_ws/src/build/wall_following/build
creating /home/molyo/EEL4842/eel4842_ws/src/build/wall_following/build/lib
creating /home/molyo/EEL4842/eel4842_ws/src/build/wall_following/build/lib/wall_following
copying wall_following/wall_follow.py -> /home/molyo/EEL4842/eel4842_ws/src/build/wall_following/build/lib/wall_following
copying wall_following/__init__.py -> /home/molyo/EEL4842/eel4842_ws/src/build/wall_following/build/lib/wall_following
running install
running install_lib
creating /home/molyo/EEL4842/eel4842_ws/src/install/wall_following/lib/python3.10/site-packages/wall_following
copying /home/molyo/EEL4842/eel4842_ws/src/build/wall_following/build/lib/wall_following/wall_follow.py -> /home/molyo/EEL4842/eel4842_ws/src/install/wall_following/lib/python3.10/site-packages/wall_following
copying /home/molyo/EEL4842/eel4842_ws/src/build/wall_following/build/lib/wall_following/__init__.py -> /home/molyo/EEL4842/eel4842_ws/src/install/wall_following/lib/python3.10/site-packages/wall_following
byte-compiling /home/molyo/EEL4842/eel4842_ws/src/install/wall_following/lib/python3.10/site-packages/wall_following/wall_follow.py to wall_follow.cpython-310.pyc
byte-compiling /home/molyo/EEL4842/eel4842_ws/src/install/wall_following/lib/python3.10/site-packages/wall_following/__init__.py to __init__.cpython-310.pyc
running install_data
creating /home/molyo/EEL4842/eel4842_ws/src/install/wall_following/share/ament_index
creating /home/molyo/EEL4842/eel4842_ws/src/install/wall_following/share/ament_index/resource_index
creating /home/molyo/EEL4842/eel4842_ws/src/install/wall_following/share/ament_index/resource_index/packages
copying resource/wall_following -> /home/molyo/EEL4842/eel4842_ws/src/install/wall_following/share/ament_index/resource_index/packages
copying package.xml -> /home/molyo/EEL4842/eel4842_ws/src/install/wall_following/share/wall_following
running install_egg_info
Copying ../build/wall_following/wall_following.egg-info to /home/molyo/EEL4842/eel4842_ws/src/install/wall_following/lib/python3.10/site-packages/wall_following-1.0-py3.10.egg-info
running install_scripts
Installing wall_follow script to /home/molyo/EEL4842/eel4842_ws/src/install/wall_following/lib/wall_following
writing list of installed files to '/home/molyo/EEL4842/eel4842_ws/src/build/wall_following/install.log'
