[2.218s] Invoking command in '/home/molyo/EEL4842/eel4842_ws/src/wall_following': BYOBU_DATE=%Y-%m-%d PYTHONPATH=/home/molyo/EEL4842/eel4842_ws/src/build/wall_following/prefix_override:/home/molyo/EEL4842/eel4842_ws/src/install/wall_following/lib/python3.10/site-packages:${PYTHONPATH} /usr/bin/python3 setup.py egg_info --egg-base ../build/wall_following build --build-base /home/molyo/EEL4842/eel4842_ws/src/build/wall_following/build install --record /home/molyo/EEL4842/eel4842_ws/src/build/wall_following/install.log --single-version-externally-managed
[2.547s] running egg_info
[2.547s] creating ../build/wall_following/wall_following.egg-info
[2.547s] writing ../build/wall_following/wall_following.egg-info/PKG-INFO
[2.548s] writing dependency_links to ../build/wall_following/wall_following.egg-info/dependency_links.txt
[2.548s] writing entry points to ../build/wall_following/wall_following.egg-info/entry_points.txt
[2.548s] writing requirements to ../build/wall_following/wall_following.egg-info/requires.txt
[2.548s] writing top-level names to ../build/wall_following/wall_following.egg-info/top_level.txt
[2.548s] writing manifest file '../build/wall_following/wall_following.egg-info/SOURCES.txt'
[2.550s] reading manifest file '../build/wall_following/wall_following.egg-info/SOURCES.txt'
[2.551s] writing manifest file '../build/wall_following/wall_following.egg-info/SOURCES.txt'
[2.551s] running build
[2.551s] running build_py
[2.551s] creating /home/molyo/EEL4842/eel4842_ws/src/build/wall_following/build
[2.551s] creating /home/molyo/EEL4842/eel4842_ws/src/build/wall_following/build/lib
[2.551s] creating /home/molyo/EEL4842/eel4842_ws/src/build/wall_following/build/lib/wall_following
[2.552s] copying wall_following/wall_follow.py -> /home/molyo/EEL4842/eel4842_ws/src/build/wall_following/build/lib/wall_following
[2.552s] copying wall_following/__init__.py -> /home/molyo/EEL4842/eel4842_ws/src/build/wall_following/build/lib/wall_following
[2.552s] running install
[2.552s] running install_lib
[2.553s] creating /home/molyo/EEL4842/eel4842_ws/src/install/wall_following/lib/python3.10/site-packages/wall_following
[2.553s] copying /home/molyo/EEL4842/eel4842_ws/src/build/wall_following/build/lib/wall_following/wall_follow.py -> /home/molyo/EEL4842/eel4842_ws/src/install/wall_following/lib/python3.10/site-packages/wall_following
[2.553s] copying /home/molyo/EEL4842/eel4842_ws/src/build/wall_following/build/lib/wall_following/__init__.py -> /home/molyo/EEL4842/eel4842_ws/src/install/wall_following/lib/python3.10/site-packages/wall_following
[2.554s] byte-compiling /home/molyo/EEL4842/eel4842_ws/src/install/wall_following/lib/python3.10/site-packages/wall_following/wall_follow.py to wall_follow.cpython-310.pyc
[2.555s] byte-compiling /home/molyo/EEL4842/eel4842_ws/src/install/wall_following/lib/python3.10/site-packages/wall_following/__init__.py to __init__.cpython-310.pyc
[2.555s] running install_data
[2.556s] creating /home/molyo/EEL4842/eel4842_ws/src/install/wall_following/share/ament_index
[2.556s] creating /home/molyo/EEL4842/eel4842_ws/src/install/wall_following/share/ament_index/resource_index
[2.556s] creating /home/molyo/EEL4842/eel4842_ws/src/install/wall_following/share/ament_index/resource_index/packages
[2.556s] copying resource/wall_following -> /home/molyo/EEL4842/eel4842_ws/src/install/wall_following/share/ament_index/resource_index/packages
[2.556s] copying package.xml -> /home/molyo/EEL4842/eel4842_ws/src/install/wall_following/share/wall_following
[2.557s] running install_egg_info
[2.558s] Copying ../build/wall_following/wall_following.egg-info to /home/molyo/EEL4842/eel4842_ws/src/install/wall_following/lib/python3.10/site-packages/wall_following-1.0-py3.10.egg-info
[2.559s] running install_scripts
[2.582s] Installing wall_follow script to /home/molyo/EEL4842/eel4842_ws/src/install/wall_following/lib/wall_following
[2.582s] writing list of installed files to '/home/molyo/EEL4842/eel4842_ws/src/build/wall_following/install.log'
[2.613s] Invoked command in '/home/molyo/EEL4842/eel4842_ws/src/wall_following' returned '0': BYOBU_DATE=%Y-%m-%d PYTHONPATH=/home/molyo/EEL4842/eel4842_ws/src/build/wall_following/prefix_override:/home/molyo/EEL4842/eel4842_ws/src/install/wall_following/lib/python3.10/site-packages:${PYTHONPATH} /usr/bin/python3 setup.py egg_info --egg-base ../build/wall_following build --build-base /home/molyo/EEL4842/eel4842_ws/src/build/wall_following/build install --record /home/molyo/EEL4842/eel4842_ws/src/build/wall_following/install.log --single-version-externally-managed
