[2.863s] DEBUG:colcon:Command line arguments: ['/usr/bin/colcon', 'build']
[2.863s] DEBUG:colcon:Parsed command line arguments: Namespace(log_base=None, log_level=None, verb_name='build', build_base='build', install_base='install', merge_install=False, symlink_install=False, test_result_base=None, continue_on_error=False, executor='parallel', parallel_workers=12, event_handlers=None, ignore_user_meta=False, metas=['./colcon.meta'], base_paths=['.'], packages_ignore=None, packages_ignore_regex=None, paths=None, packages_up_to=None, packages_up_to_regex=None, packages_above=None, packages_above_and_dependencies=None, packages_above_depth=None, packages_select_by_dep=None, packages_skip_by_dep=None, packages_skip_up_to=None, packages_select_build_failed=False, packages_skip_build_finished=False, packages_select_test_failures=False, packages_skip_test_passed=False, packages_select=None, packages_skip=None, packages_select_regex=None, packages_skip_regex=None, packages_start=None, packages_end=None, allow_overriding=[], cmake_args=None, cmake_target=None, cmake_target_skip_unavailable=False, cmake_clean_cache=False, cmake_clean_first=False, cmake_force_configure=False, ament_cmake_args=None, catkin_cmake_args=None, catkin_skip_building_tests=False, verb_parser=<colcon_defaults.argument_parser.defaults.DefaultArgumentsDecorator object at 0x7f40e98e85b0>, verb_extension=<colcon_core.verb.build.BuildVerb object at 0x7f40e98eab30>, main=<bound method BuildVerb.main of <colcon_core.verb.build.BuildVerb object at 0x7f40e98eab30>>)
[2.981s] Level 1:colcon.colcon_core.package_discovery:discover_packages(colcon_meta) check parameters
[2.982s] Level 1:colcon.colcon_core.package_discovery:discover_packages(recursive) check parameters
[2.982s] Level 1:colcon.colcon_core.package_discovery:discover_packages(ignore) check parameters
[2.982s] Level 1:colcon.colcon_core.package_discovery:discover_packages(path) check parameters
[2.982s] Level 1:colcon.colcon_core.package_discovery:discover_packages(colcon_meta) discover
[2.982s] Level 1:colcon.colcon_core.package_discovery:discover_packages(recursive) discover
[2.982s] INFO:colcon.colcon_core.package_discovery:Crawling recursively for packages in '/home/molyo/EEL4842/eel4842_ws'
[2.982s] Level 1:colcon.colcon_core.package_identification:_identify(.) by extensions ['ignore', 'ignore_ament_install']
[2.982s] Level 1:colcon.colcon_core.package_identification:_identify(.) by extension 'ignore'
[2.983s] Level 1:colcon.colcon_core.package_identification:_identify(.) by extension 'ignore_ament_install'
[2.983s] Level 1:colcon.colcon_core.package_identification:_identify(.) by extensions ['colcon_pkg']
[2.983s] Level 1:colcon.colcon_core.package_identification:_identify(.) by extension 'colcon_pkg'
[2.983s] Level 1:colcon.colcon_core.package_identification:_identify(.) by extensions ['colcon_meta']
[2.983s] Level 1:colcon.colcon_core.package_identification:_identify(.) by extension 'colcon_meta'
[2.983s] Level 1:colcon.colcon_core.package_identification:_identify(.) by extensions ['ros']
[2.983s] Level 1:colcon.colcon_core.package_identification:_identify(.) by extension 'ros'
[3.007s] Level 1:colcon.colcon_core.package_identification:_identify(.) by extensions ['cmake', 'python']
[3.007s] Level 1:colcon.colcon_core.package_identification:_identify(.) by extension 'cmake'
[3.007s] Level 1:colcon.colcon_core.package_identification:_identify(.) by extension 'python'
[3.008s] Level 1:colcon.colcon_core.package_identification:_identify(.) by extensions ['python_setup_py']
[3.008s] Level 1:colcon.colcon_core.package_identification:_identify(.) by extension 'python_setup_py'
[3.008s] Level 1:colcon.colcon_core.package_identification:_identify(build) by extensions ['ignore', 'ignore_ament_install']
[3.008s] Level 1:colcon.colcon_core.package_identification:_identify(build) by extension 'ignore'
[3.008s] Level 1:colcon.colcon_core.package_identification:_identify(build) ignored
[3.008s] Level 1:colcon.colcon_core.package_identification:_identify(install) by extensions ['ignore', 'ignore_ament_install']
[3.009s] Level 1:colcon.colcon_core.package_identification:_identify(install) by extension 'ignore'
[3.009s] Level 1:colcon.colcon_core.package_identification:_identify(install) ignored
[3.009s] Level 1:colcon.colcon_core.package_identification:_identify(log) by extensions ['ignore', 'ignore_ament_install']
[3.009s] Level 1:colcon.colcon_core.package_identification:_identify(log) by extension 'ignore'
[3.009s] Level 1:colcon.colcon_core.package_identification:_identify(log) ignored
[3.010s] Level 1:colcon.colcon_core.package_identification:_identify(src) by extensions ['ignore', 'ignore_ament_install']
[3.010s] Level 1:colcon.colcon_core.package_identification:_identify(src) by extension 'ignore'
[3.010s] Level 1:colcon.colcon_core.package_identification:_identify(src) by extension 'ignore_ament_install'
[3.010s] Level 1:colcon.colcon_core.package_identification:_identify(src) by extensions ['colcon_pkg']
[3.010s] Level 1:colcon.colcon_core.package_identification:_identify(src) by extension 'colcon_pkg'
[3.010s] Level 1:colcon.colcon_core.package_identification:_identify(src) by extensions ['colcon_meta']
[3.010s] Level 1:colcon.colcon_core.package_identification:_identify(src) by extension 'colcon_meta'
[3.010s] Level 1:colcon.colcon_core.package_identification:_identify(src) by extensions ['ros']
[3.010s] Level 1:colcon.colcon_core.package_identification:_identify(src) by extension 'ros'
[3.011s] Level 1:colcon.colcon_core.package_identification:_identify(src) by extensions ['cmake', 'python']
[3.011s] Level 1:colcon.colcon_core.package_identification:_identify(src) by extension 'cmake'
[3.011s] Level 1:colcon.colcon_core.package_identification:_identify(src) by extension 'python'
[3.011s] Level 1:colcon.colcon_core.package_identification:_identify(src) by extensions ['python_setup_py']
[3.011s] Level 1:colcon.colcon_core.package_identification:_identify(src) by extension 'python_setup_py'
[3.011s] Level 1:colcon.colcon_core.package_identification:_identify(src/ex_joystick) by extensions ['ignore', 'ignore_ament_install']
[3.011s] Level 1:colcon.colcon_core.package_identification:_identify(src/ex_joystick) by extension 'ignore'
[3.011s] Level 1:colcon.colcon_core.package_identification:_identify(src/ex_joystick) by extension 'ignore_ament_install'
[3.012s] Level 1:colcon.colcon_core.package_identification:_identify(src/ex_joystick) by extensions ['colcon_pkg']
[3.012s] Level 1:colcon.colcon_core.package_identification:_identify(src/ex_joystick) by extension 'colcon_pkg'
[3.012s] Level 1:colcon.colcon_core.package_identification:_identify(src/ex_joystick) by extensions ['colcon_meta']
[3.012s] Level 1:colcon.colcon_core.package_identification:_identify(src/ex_joystick) by extension 'colcon_meta'
[3.012s] Level 1:colcon.colcon_core.package_identification:_identify(src/ex_joystick) by extensions ['ros']
[3.012s] Level 1:colcon.colcon_core.package_identification:_identify(src/ex_joystick) by extension 'ros'
[3.017s] DEBUG:colcon.colcon_core.package_identification:Package 'src/ex_joystick' with type 'ros.ament_python' and name 'ex_joystick'
[3.017s] Level 1:colcon.colcon_core.package_identification:_identify(src/wall_following) by extensions ['ignore', 'ignore_ament_install']
[3.017s] Level 1:colcon.colcon_core.package_identification:_identify(src/wall_following) by extension 'ignore'
[3.018s] Level 1:colcon.colcon_core.package_identification:_identify(src/wall_following) by extension 'ignore_ament_install'
[3.018s] Level 1:colcon.colcon_core.package_identification:_identify(src/wall_following) by extensions ['colcon_pkg']
[3.018s] Level 1:colcon.colcon_core.package_identification:_identify(src/wall_following) by extension 'colcon_pkg'
[3.018s] Level 1:colcon.colcon_core.package_identification:_identify(src/wall_following) by extensions ['colcon_meta']
[3.018s] Level 1:colcon.colcon_core.package_identification:_identify(src/wall_following) by extension 'colcon_meta'
[3.018s] Level 1:colcon.colcon_core.package_identification:_identify(src/wall_following) by extensions ['ros']
[3.018s] Level 1:colcon.colcon_core.package_identification:_identify(src/wall_following) by extension 'ros'
[3.019s] DEBUG:colcon.colcon_core.package_identification:Package 'src/wall_following' with type 'ros.ament_python' and name 'wall_following'
[3.019s] Level 1:colcon.colcon_core.package_discovery:discover_packages(recursive) using defaults
[3.019s] Level 1:colcon.colcon_core.package_discovery:discover_packages(ignore) discover
[3.020s] Level 1:colcon.colcon_core.package_discovery:discover_packages(ignore) using defaults
[3.020s] Level 1:colcon.colcon_core.package_discovery:discover_packages(path) discover
[3.020s] Level 1:colcon.colcon_core.package_discovery:discover_packages(path) using defaults
[3.269s] Level 1:colcon.colcon_core.package_discovery:discover_packages(prefix_path) check parameters
[3.269s] Level 1:colcon.colcon_core.package_discovery:discover_packages(prefix_path) discover
[3.354s] DEBUG:colcon.colcon_installed_package_information.package_discovery:Found 2 installed packages in /home/molyo/EEL4842/eel4842_ws/install
[3.415s] DEBUG:colcon.colcon_installed_package_information.package_discovery:Found 5 installed packages in /home/molyo/eel4842/example_ws/install
[3.458s] DEBUG:colcon.colcon_installed_package_information.package_discovery:Found 272 installed packages in /opt/ros/humble
[3.461s] Level 1:colcon.colcon_core.package_discovery:discover_packages(prefix_path) using defaults
[3.680s] Level 5:colcon.colcon_core.verb:set package 'ex_joystick' build argument 'cmake_args' from command line to 'None'
[3.680s] Level 5:colcon.colcon_core.verb:set package 'ex_joystick' build argument 'cmake_target' from command line to 'None'
[3.680s] Level 5:colcon.colcon_core.verb:set package 'ex_joystick' build argument 'cmake_target_skip_unavailable' from command line to 'False'
[3.680s] Level 5:colcon.colcon_core.verb:set package 'ex_joystick' build argument 'cmake_clean_cache' from command line to 'False'
[3.680s] Level 5:colcon.colcon_core.verb:set package 'ex_joystick' build argument 'cmake_clean_first' from command line to 'False'
[3.680s] Level 5:colcon.colcon_core.verb:set package 'ex_joystick' build argument 'cmake_force_configure' from command line to 'False'
[3.680s] Level 5:colcon.colcon_core.verb:set package 'ex_joystick' build argument 'ament_cmake_args' from command line to 'None'
[3.680s] Level 5:colcon.colcon_core.verb:set package 'ex_joystick' build argument 'catkin_cmake_args' from command line to 'None'
[3.680s] Level 5:colcon.colcon_core.verb:set package 'ex_joystick' build argument 'catkin_skip_building_tests' from command line to 'False'
[3.680s] DEBUG:colcon.colcon_core.verb:Building package 'ex_joystick' with the following arguments: {'ament_cmake_args': None, 'build_base': '/home/molyo/EEL4842/eel4842_ws/build/ex_joystick', 'catkin_cmake_args': None, 'catkin_skip_building_tests': False, 'cmake_args': None, 'cmake_clean_cache': False, 'cmake_clean_first': False, 'cmake_force_configure': False, 'cmake_target': None, 'cmake_target_skip_unavailable': False, 'install_base': '/home/molyo/EEL4842/eel4842_ws/install/ex_joystick', 'merge_install': False, 'path': '/home/molyo/EEL4842/eel4842_ws/src/ex_joystick', 'symlink_install': False, 'test_result_base': None}
[3.720s] Level 5:colcon.colcon_core.verb:set package 'wall_following' build argument 'cmake_args' from command line to 'None'
[3.721s] Level 5:colcon.colcon_core.verb:set package 'wall_following' build argument 'cmake_target' from command line to 'None'
[3.721s] Level 5:colcon.colcon_core.verb:set package 'wall_following' build argument 'cmake_target_skip_unavailable' from command line to 'False'
[3.721s] Level 5:colcon.colcon_core.verb:set package 'wall_following' build argument 'cmake_clean_cache' from command line to 'False'
[3.721s] Level 5:colcon.colcon_core.verb:set package 'wall_following' build argument 'cmake_clean_first' from command line to 'False'
[3.721s] Level 5:colcon.colcon_core.verb:set package 'wall_following' build argument 'cmake_force_configure' from command line to 'False'
[3.721s] Level 5:colcon.colcon_core.verb:set package 'wall_following' build argument 'ament_cmake_args' from command line to 'None'
[3.721s] Level 5:colcon.colcon_core.verb:set package 'wall_following' build argument 'catkin_cmake_args' from command line to 'None'
[3.721s] Level 5:colcon.colcon_core.verb:set package 'wall_following' build argument 'catkin_skip_building_tests' from command line to 'False'
[3.721s] DEBUG:colcon.colcon_core.verb:Building package 'wall_following' with the following arguments: {'ament_cmake_args': None, 'build_base': '/home/molyo/EEL4842/eel4842_ws/build/wall_following', 'catkin_cmake_args': None, 'catkin_skip_building_tests': False, 'cmake_args': None, 'cmake_clean_cache': False, 'cmake_clean_first': False, 'cmake_force_configure': False, 'cmake_target': None, 'cmake_target_skip_unavailable': False, 'install_base': '/home/molyo/EEL4842/eel4842_ws/install/wall_following', 'merge_install': False, 'path': '/home/molyo/EEL4842/eel4842_ws/src/wall_following', 'symlink_install': False, 'test_result_base': None}
[3.762s] INFO:colcon.colcon_core.executor:Executing jobs using 'parallel' executor
[3.804s] DEBUG:colcon.colcon_parallel_executor.executor.parallel:run_until_complete
[3.804s] INFO:colcon.colcon_ros.task.ament_python.build:Building ROS package in '/home/molyo/EEL4842/eel4842_ws/src/ex_joystick' with build type 'ament_python'
[3.805s] Level 1:colcon.colcon_core.shell:create_environment_hook('ex_joystick', 'ament_prefix_path')
[3.848s] INFO:colcon.colcon_core.plugin_system:Skipping extension 'colcon_core.shell.bat': Not used on non-Windows systems
[3.848s] INFO:colcon.colcon_core.shell:Creating environment hook '/home/molyo/EEL4842/eel4842_ws/install/ex_joystick/share/ex_joystick/hook/ament_prefix_path.ps1'
[3.850s] INFO:colcon.colcon_core.shell:Creating environment descriptor '/home/molyo/EEL4842/eel4842_ws/install/ex_joystick/share/ex_joystick/hook/ament_prefix_path.dsv'
[3.851s] INFO:colcon.colcon_core.shell:Creating environment hook '/home/molyo/EEL4842/eel4842_ws/install/ex_joystick/share/ex_joystick/hook/ament_prefix_path.sh'
[3.892s] INFO:colcon.colcon_core.shell:Skip shell extension 'powershell' for command environment: Not usable outside of PowerShell
[3.892s] DEBUG:colcon.colcon_core.shell:Skip shell extension 'dsv' for command environment
[4.062s] INFO:colcon.colcon_ros.task.ament_python.build:Building ROS package in '/home/molyo/EEL4842/eel4842_ws/src/wall_following' with build type 'ament_python'
[4.062s] Level 1:colcon.colcon_core.shell:create_environment_hook('wall_following', 'ament_prefix_path')
[4.103s] INFO:colcon.colcon_core.shell:Creating environment hook '/home/molyo/EEL4842/eel4842_ws/install/wall_following/share/wall_following/hook/ament_prefix_path.ps1'
[4.104s] INFO:colcon.colcon_core.shell:Creating environment descriptor '/home/molyo/EEL4842/eel4842_ws/install/wall_following/share/wall_following/hook/ament_prefix_path.dsv'
[4.106s] INFO:colcon.colcon_core.shell:Creating environment hook '/home/molyo/EEL4842/eel4842_ws/install/wall_following/share/wall_following/hook/ament_prefix_path.sh'
[4.148s] INFO:colcon.colcon_core.shell:Skip shell extension 'powershell' for command environment: Not usable outside of PowerShell
[4.148s] DEBUG:colcon.colcon_core.shell:Skip shell extension 'dsv' for command environment
[5.022s] INFO:colcon.colcon_core.task.python.build:Building Python package in '/home/molyo/EEL4842/eel4842_ws/src/ex_joystick'
[5.064s] INFO:colcon.colcon_core.shell:Skip shell extension 'powershell' for command environment: Not usable outside of PowerShell
[5.064s] DEBUG:colcon.colcon_core.shell:Skip shell extension 'dsv' for command environment
[5.970s] INFO:colcon.colcon_core.task.python.build:Building Python package in '/home/molyo/EEL4842/eel4842_ws/src/wall_following'
[6.009s] INFO:colcon.colcon_core.shell:Skip shell extension 'powershell' for command environment: Not usable outside of PowerShell
[6.009s] DEBUG:colcon.colcon_core.shell:Skip shell extension 'dsv' for command environment
[7.351s] DEBUG:colcon.colcon_core.event_handler.log_command:Invoking command in '/home/molyo/EEL4842/eel4842_ws/src/ex_joystick': BYOBU_DATE=%Y-%m-%d PYTHONPATH=/home/molyo/EEL4842/eel4842_ws/build/ex_joystick/prefix_override:/home/molyo/EEL4842/eel4842_ws/install/ex_joystick/lib/python3.10/site-packages:${PYTHONPATH} /usr/bin/python3 setup.py egg_info --egg-base ../../build/ex_joystick build --build-base /home/molyo/EEL4842/eel4842_ws/build/ex_joystick/build install --record /home/molyo/EEL4842/eel4842_ws/build/ex_joystick/install.log --single-version-externally-managed
[7.359s] DEBUG:colcon.colcon_core.event_handler.log_command:Invoking command in '/home/molyo/EEL4842/eel4842_ws/src/wall_following': BYOBU_DATE=%Y-%m-%d PYTHONPATH=/home/molyo/EEL4842/eel4842_ws/build/wall_following/prefix_override:/home/molyo/EEL4842/eel4842_ws/install/wall_following/lib/python3.10/site-packages:${PYTHONPATH} /usr/bin/python3 setup.py egg_info --egg-base ../../build/wall_following build --build-base /home/molyo/EEL4842/eel4842_ws/build/wall_following/build install --record /home/molyo/EEL4842/eel4842_ws/build/wall_following/install.log --single-version-externally-managed
[8.078s] DEBUG:colcon.colcon_core.event_handler.log_command:Invoked command in '/home/molyo/EEL4842/eel4842_ws/src/wall_following' returned '0': BYOBU_DATE=%Y-%m-%d PYTHONPATH=/home/molyo/EEL4842/eel4842_ws/build/wall_following/prefix_override:/home/molyo/EEL4842/eel4842_ws/install/wall_following/lib/python3.10/site-packages:${PYTHONPATH} /usr/bin/python3 setup.py egg_info --egg-base ../../build/wall_following build --build-base /home/molyo/EEL4842/eel4842_ws/build/wall_following/build install --record /home/molyo/EEL4842/eel4842_ws/build/wall_following/install.log --single-version-externally-managed
[8.116s] Level 1:colcon.colcon_core.environment:checking '/home/molyo/EEL4842/eel4842_ws/install/wall_following' for CMake module files
[8.117s] Level 1:colcon.colcon_core.environment:checking '/home/molyo/EEL4842/eel4842_ws/install/wall_following' for CMake config files
[8.118s] Level 1:colcon.colcon_core.environment:checking '/home/molyo/EEL4842/eel4842_ws/install/wall_following/lib'
[8.119s] Level 1:colcon.colcon_core.environment:checking '/home/molyo/EEL4842/eel4842_ws/install/wall_following/bin'
[8.119s] Level 1:colcon.colcon_core.environment:checking '/home/molyo/EEL4842/eel4842_ws/install/wall_following/lib/pkgconfig/wall_following.pc'
[8.119s] Level 1:colcon.colcon_core.environment:checking '/home/molyo/EEL4842/eel4842_ws/install/wall_following/lib/python3.10/site-packages'
[8.119s] Level 1:colcon.colcon_core.shell:create_environment_hook('wall_following', 'pythonpath')
[8.155s] INFO:colcon.colcon_core.shell:Creating environment hook '/home/molyo/EEL4842/eel4842_ws/install/wall_following/share/wall_following/hook/pythonpath.ps1'
[8.156s] INFO:colcon.colcon_core.shell:Creating environment descriptor '/home/molyo/EEL4842/eel4842_ws/install/wall_following/share/wall_following/hook/pythonpath.dsv'
[8.157s] INFO:colcon.colcon_core.shell:Creating environment hook '/home/molyo/EEL4842/eel4842_ws/install/wall_following/share/wall_following/hook/pythonpath.sh'
[8.159s] Level 1:colcon.colcon_core.environment:checking '/home/molyo/EEL4842/eel4842_ws/install/wall_following/bin'
[8.159s] Level 1:colcon.colcon_core.environment:create_environment_scripts_only(wall_following)
[8.193s] INFO:colcon.colcon_core.shell:Creating package script '/home/molyo/EEL4842/eel4842_ws/install/wall_following/share/wall_following/package.ps1'
[8.194s] INFO:colcon.colcon_core.shell:Creating package descriptor '/home/molyo/EEL4842/eel4842_ws/install/wall_following/share/wall_following/package.dsv'
[8.195s] INFO:colcon.colcon_core.shell:Creating package script '/home/molyo/EEL4842/eel4842_ws/install/wall_following/share/wall_following/package.sh'
[8.196s] INFO:colcon.colcon_core.shell:Creating package script '/home/molyo/EEL4842/eel4842_ws/install/wall_following/share/wall_following/package.bash'
[8.197s] INFO:colcon.colcon_core.shell:Creating package script '/home/molyo/EEL4842/eel4842_ws/install/wall_following/share/wall_following/package.zsh'
[8.198s] Level 1:colcon.colcon_core.environment:create_file_with_runtime_dependencies(/home/molyo/EEL4842/eel4842_ws/install/wall_following/share/colcon-core/packages/wall_following)
[8.202s] DEBUG:colcon.colcon_core.event_handler.log_command:Invoked command in '/home/molyo/EEL4842/eel4842_ws/src/ex_joystick' returned '0': BYOBU_DATE=%Y-%m-%d PYTHONPATH=/home/molyo/EEL4842/eel4842_ws/build/ex_joystick/prefix_override:/home/molyo/EEL4842/eel4842_ws/install/ex_joystick/lib/python3.10/site-packages:${PYTHONPATH} /usr/bin/python3 setup.py egg_info --egg-base ../../build/ex_joystick build --build-base /home/molyo/EEL4842/eel4842_ws/build/ex_joystick/build install --record /home/molyo/EEL4842/eel4842_ws/build/ex_joystick/install.log --single-version-externally-managed
[8.236s] Level 1:colcon.colcon_core.environment:checking '/home/molyo/EEL4842/eel4842_ws/install/ex_joystick' for CMake module files
[8.237s] Level 1:colcon.colcon_core.environment:checking '/home/molyo/EEL4842/eel4842_ws/install/ex_joystick' for CMake config files
[8.238s] Level 1:colcon.colcon_core.environment:checking '/home/molyo/EEL4842/eel4842_ws/install/ex_joystick/lib'
[8.238s] Level 1:colcon.colcon_core.environment:checking '/home/molyo/EEL4842/eel4842_ws/install/ex_joystick/bin'
[8.238s] Level 1:colcon.colcon_core.environment:checking '/home/molyo/EEL4842/eel4842_ws/install/ex_joystick/lib/pkgconfig/ex_joystick.pc'
[8.239s] Level 1:colcon.colcon_core.environment:checking '/home/molyo/EEL4842/eel4842_ws/install/ex_joystick/lib/python3.10/site-packages'
[8.239s] Level 1:colcon.colcon_core.shell:create_environment_hook('ex_joystick', 'pythonpath')
[8.274s] INFO:colcon.colcon_core.shell:Creating environment hook '/home/molyo/EEL4842/eel4842_ws/install/ex_joystick/share/ex_joystick/hook/pythonpath.ps1'
[8.275s] INFO:colcon.colcon_core.shell:Creating environment descriptor '/home/molyo/EEL4842/eel4842_ws/install/ex_joystick/share/ex_joystick/hook/pythonpath.dsv'
[8.276s] INFO:colcon.colcon_core.shell:Creating environment hook '/home/molyo/EEL4842/eel4842_ws/install/ex_joystick/share/ex_joystick/hook/pythonpath.sh'
[8.277s] Level 1:colcon.colcon_core.environment:checking '/home/molyo/EEL4842/eel4842_ws/install/ex_joystick/bin'
[8.277s] Level 1:colcon.colcon_core.environment:create_environment_scripts_only(ex_joystick)
[8.308s] INFO:colcon.colcon_core.shell:Creating package script '/home/molyo/EEL4842/eel4842_ws/install/ex_joystick/share/ex_joystick/package.ps1'
[8.309s] INFO:colcon.colcon_core.shell:Creating package descriptor '/home/molyo/EEL4842/eel4842_ws/install/ex_joystick/share/ex_joystick/package.dsv'
[8.310s] INFO:colcon.colcon_core.shell:Creating package script '/home/molyo/EEL4842/eel4842_ws/install/ex_joystick/share/ex_joystick/package.sh'
[8.310s] INFO:colcon.colcon_core.shell:Creating package script '/home/molyo/EEL4842/eel4842_ws/install/ex_joystick/share/ex_joystick/package.bash'
[8.311s] INFO:colcon.colcon_core.shell:Creating package script '/home/molyo/EEL4842/eel4842_ws/install/ex_joystick/share/ex_joystick/package.zsh'
[8.311s] Level 1:colcon.colcon_core.environment:create_file_with_runtime_dependencies(/home/molyo/EEL4842/eel4842_ws/install/ex_joystick/share/colcon-core/packages/ex_joystick)
[8.312s] DEBUG:colcon.colcon_parallel_executor.executor.parallel:closing loop
[8.312s] DEBUG:colcon.colcon_parallel_executor.executor.parallel:loop closed
[8.312s] DEBUG:colcon.colcon_parallel_executor.executor.parallel:run_until_complete finished with '0'
[8.312s] DEBUG:colcon.colcon_core.event_reactor:joining thread
[8.352s] INFO:colcon.colcon_core.plugin_system:Skipping extension 'colcon_notification.desktop_notification.terminal_notifier': Not used on non-Darwin systems
[8.352s] INFO:colcon.colcon_core.plugin_system:Skipping extension 'colcon_notification.desktop_notification.win32': Not used on non-Windows systems
[8.352s] INFO:colcon.colcon_notification.desktop_notification:Sending desktop notification using 'notify2'
[8.366s] DEBUG:colcon.colcon_core.event_reactor:joined thread
[8.395s] INFO:colcon.colcon_core.shell:Creating prefix script '/home/molyo/EEL4842/eel4842_ws/install/local_setup.ps1'
[8.396s] INFO:colcon.colcon_core.shell:Creating prefix util module '/home/molyo/EEL4842/eel4842_ws/install/_local_setup_util_ps1.py'
[8.398s] INFO:colcon.colcon_core.shell:Creating prefix chain script '/home/molyo/EEL4842/eel4842_ws/install/setup.ps1'
[8.427s] INFO:colcon.colcon_core.shell:Creating prefix script '/home/molyo/EEL4842/eel4842_ws/install/local_setup.sh'
[8.428s] INFO:colcon.colcon_core.shell:Creating prefix util module '/home/molyo/EEL4842/eel4842_ws/install/_local_setup_util_sh.py'
[8.429s] INFO:colcon.colcon_core.shell:Creating prefix chain script '/home/molyo/EEL4842/eel4842_ws/install/setup.sh'
[8.459s] INFO:colcon.colcon_core.shell:Creating prefix script '/home/molyo/EEL4842/eel4842_ws/install/local_setup.bash'
[8.460s] INFO:colcon.colcon_core.shell:Creating prefix chain script '/home/molyo/EEL4842/eel4842_ws/install/setup.bash'
[8.489s] INFO:colcon.colcon_core.shell:Creating prefix script '/home/molyo/EEL4842/eel4842_ws/install/local_setup.zsh'
[8.490s] INFO:colcon.colcon_core.shell:Creating prefix chain script '/home/molyo/EEL4842/eel4842_ws/install/setup.zsh'
