running egg_info
writing ../../build/lidar/lidar.egg-info/PKG-INFO
writing dependency_links to ../../build/lidar/lidar.egg-info/dependency_links.txt
writing entry points to ../../build/lidar/lidar.egg-info/entry_points.txt
writing requirements to ../../build/lidar/lidar.egg-info/requires.txt
writing top-level names to ../../build/lidar/lidar.egg-info/top_level.txt
reading manifest file '../../build/lidar/lidar.egg-info/SOURCES.txt'
writing manifest file '../../build/lidar/lidar.egg-info/SOURCES.txt'
running build
running build_py
copying lidar/pointcloud.py -> /home/molyo/EEL4842/eel4842_ws/build/lidar/build/lib/lidar
running install
running install_lib
copying /home/molyo/EEL4842/eel4842_ws/build/lidar/build/lib/lidar/pointcloud.py -> /home/molyo/EEL4842/eel4842_ws/install/lidar/lib/python3.10/site-packages/lidar
byte-compiling /home/molyo/EEL4842/eel4842_ws/install/lidar/lib/python3.10/site-packages/lidar/pointcloud.py to pointcloud.cpython-310.pyc
running install_data
running install_egg_info
removing '/home/molyo/EEL4842/eel4842_ws/install/lidar/lib/python3.10/site-packages/lidar-1.0-py3.10.egg-info' (and everything under it)
Copying ../../build/lidar/lidar.egg-info to /home/molyo/EEL4842/eel4842_ws/install/lidar/lib/python3.10/site-packages/lidar-1.0-py3.10.egg-info
running install_scripts
Installing lidar_pointcloud script to /home/molyo/EEL4842/eel4842_ws/install/lidar/lib/wall_following
writing list of installed files to '/home/molyo/EEL4842/eel4842_ws/build/lidar/install.log'
