[2.167s] Invoking command in '/home/molyo/EEL4842/eel4842_ws/src/lidar': BYOBU_DATE=%Y-%m-%d PYTHONPATH=/home/molyo/EEL4842/eel4842_ws/build/lidar/prefix_override:/home/molyo/EEL4842/eel4842_ws/install/lidar/lib/python3.10/site-packages:${PYTHONPATH} /usr/bin/python3 setup.py egg_info --egg-base ../../build/lidar build --build-base /home/molyo/EEL4842/eel4842_ws/build/lidar/build install --record /home/molyo/EEL4842/eel4842_ws/build/lidar/install.log --single-version-externally-managed
[2.490s] running egg_info
[2.490s] writing ../../build/lidar/lidar.egg-info/PKG-INFO
[2.491s] writing dependency_links to ../../build/lidar/lidar.egg-info/dependency_links.txt
[2.491s] writing entry points to ../../build/lidar/lidar.egg-info/entry_points.txt
[2.491s] writing requirements to ../../build/lidar/lidar.egg-info/requires.txt
[2.491s] writing top-level names to ../../build/lidar/lidar.egg-info/top_level.txt
[2.493s] reading manifest file '../../build/lidar/lidar.egg-info/SOURCES.txt'
[2.494s] writing manifest file '../../build/lidar/lidar.egg-info/SOURCES.txt'
[2.494s] running build
[2.494s] running build_py
[2.494s] copying lidar/pointcloud.py -> /home/molyo/EEL4842/eel4842_ws/build/lidar/build/lib/lidar
[2.494s] running install
[2.495s] running install_lib
[2.495s] copying /home/molyo/EEL4842/eel4842_ws/build/lidar/build/lib/lidar/pointcloud.py -> /home/molyo/EEL4842/eel4842_ws/install/lidar/lib/python3.10/site-packages/lidar
[2.496s] byte-compiling /home/molyo/EEL4842/eel4842_ws/install/lidar/lib/python3.10/site-packages/lidar/pointcloud.py to pointcloud.cpython-310.pyc
[2.497s] running install_data
[2.498s] running install_egg_info
[2.499s] removing '/home/molyo/EEL4842/eel4842_ws/install/lidar/lib/python3.10/site-packages/lidar-1.0-py3.10.egg-info' (and everything under it)
[2.500s] Copying ../../build/lidar/lidar.egg-info to /home/molyo/EEL4842/eel4842_ws/install/lidar/lib/python3.10/site-packages/lidar-1.0-py3.10.egg-info
[2.501s] running install_scripts
[2.525s] Installing lidar_pointcloud script to /home/molyo/EEL4842/eel4842_ws/install/lidar/lib/wall_following
[2.525s] writing list of installed files to '/home/molyo/EEL4842/eel4842_ws/build/lidar/install.log'
[2.707s] Invoked command in '/home/molyo/EEL4842/eel4842_ws/src/lidar' returned '0': BYOBU_DATE=%Y-%m-%d PYTHONPATH=/home/molyo/EEL4842/eel4842_ws/build/lidar/prefix_override:/home/molyo/EEL4842/eel4842_ws/install/lidar/lib/python3.10/site-packages:${PYTHONPATH} /usr/bin/python3 setup.py egg_info --egg-base ../../build/lidar build --build-base /home/molyo/EEL4842/eel4842_ws/build/lidar/build install --record /home/molyo/EEL4842/eel4842_ws/build/lidar/install.log --single-version-externally-managed
