[4.261s] Invoking command in '/home/molyo/EEL4842/eel4842_ws/src/lidar': BYOBU_DATE=%Y-%m-%d PYTHONPATH=/home/molyo/EEL4842/eel4842_ws/build/lidar/prefix_override:/home/molyo/EEL4842/eel4842_ws/install/lidar/lib/python3.10/site-packages:${PYTHONPATH} /usr/bin/python3 setup.py egg_info --egg-base ../../build/lidar build --build-base /home/molyo/EEL4842/eel4842_ws/build/lidar/build install --record /home/molyo/EEL4842/eel4842_ws/build/lidar/install.log --single-version-externally-managed
[4.645s] running egg_info
[4.645s] writing ../../build/lidar/lidar.egg-info/PKG-INFO
[4.646s] writing dependency_links to ../../build/lidar/lidar.egg-info/dependency_links.txt
[4.646s] writing entry points to ../../build/lidar/lidar.egg-info/entry_points.txt
[4.646s] writing requirements to ../../build/lidar/lidar.egg-info/requires.txt
[4.646s] writing top-level names to ../../build/lidar/lidar.egg-info/top_level.txt
[4.648s] reading manifest file '../../build/lidar/lidar.egg-info/SOURCES.txt'
[4.649s] writing manifest file '../../build/lidar/lidar.egg-info/SOURCES.txt'
[4.650s] running build
[4.650s] running build_py
[4.650s] running install
[4.650s] running install_lib
[4.652s] running install_data
[4.652s] running install_egg_info
[4.654s] removing '/home/molyo/EEL4842/eel4842_ws/install/lidar/lib/python3.10/site-packages/lidar-1.0-py3.10.egg-info' (and everything under it)
[4.655s] Copying ../../build/lidar/lidar.egg-info to /home/molyo/EEL4842/eel4842_ws/install/lidar/lib/python3.10/site-packages/lidar-1.0-py3.10.egg-info
[4.656s] running install_scripts
[4.680s] Installing lidar_pointcloud script to /home/molyo/EEL4842/eel4842_ws/install/lidar/lib/lidar
[4.680s] writing list of installed files to '/home/molyo/EEL4842/eel4842_ws/build/lidar/install.log'
[4.847s] Invoked command in '/home/molyo/EEL4842/eel4842_ws/src/lidar' returned '0': BYOBU_DATE=%Y-%m-%d PYTHONPATH=/home/molyo/EEL4842/eel4842_ws/build/lidar/prefix_override:/home/molyo/EEL4842/eel4842_ws/install/lidar/lib/python3.10/site-packages:${PYTHONPATH} /usr/bin/python3 setup.py egg_info --egg-base ../../build/lidar build --build-base /home/molyo/EEL4842/eel4842_ws/build/lidar/build install --record /home/molyo/EEL4842/eel4842_ws/build/lidar/install.log --single-version-externally-managed
