[2.259s] Invoking command in '/home/molyo/EEL4842/eel4842_ws/src/lidar': BYOBU_DATE=%Y-%m-%d PYTHONPATH=/home/molyo/EEL4842/eel4842_ws/build/lidar/prefix_override:/home/molyo/EEL4842/eel4842_ws/install/lidar/lib/python3.10/site-packages:${PYTHONPATH} /usr/bin/python3 setup.py egg_info --egg-base ../../build/lidar build --build-base /home/molyo/EEL4842/eel4842_ws/build/lidar/build install --record /home/molyo/EEL4842/eel4842_ws/build/lidar/install.log --single-version-externally-managed
[2.583s] running egg_info
[2.584s] creating ../../build/lidar/lidar.egg-info
[2.584s] writing ../../build/lidar/lidar.egg-info/PKG-INFO
[2.584s] writing dependency_links to ../../build/lidar/lidar.egg-info/dependency_links.txt
[2.584s] writing entry points to ../../build/lidar/lidar.egg-info/entry_points.txt
[2.584s] writing requirements to ../../build/lidar/lidar.egg-info/requires.txt
[2.585s] writing top-level names to ../../build/lidar/lidar.egg-info/top_level.txt
[2.585s] writing manifest file '../../build/lidar/lidar.egg-info/SOURCES.txt'
[2.586s] reading manifest file '../../build/lidar/lidar.egg-info/SOURCES.txt'
[2.587s] writing manifest file '../../build/lidar/lidar.egg-info/SOURCES.txt'
[2.587s] running build
[2.587s] running build_py
[2.588s] creating /home/molyo/EEL4842/eel4842_ws/build/lidar/build
[2.588s] creating /home/molyo/EEL4842/eel4842_ws/build/lidar/build/lib
[2.588s] creating /home/molyo/EEL4842/eel4842_ws/build/lidar/build/lib/lidar
[2.588s] copying lidar/pointcloud.py -> /home/molyo/EEL4842/eel4842_ws/build/lidar/build/lib/lidar
[2.588s] copying lidar/__init__.py -> /home/molyo/EEL4842/eel4842_ws/build/lidar/build/lib/lidar
[2.588s] running install
[2.588s] running install_lib
[2.589s] creating /home/molyo/EEL4842/eel4842_ws/install/lidar/lib/python3.10/site-packages/lidar
[2.590s] copying /home/molyo/EEL4842/eel4842_ws/build/lidar/build/lib/lidar/pointcloud.py -> /home/molyo/EEL4842/eel4842_ws/install/lidar/lib/python3.10/site-packages/lidar
[2.590s] copying /home/molyo/EEL4842/eel4842_ws/build/lidar/build/lib/lidar/__init__.py -> /home/molyo/EEL4842/eel4842_ws/install/lidar/lib/python3.10/site-packages/lidar
[2.590s] byte-compiling /home/molyo/EEL4842/eel4842_ws/install/lidar/lib/python3.10/site-packages/lidar/pointcloud.py to pointcloud.cpython-310.pyc
[2.591s] byte-compiling /home/molyo/EEL4842/eel4842_ws/install/lidar/lib/python3.10/site-packages/lidar/__init__.py to __init__.cpython-310.pyc
[2.591s] running install_data
[2.592s] creating /home/molyo/EEL4842/eel4842_ws/install/lidar/share/ament_index
[2.592s] creating /home/molyo/EEL4842/eel4842_ws/install/lidar/share/ament_index/resource_index
[2.592s] creating /home/molyo/EEL4842/eel4842_ws/install/lidar/share/ament_index/resource_index/packages
[2.592s] copying resource/lidar -> /home/molyo/EEL4842/eel4842_ws/install/lidar/share/ament_index/resource_index/packages
[2.592s] copying package.xml -> /home/molyo/EEL4842/eel4842_ws/install/lidar/share/lidar
[2.592s] running install_egg_info
[2.594s] Copying ../../build/lidar/lidar.egg-info to /home/molyo/EEL4842/eel4842_ws/install/lidar/lib/python3.10/site-packages/lidar-1.0-py3.10.egg-info
[2.595s] running install_scripts
[2.618s] Installing lidar_pointcloud script to /home/molyo/EEL4842/eel4842_ws/install/lidar/lib/wall_following
[2.619s] writing list of installed files to '/home/molyo/EEL4842/eel4842_ws/build/lidar/install.log'
[2.736s] Invoked command in '/home/molyo/EEL4842/eel4842_ws/src/lidar' returned '0': BYOBU_DATE=%Y-%m-%d PYTHONPATH=/home/molyo/EEL4842/eel4842_ws/build/lidar/prefix_override:/home/molyo/EEL4842/eel4842_ws/install/lidar/lib/python3.10/site-packages:${PYTHONPATH} /usr/bin/python3 setup.py egg_info --egg-base ../../build/lidar build --build-base /home/molyo/EEL4842/eel4842_ws/build/lidar/build install --record /home/molyo/EEL4842/eel4842_ws/build/lidar/install.log --single-version-externally-managed
